{"C:\\Users\\ferna\\Documents\\uno\\src\\app.js": {"path":"C:\\Users\\ferna\\Documents\\uno\\src\\app.js","statementMap":{"0":{"start":{"line":1,"column":16},"end":{"line":1,"column":34}},"1":{"start":{"line":2,"column":0},"end":{"line":2,"column":36}},"2":{"start":{"line":3,"column":15},"end":{"line":3,"column":41}},"3":{"start":{"line":4,"column":24},"end":{"line":4,"column":67}},"4":{"start":{"line":6,"column":12},"end":{"line":6,"column":21}},"5":{"start":{"line":8,"column":0},"end":{"line":8,"column":24}},"6":{"start":{"line":9,"column":0},"end":{"line":9,"column":24}},"7":{"start":{"line":10,"column":0},"end":{"line":10,"column":25}},"8":{"start":{"line":12,"column":0},"end":{"line":12,"column":21}}},"fnMap":{},"branchMap":{},"s":{"0":3,"1":3,"2":3,"3":3,"4":3,"5":3,"6":3,"7":3,"8":3},"f":{},"b":{},"_coverageSchema":"1a1c01bbd47fc00a2c39e90264f33305004495a9","hash":"31d62f1d685cfd85a281adb4be82e8f2a32a0575"}
,"C:\\Users\\ferna\\Documents\\uno\\src\\database.js": {"path":"C:\\Users\\ferna\\Documents\\uno\\src\\database.js","statementMap":{"0":{"start":{"line":1,"column":22},"end":{"line":1,"column":42}},"1":{"start":{"line":3,"column":15},"end":{"line":3,"column":46}},"2":{"start":{"line":5,"column":18},"end":{"line":9,"column":2}},"3":{"start":{"line":11,"column":0},"end":{"line":11,"column":27}}},"fnMap":{},"branchMap":{"0":{"loc":{"start":{"line":7,"column":11},"end":{"line":7,"column":52}},"type":"cond-expr","locations":[{"start":{"line":7,"column":20},"end":{"line":7,"column":30}},{"start":{"line":7,"column":33},"end":{"line":7,"column":52}}],"line":7}},"s":{"0":25,"1":25,"2":25,"3":25},"f":{},"b":{"0":[25,0]},"_coverageSchema":"1a1c01bbd47fc00a2c39e90264f33305004495a9","hash":"5cac7ba57193cdab115e88214a758aefc33ae213"}
,"C:\\Users\\ferna\\Documents\\uno\\src\\controllers\\AuthController.js": {"path":"C:\\Users\\ferna\\Documents\\uno\\src\\controllers\\AuthController.js","statementMap":{"0":{"start":{"line":2,"column":20},"end":{"line":2,"column":54}},"1":{"start":{"line":6,"column":4},"end":{"line":12,"column":5}},"2":{"start":{"line":7,"column":20},"end":{"line":7,"column":59}},"3":{"start":{"line":8,"column":21},"end":{"line":8,"column":52}},"4":{"start":{"line":9,"column":6},"end":{"line":9,"column":42}},"5":{"start":{"line":11,"column":6},"end":{"line":11,"column":18}},"6":{"start":{"line":16,"column":0},"end":{"line":16,"column":38}}},"fnMap":{"0":{"name":"(anonymous_0)","decl":{"start":{"line":5,"column":2},"end":{"line":5,"column":3}},"loc":{"start":{"line":5,"column":31},"end":{"line":13,"column":3}},"line":5}},"branchMap":{},"s":{"0":3,"1":0,"2":0,"3":0,"4":0,"5":0,"6":3},"f":{"0":0},"b":{},"_coverageSchema":"1a1c01bbd47fc00a2c39e90264f33305004495a9","hash":"c9c7301b2f7f95d8b8197b55b55accced8b16802"}
,"C:\\Users\\ferna\\Documents\\uno\\src\\controllers\\CardController.js": {"path":"C:\\Users\\ferna\\Documents\\uno\\src\\controllers\\CardController.js","statementMap":{"0":{"start":{"line":1,"column":20},"end":{"line":1,"column":54}},"1":{"start":{"line":5,"column":8},"end":{"line":10,"column":9}},"2":{"start":{"line":6,"column":25},"end":{"line":6,"column":59}},"3":{"start":{"line":7,"column":12},"end":{"line":7,"column":46}},"4":{"start":{"line":9,"column":12},"end":{"line":9,"column":24}},"5":{"start":{"line":14,"column":8},"end":{"line":19,"column":9}},"6":{"start":{"line":15,"column":26},"end":{"line":15,"column":53}},"7":{"start":{"line":16,"column":12},"end":{"line":16,"column":47}},"8":{"start":{"line":18,"column":12},"end":{"line":18,"column":24}},"9":{"start":{"line":23,"column":8},"end":{"line":33,"column":9}},"10":{"start":{"line":24,"column":25},"end":{"line":24,"column":66}},"11":{"start":{"line":26,"column":12},"end":{"line":28,"column":13}},"12":{"start":{"line":27,"column":16},"end":{"line":27,"column":73}},"13":{"start":{"line":30,"column":12},"end":{"line":30,"column":46}},"14":{"start":{"line":32,"column":12},"end":{"line":32,"column":24}},"15":{"start":{"line":37,"column":8},"end":{"line":49,"column":9}},"16":{"start":{"line":38,"column":29},"end":{"line":38,"column":40}},"17":{"start":{"line":39,"column":31},"end":{"line":39,"column":44}},"18":{"start":{"line":41,"column":25},"end":{"line":41,"column":66}},"19":{"start":{"line":43,"column":12},"end":{"line":46,"column":15}},"20":{"start":{"line":48,"column":12},"end":{"line":48,"column":24}},"21":{"start":{"line":53,"column":8},"end":{"line":66,"column":9}},"22":{"start":{"line":54,"column":32},"end":{"line":57,"column":13}},"23":{"start":{"line":59,"column":12},"end":{"line":61,"column":13}},"24":{"start":{"line":60,"column":16},"end":{"line":60,"column":73}},"25":{"start":{"line":63,"column":12},"end":{"line":63,"column":53}},"26":{"start":{"line":65,"column":12},"end":{"line":65,"column":24}},"27":{"start":{"line":70,"column":8},"end":{"line":80,"column":9}},"28":{"start":{"line":71,"column":28},"end":{"line":71,"column":67}},"29":{"start":{"line":73,"column":12},"end":{"line":75,"column":13}},"30":{"start":{"line":74,"column":16},"end":{"line":74,"column":73}},"31":{"start":{"line":77,"column":12},"end":{"line":77,"column":42}},"32":{"start":{"line":79,"column":12},"end":{"line":79,"column":24}},"33":{"start":{"line":84,"column":0},"end":{"line":84,"column":38}}},"fnMap":{"0":{"name":"(anonymous_0)","decl":{"start":{"line":4,"column":4},"end":{"line":4,"column":5}},"loc":{"start":{"line":4,"column":33},"end":{"line":11,"column":5}},"line":4},"1":{"name":"(anonymous_1)","decl":{"start":{"line":13,"column":4},"end":{"line":13,"column":5}},"loc":{"start":{"line":13,"column":34},"end":{"line":20,"column":5}},"line":13},"2":{"name":"(anonymous_2)","decl":{"start":{"line":22,"column":4},"end":{"line":22,"column":5}},"loc":{"start":{"line":22,"column":34},"end":{"line":34,"column":5}},"line":22},"3":{"name":"(anonymous_3)","decl":{"start":{"line":36,"column":4},"end":{"line":36,"column":5}},"loc":{"start":{"line":36,"column":37},"end":{"line":50,"column":5}},"line":36},"4":{"name":"(anonymous_4)","decl":{"start":{"line":52,"column":4},"end":{"line":52,"column":5}},"loc":{"start":{"line":52,"column":33},"end":{"line":67,"column":5}},"line":52},"5":{"name":"(anonymous_5)","decl":{"start":{"line":69,"column":4},"end":{"line":69,"column":5}},"loc":{"start":{"line":69,"column":33},"end":{"line":81,"column":5}},"line":69}},"branchMap":{"0":{"loc":{"start":{"line":26,"column":12},"end":{"line":28,"column":13}},"type":"if","locations":[{"start":{"line":26,"column":12},"end":{"line":28,"column":13}},{"start":{},"end":{}}],"line":26},"1":{"loc":{"start":{"line":59,"column":12},"end":{"line":61,"column":13}},"type":"if","locations":[{"start":{"line":59,"column":12},"end":{"line":61,"column":13}},{"start":{},"end":{}}],"line":59},"2":{"loc":{"start":{"line":73,"column":12},"end":{"line":75,"column":13}},"type":"if","locations":[{"start":{"line":73,"column":12},"end":{"line":75,"column":13}},{"start":{},"end":{}}],"line":73}},"s":{"0":5,"1":2,"2":2,"3":1,"4":1,"5":2,"6":2,"7":1,"8":1,"9":3,"10":3,"11":2,"12":1,"13":1,"14":1,"15":1,"16":1,"17":1,"18":1,"19":1,"20":0,"21":3,"22":3,"23":2,"24":1,"25":1,"26":1,"27":3,"28":3,"29":2,"30":1,"31":1,"32":1,"33":5},"f":{"0":2,"1":2,"2":3,"3":1,"4":3,"5":3},"b":{"0":[1,1],"1":[1,1],"2":[1,1]},"_coverageSchema":"1a1c01bbd47fc00a2c39e90264f33305004495a9","hash":"6dbf1ea935c6d5c12f872b0ad159ee8b39c2a7be"}
,"C:\\Users\\ferna\\Documents\\uno\\src\\controllers\\GameController.js": {"path":"C:\\Users\\ferna\\Documents\\uno\\src\\controllers\\GameController.js","statementMap":{"0":{"start":{"line":1,"column":20},"end":{"line":1,"column":54}},"1":{"start":{"line":5,"column":8},"end":{"line":18,"column":9}},"2":{"start":{"line":6,"column":30},"end":{"line":6,"column":40}},"3":{"start":{"line":8,"column":12},"end":{"line":12,"column":13}},"4":{"start":{"line":9,"column":16},"end":{"line":11,"column":19}},"5":{"start":{"line":14,"column":25},"end":{"line":14,"column":70}},"6":{"start":{"line":15,"column":12},"end":{"line":15,"column":46}},"7":{"start":{"line":17,"column":12},"end":{"line":17,"column":24}},"8":{"start":{"line":22,"column":8},"end":{"line":27,"column":9}},"9":{"start":{"line":23,"column":26},"end":{"line":23,"column":53}},"10":{"start":{"line":24,"column":12},"end":{"line":24,"column":47}},"11":{"start":{"line":26,"column":12},"end":{"line":26,"column":24}},"12":{"start":{"line":31,"column":8},"end":{"line":41,"column":9}},"13":{"start":{"line":32,"column":25},"end":{"line":32,"column":66}},"14":{"start":{"line":34,"column":12},"end":{"line":36,"column":13}},"15":{"start":{"line":35,"column":16},"end":{"line":35,"column":73}},"16":{"start":{"line":38,"column":12},"end":{"line":38,"column":46}},"17":{"start":{"line":40,"column":12},"end":{"line":40,"column":24}},"18":{"start":{"line":45,"column":8},"end":{"line":64,"column":9}},"19":{"start":{"line":46,"column":27},"end":{"line":46,"column":40}},"20":{"start":{"line":47,"column":29},"end":{"line":47,"column":60}},"21":{"start":{"line":49,"column":12},"end":{"line":53,"column":13}},"22":{"start":{"line":50,"column":16},"end":{"line":52,"column":19}},"23":{"start":{"line":55,"column":30},"end":{"line":55,"column":82}},"24":{"start":{"line":57,"column":12},"end":{"line":59,"column":13}},"25":{"start":{"line":58,"column":16},"end":{"line":58,"column":55}},"26":{"start":{"line":61,"column":12},"end":{"line":61,"column":51}},"27":{"start":{"line":63,"column":12},"end":{"line":63,"column":24}},"28":{"start":{"line":68,"column":8},"end":{"line":87,"column":9}},"29":{"start":{"line":69,"column":27},"end":{"line":69,"column":40}},"30":{"start":{"line":70,"column":29},"end":{"line":70,"column":60}},"31":{"start":{"line":72,"column":12},"end":{"line":76,"column":13}},"32":{"start":{"line":73,"column":16},"end":{"line":75,"column":19}},"33":{"start":{"line":78,"column":30},"end":{"line":78,"column":78}},"34":{"start":{"line":80,"column":12},"end":{"line":82,"column":13}},"35":{"start":{"line":81,"column":16},"end":{"line":81,"column":55}},"36":{"start":{"line":84,"column":12},"end":{"line":84,"column":51}},"37":{"start":{"line":86,"column":12},"end":{"line":86,"column":24}},"38":{"start":{"line":91,"column":8},"end":{"line":110,"column":9}},"39":{"start":{"line":92,"column":27},"end":{"line":92,"column":40}},"40":{"start":{"line":93,"column":27},"end":{"line":93,"column":56}},"41":{"start":{"line":95,"column":12},"end":{"line":99,"column":13}},"42":{"start":{"line":96,"column":16},"end":{"line":98,"column":19}},"43":{"start":{"line":101,"column":30},"end":{"line":101,"column":75}},"44":{"start":{"line":103,"column":12},"end":{"line":105,"column":13}},"45":{"start":{"line":104,"column":16},"end":{"line":104,"column":55}},"46":{"start":{"line":107,"column":12},"end":{"line":107,"column":51}},"47":{"start":{"line":109,"column":12},"end":{"line":109,"column":24}},"48":{"start":{"line":114,"column":8},"end":{"line":133,"column":9}},"49":{"start":{"line":115,"column":27},"end":{"line":115,"column":40}},"50":{"start":{"line":116,"column":27},"end":{"line":116,"column":56}},"51":{"start":{"line":118,"column":12},"end":{"line":122,"column":13}},"52":{"start":{"line":119,"column":16},"end":{"line":121,"column":19}},"53":{"start":{"line":124,"column":30},"end":{"line":124,"column":77}},"54":{"start":{"line":126,"column":12},"end":{"line":128,"column":13}},"55":{"start":{"line":127,"column":16},"end":{"line":127,"column":55}},"56":{"start":{"line":130,"column":12},"end":{"line":130,"column":51}},"57":{"start":{"line":132,"column":12},"end":{"line":132,"column":24}},"58":{"start":{"line":137,"column":8},"end":{"line":147,"column":9}},"59":{"start":{"line":138,"column":27},"end":{"line":138,"column":37}},"60":{"start":{"line":140,"column":31},"end":{"line":140,"column":66}},"61":{"start":{"line":142,"column":12},"end":{"line":142,"column":52}},"62":{"start":{"line":144,"column":12},"end":{"line":146,"column":15}},"63":{"start":{"line":151,"column":8},"end":{"line":161,"column":9}},"64":{"start":{"line":152,"column":32},"end":{"line":152,"column":81}},"65":{"start":{"line":154,"column":12},"end":{"line":156,"column":13}},"66":{"start":{"line":155,"column":16},"end":{"line":155,"column":73}},"67":{"start":{"line":158,"column":12},"end":{"line":158,"column":53}},"68":{"start":{"line":160,"column":12},"end":{"line":160,"column":24}},"69":{"start":{"line":165,"column":8},"end":{"line":175,"column":9}},"70":{"start":{"line":166,"column":28},"end":{"line":166,"column":67}},"71":{"start":{"line":168,"column":12},"end":{"line":170,"column":13}},"72":{"start":{"line":169,"column":16},"end":{"line":169,"column":73}},"73":{"start":{"line":172,"column":12},"end":{"line":172,"column":42}},"74":{"start":{"line":174,"column":12},"end":{"line":174,"column":24}},"75":{"start":{"line":179,"column":0},"end":{"line":179,"column":38}}},"fnMap":{"0":{"name":"(anonymous_0)","decl":{"start":{"line":4,"column":4},"end":{"line":4,"column":5}},"loc":{"start":{"line":4,"column":33},"end":{"line":19,"column":5}},"line":4},"1":{"name":"(anonymous_1)","decl":{"start":{"line":21,"column":4},"end":{"line":21,"column":5}},"loc":{"start":{"line":21,"column":34},"end":{"line":28,"column":5}},"line":21},"2":{"name":"(anonymous_2)","decl":{"start":{"line":30,"column":4},"end":{"line":30,"column":5}},"loc":{"start":{"line":30,"column":34},"end":{"line":42,"column":5}},"line":30},"3":{"name":"(anonymous_3)","decl":{"start":{"line":44,"column":4},"end":{"line":44,"column":5}},"loc":{"start":{"line":44,"column":43},"end":{"line":65,"column":5}},"line":44},"4":{"name":"(anonymous_4)","decl":{"start":{"line":67,"column":4},"end":{"line":67,"column":5}},"loc":{"start":{"line":67,"column":39},"end":{"line":88,"column":5}},"line":67},"5":{"name":"(anonymous_5)","decl":{"start":{"line":90,"column":4},"end":{"line":90,"column":5}},"loc":{"start":{"line":90,"column":38},"end":{"line":111,"column":5}},"line":90},"6":{"name":"(anonymous_6)","decl":{"start":{"line":113,"column":4},"end":{"line":113,"column":5}},"loc":{"start":{"line":113,"column":40},"end":{"line":134,"column":5}},"line":113},"7":{"name":"(anonymous_7)","decl":{"start":{"line":136,"column":4},"end":{"line":136,"column":5}},"loc":{"start":{"line":136,"column":30},"end":{"line":148,"column":5}},"line":136},"8":{"name":"(anonymous_8)","decl":{"start":{"line":150,"column":4},"end":{"line":150,"column":5}},"loc":{"start":{"line":150,"column":33},"end":{"line":162,"column":5}},"line":150},"9":{"name":"(anonymous_9)","decl":{"start":{"line":164,"column":4},"end":{"line":164,"column":5}},"loc":{"start":{"line":164,"column":33},"end":{"line":176,"column":5}},"line":164}},"branchMap":{"0":{"loc":{"start":{"line":8,"column":12},"end":{"line":12,"column":13}},"type":"if","locations":[{"start":{"line":8,"column":12},"end":{"line":12,"column":13}},{"start":{},"end":{}}],"line":8},"1":{"loc":{"start":{"line":34,"column":12},"end":{"line":36,"column":13}},"type":"if","locations":[{"start":{"line":34,"column":12},"end":{"line":36,"column":13}},{"start":{},"end":{}}],"line":34},"2":{"loc":{"start":{"line":47,"column":29},"end":{"line":47,"column":60}},"type":"binary-expr","locations":[{"start":{"line":47,"column":29},"end":{"line":47,"column":39}},{"start":{"line":47,"column":43},"end":{"line":47,"column":60}}],"line":47},"3":{"loc":{"start":{"line":49,"column":12},"end":{"line":53,"column":13}},"type":"if","locations":[{"start":{"line":49,"column":12},"end":{"line":53,"column":13}},{"start":{},"end":{}}],"line":49},"4":{"loc":{"start":{"line":57,"column":12},"end":{"line":59,"column":13}},"type":"if","locations":[{"start":{"line":57,"column":12},"end":{"line":59,"column":13}},{"start":{},"end":{}}],"line":57},"5":{"loc":{"start":{"line":70,"column":29},"end":{"line":70,"column":60}},"type":"binary-expr","locations":[{"start":{"line":70,"column":29},"end":{"line":70,"column":39}},{"start":{"line":70,"column":43},"end":{"line":70,"column":60}}],"line":70},"6":{"loc":{"start":{"line":72,"column":12},"end":{"line":76,"column":13}},"type":"if","locations":[{"start":{"line":72,"column":12},"end":{"line":76,"column":13}},{"start":{},"end":{}}],"line":72},"7":{"loc":{"start":{"line":80,"column":12},"end":{"line":82,"column":13}},"type":"if","locations":[{"start":{"line":80,"column":12},"end":{"line":82,"column":13}},{"start":{},"end":{}}],"line":80},"8":{"loc":{"start":{"line":93,"column":27},"end":{"line":93,"column":56}},"type":"binary-expr","locations":[{"start":{"line":93,"column":27},"end":{"line":93,"column":37}},{"start":{"line":93,"column":41},"end":{"line":93,"column":56}}],"line":93},"9":{"loc":{"start":{"line":95,"column":12},"end":{"line":99,"column":13}},"type":"if","locations":[{"start":{"line":95,"column":12},"end":{"line":99,"column":13}},{"start":{},"end":{}}],"line":95},"10":{"loc":{"start":{"line":103,"column":12},"end":{"line":105,"column":13}},"type":"if","locations":[{"start":{"line":103,"column":12},"end":{"line":105,"column":13}},{"start":{},"end":{}}],"line":103},"11":{"loc":{"start":{"line":116,"column":27},"end":{"line":116,"column":56}},"type":"binary-expr","locations":[{"start":{"line":116,"column":27},"end":{"line":116,"column":37}},{"start":{"line":116,"column":41},"end":{"line":116,"column":56}}],"line":116},"12":{"loc":{"start":{"line":118,"column":12},"end":{"line":122,"column":13}},"type":"if","locations":[{"start":{"line":118,"column":12},"end":{"line":122,"column":13}},{"start":{},"end":{}}],"line":118},"13":{"loc":{"start":{"line":126,"column":12},"end":{"line":128,"column":13}},"type":"if","locations":[{"start":{"line":126,"column":12},"end":{"line":128,"column":13}},{"start":{},"end":{}}],"line":126},"14":{"loc":{"start":{"line":154,"column":12},"end":{"line":156,"column":13}},"type":"if","locations":[{"start":{"line":154,"column":12},"end":{"line":156,"column":13}},{"start":{},"end":{}}],"line":154},"15":{"loc":{"start":{"line":168,"column":12},"end":{"line":170,"column":13}},"type":"if","locations":[{"start":{"line":168,"column":12},"end":{"line":170,"column":13}},{"start":{},"end":{}}],"line":168}},"s":{"0":5,"1":6,"2":6,"3":6,"4":1,"5":5,"6":5,"7":0,"8":1,"9":1,"10":1,"11":0,"12":2,"13":2,"14":2,"15":1,"16":1,"17":0,"18":5,"19":5,"20":5,"21":5,"22":1,"23":4,"24":4,"25":1,"26":3,"27":0,"28":4,"29":4,"30":4,"31":4,"32":1,"33":3,"34":3,"35":1,"36":2,"37":0,"38":3,"39":3,"40":3,"41":3,"42":1,"43":2,"44":2,"45":1,"46":1,"47":0,"48":3,"49":3,"50":3,"51":3,"52":1,"53":2,"54":2,"55":1,"56":1,"57":0,"58":1,"59":1,"60":1,"61":1,"62":0,"63":2,"64":2,"65":2,"66":1,"67":1,"68":0,"69":2,"70":2,"71":2,"72":1,"73":1,"74":0,"75":5},"f":{"0":6,"1":1,"2":2,"3":5,"4":4,"5":3,"6":3,"7":1,"8":2,"9":2},"b":{"0":[1,5],"1":[1,1],"2":[5,1],"3":[1,4],"4":[1,3],"5":[4,1],"6":[1,3],"7":[1,2],"8":[3,1],"9":[1,2],"10":[1,1],"11":[3,1],"12":[1,2],"13":[1,1],"14":[1,1],"15":[1,1]},"_coverageSchema":"1a1c01bbd47fc00a2c39e90264f33305004495a9","hash":"feb0959c1f48f6eba349cbfc3a33d0052f9dce88"}
,"C:\\Users\\ferna\\Documents\\uno\\src\\controllers\\ScoreController.js": {"path":"C:\\Users\\ferna\\Documents\\uno\\src\\controllers\\ScoreController.js","statementMap":{"0":{"start":{"line":1,"column":21},"end":{"line":1,"column":56}},"1":{"start":{"line":5,"column":8},"end":{"line":13,"column":9}},"2":{"start":{"line":6,"column":26},"end":{"line":6,"column":61}},"3":{"start":{"line":7,"column":12},"end":{"line":7,"column":40}},"4":{"start":{"line":9,"column":12},"end":{"line":11,"column":13}},"5":{"start":{"line":10,"column":16},"end":{"line":10,"column":70}},"6":{"start":{"line":12,"column":12},"end":{"line":12,"column":24}},"7":{"start":{"line":17,"column":8},"end":{"line":22,"column":9}},"8":{"start":{"line":18,"column":27},"end":{"line":18,"column":55}},"9":{"start":{"line":19,"column":12},"end":{"line":19,"column":41}},"10":{"start":{"line":21,"column":12},"end":{"line":21,"column":24}},"11":{"start":{"line":26,"column":8},"end":{"line":34,"column":9}},"12":{"start":{"line":27,"column":26},"end":{"line":27,"column":68}},"13":{"start":{"line":28,"column":12},"end":{"line":30,"column":13}},"14":{"start":{"line":29,"column":16},"end":{"line":29,"column":74}},"15":{"start":{"line":31,"column":12},"end":{"line":31,"column":40}},"16":{"start":{"line":33,"column":12},"end":{"line":33,"column":24}},"17":{"start":{"line":41,"column":8},"end":{"line":46,"column":9}},"18":{"start":{"line":42,"column":28},"end":{"line":42,"column":66}},"19":{"start":{"line":43,"column":12},"end":{"line":43,"column":42}},"20":{"start":{"line":45,"column":12},"end":{"line":45,"column":24}},"21":{"start":{"line":53,"column":8},"end":{"line":58,"column":9}},"22":{"start":{"line":54,"column":26},"end":{"line":54,"column":57}},"23":{"start":{"line":55,"column":12},"end":{"line":55,"column":40}},"24":{"start":{"line":57,"column":12},"end":{"line":57,"column":24}},"25":{"start":{"line":65,"column":8},"end":{"line":71,"column":9}},"26":{"start":{"line":66,"column":29},"end":{"line":66,"column":58}},"27":{"start":{"line":67,"column":26},"end":{"line":67,"column":79}},"28":{"start":{"line":68,"column":12},"end":{"line":68,"column":40}},"29":{"start":{"line":70,"column":12},"end":{"line":70,"column":24}},"30":{"start":{"line":75,"column":8},"end":{"line":83,"column":9}},"31":{"start":{"line":76,"column":33},"end":{"line":76,"column":83}},"32":{"start":{"line":77,"column":12},"end":{"line":79,"column":13}},"33":{"start":{"line":78,"column":16},"end":{"line":78,"column":74}},"34":{"start":{"line":80,"column":12},"end":{"line":80,"column":47}},"35":{"start":{"line":82,"column":12},"end":{"line":82,"column":24}},"36":{"start":{"line":87,"column":8},"end":{"line":95,"column":9}},"37":{"start":{"line":88,"column":28},"end":{"line":88,"column":68}},"38":{"start":{"line":89,"column":12},"end":{"line":91,"column":13}},"39":{"start":{"line":90,"column":16},"end":{"line":90,"column":74}},"40":{"start":{"line":92,"column":12},"end":{"line":92,"column":35}},"41":{"start":{"line":94,"column":12},"end":{"line":94,"column":24}},"42":{"start":{"line":99,"column":0},"end":{"line":99,"column":39}}},"fnMap":{"0":{"name":"(anonymous_0)","decl":{"start":{"line":4,"column":4},"end":{"line":4,"column":5}},"loc":{"start":{"line":4,"column":33},"end":{"line":14,"column":5}},"line":4},"1":{"name":"(anonymous_1)","decl":{"start":{"line":16,"column":4},"end":{"line":16,"column":5}},"loc":{"start":{"line":16,"column":34},"end":{"line":23,"column":5}},"line":16},"2":{"name":"(anonymous_2)","decl":{"start":{"line":25,"column":4},"end":{"line":25,"column":5}},"loc":{"start":{"line":25,"column":34},"end":{"line":35,"column":5}},"line":25},"3":{"name":"(anonymous_3)","decl":{"start":{"line":40,"column":4},"end":{"line":40,"column":5}},"loc":{"start":{"line":40,"column":39},"end":{"line":47,"column":5}},"line":40},"4":{"name":"(anonymous_4)","decl":{"start":{"line":52,"column":4},"end":{"line":52,"column":5}},"loc":{"start":{"line":52,"column":37},"end":{"line":59,"column":5}},"line":52},"5":{"name":"(anonymous_5)","decl":{"start":{"line":64,"column":4},"end":{"line":64,"column":5}},"loc":{"start":{"line":64,"column":51},"end":{"line":72,"column":5}},"line":64},"6":{"name":"(anonymous_6)","decl":{"start":{"line":74,"column":4},"end":{"line":74,"column":5}},"loc":{"start":{"line":74,"column":33},"end":{"line":84,"column":5}},"line":74},"7":{"name":"(anonymous_7)","decl":{"start":{"line":86,"column":4},"end":{"line":86,"column":5}},"loc":{"start":{"line":86,"column":33},"end":{"line":96,"column":5}},"line":86}},"branchMap":{"0":{"loc":{"start":{"line":9,"column":12},"end":{"line":11,"column":13}},"type":"if","locations":[{"start":{"line":9,"column":12},"end":{"line":11,"column":13}},{"start":{},"end":{}}],"line":9},"1":{"loc":{"start":{"line":28,"column":12},"end":{"line":30,"column":13}},"type":"if","locations":[{"start":{"line":28,"column":12},"end":{"line":30,"column":13}},{"start":{},"end":{}}],"line":28},"2":{"loc":{"start":{"line":77,"column":12},"end":{"line":79,"column":13}},"type":"if","locations":[{"start":{"line":77,"column":12},"end":{"line":79,"column":13}},{"start":{},"end":{}}],"line":77},"3":{"loc":{"start":{"line":89,"column":12},"end":{"line":91,"column":13}},"type":"if","locations":[{"start":{"line":89,"column":12},"end":{"line":91,"column":13}},{"start":{},"end":{}}],"line":89}},"s":{"0":4,"1":3,"2":3,"3":1,"4":2,"5":1,"6":1,"7":1,"8":1,"9":1,"10":0,"11":2,"12":2,"13":2,"14":1,"15":1,"16":0,"17":1,"18":1,"19":1,"20":0,"21":1,"22":1,"23":1,"24":0,"25":1,"26":1,"27":1,"28":1,"29":0,"30":2,"31":2,"32":2,"33":1,"34":1,"35":0,"36":2,"37":2,"38":2,"39":1,"40":1,"41":0,"42":4},"f":{"0":3,"1":1,"2":2,"3":1,"4":1,"5":1,"6":2,"7":2},"b":{"0":[1,1],"1":[1,1],"2":[1,1],"3":[1,1]},"_coverageSchema":"1a1c01bbd47fc00a2c39e90264f33305004495a9","hash":"856b4b5759c61a6bd0ca34bd60583ddeab45b981"}
,"C:\\Users\\ferna\\Documents\\uno\\src\\controllers\\UserController.js": {"path":"C:\\Users\\ferna\\Documents\\uno\\src\\controllers\\UserController.js","statementMap":{"0":{"start":{"line":1,"column":20},"end":{"line":1,"column":57}},"1":{"start":{"line":5,"column":8},"end":{"line":15,"column":9}},"2":{"start":{"line":6,"column":27},"end":{"line":6,"column":61}},"3":{"start":{"line":8,"column":12},"end":{"line":10,"column":13}},"4":{"start":{"line":9,"column":16},"end":{"line":9,"column":52}},"5":{"start":{"line":12,"column":12},"end":{"line":12,"column":41}},"6":{"start":{"line":14,"column":12},"end":{"line":14,"column":24}},"7":{"start":{"line":19,"column":8},"end":{"line":27,"column":9}},"8":{"start":{"line":20,"column":25},"end":{"line":20,"column":66}},"9":{"start":{"line":21,"column":12},"end":{"line":23,"column":13}},"10":{"start":{"line":22,"column":16},"end":{"line":22,"column":73}},"11":{"start":{"line":24,"column":12},"end":{"line":24,"column":46}},"12":{"start":{"line":26,"column":12},"end":{"line":26,"column":24}},"13":{"start":{"line":31,"column":8},"end":{"line":39,"column":9}},"14":{"start":{"line":32,"column":32},"end":{"line":32,"column":81}},"15":{"start":{"line":33,"column":12},"end":{"line":35,"column":13}},"16":{"start":{"line":34,"column":16},"end":{"line":34,"column":75}},"17":{"start":{"line":36,"column":12},"end":{"line":36,"column":53}},"18":{"start":{"line":38,"column":12},"end":{"line":38,"column":24}},"19":{"start":{"line":43,"column":8},"end":{"line":48,"column":9}},"20":{"start":{"line":44,"column":26},"end":{"line":44,"column":53}},"21":{"start":{"line":45,"column":12},"end":{"line":45,"column":47}},"22":{"start":{"line":47,"column":12},"end":{"line":47,"column":24}},"23":{"start":{"line":52,"column":8},"end":{"line":60,"column":9}},"24":{"start":{"line":53,"column":28},"end":{"line":53,"column":67}},"25":{"start":{"line":54,"column":12},"end":{"line":56,"column":13}},"26":{"start":{"line":55,"column":16},"end":{"line":55,"column":73}},"27":{"start":{"line":57,"column":12},"end":{"line":57,"column":42}},"28":{"start":{"line":59,"column":12},"end":{"line":59,"column":24}},"29":{"start":{"line":64,"column":8},"end":{"line":70,"column":9}},"30":{"start":{"line":65,"column":40},"end":{"line":65,"column":48}},"31":{"start":{"line":66,"column":40},"end":{"line":66,"column":80}},"32":{"start":{"line":67,"column":12},"end":{"line":67,"column":49}},"33":{"start":{"line":69,"column":12},"end":{"line":69,"column":24}},"34":{"start":{"line":74,"column":8},"end":{"line":84,"column":9}},"35":{"start":{"line":75,"column":25},"end":{"line":75,"column":63}},"36":{"start":{"line":77,"column":12},"end":{"line":79,"column":13}},"37":{"start":{"line":78,"column":12},"end":{"line":78,"column":77}},"38":{"start":{"line":81,"column":12},"end":{"line":81,"column":34}},"39":{"start":{"line":83,"column":12},"end":{"line":83,"column":21}},"40":{"start":{"line":89,"column":0},"end":{"line":89,"column":38}}},"fnMap":{"0":{"name":"(anonymous_0)","decl":{"start":{"line":4,"column":4},"end":{"line":4,"column":5}},"loc":{"start":{"line":4,"column":33},"end":{"line":16,"column":5}},"line":4},"1":{"name":"(anonymous_1)","decl":{"start":{"line":18,"column":4},"end":{"line":18,"column":5}},"loc":{"start":{"line":18,"column":34},"end":{"line":28,"column":5}},"line":18},"2":{"name":"(anonymous_2)","decl":{"start":{"line":30,"column":4},"end":{"line":30,"column":5}},"loc":{"start":{"line":30,"column":33},"end":{"line":40,"column":5}},"line":30},"3":{"name":"(anonymous_3)","decl":{"start":{"line":42,"column":4},"end":{"line":42,"column":5}},"loc":{"start":{"line":42,"column":34},"end":{"line":49,"column":5}},"line":42},"4":{"name":"(anonymous_4)","decl":{"start":{"line":51,"column":4},"end":{"line":51,"column":5}},"loc":{"start":{"line":51,"column":33},"end":{"line":61,"column":5}},"line":51},"5":{"name":"(anonymous_5)","decl":{"start":{"line":63,"column":4},"end":{"line":63,"column":5}},"loc":{"start":{"line":63,"column":32},"end":{"line":71,"column":5}},"line":63},"6":{"name":"(anonymous_6)","decl":{"start":{"line":73,"column":4},"end":{"line":73,"column":5}},"loc":{"start":{"line":73,"column":33},"end":{"line":86,"column":5}},"line":73}},"branchMap":{"0":{"loc":{"start":{"line":8,"column":12},"end":{"line":10,"column":13}},"type":"if","locations":[{"start":{"line":8,"column":12},"end":{"line":10,"column":13}},{"start":{},"end":{}}],"line":8},"1":{"loc":{"start":{"line":21,"column":12},"end":{"line":23,"column":13}},"type":"if","locations":[{"start":{"line":21,"column":12},"end":{"line":23,"column":13}},{"start":{},"end":{}}],"line":21},"2":{"loc":{"start":{"line":33,"column":12},"end":{"line":35,"column":13}},"type":"if","locations":[{"start":{"line":33,"column":12},"end":{"line":35,"column":13}},{"start":{},"end":{}}],"line":33},"3":{"loc":{"start":{"line":54,"column":12},"end":{"line":56,"column":13}},"type":"if","locations":[{"start":{"line":54,"column":12},"end":{"line":56,"column":13}},{"start":{},"end":{}}],"line":54},"4":{"loc":{"start":{"line":77,"column":12},"end":{"line":79,"column":13}},"type":"if","locations":[{"start":{"line":77,"column":12},"end":{"line":79,"column":13}},{"start":{},"end":{}}],"line":77}},"s":{"0":4,"1":2,"2":2,"3":2,"4":1,"5":1,"6":0,"7":2,"8":2,"9":2,"10":1,"11":1,"12":0,"13":2,"14":2,"15":2,"16":1,"17":1,"18":0,"19":1,"20":1,"21":1,"22":0,"23":2,"24":2,"25":2,"26":1,"27":1,"28":0,"29":2,"30":2,"31":2,"32":2,"33":0,"34":2,"35":2,"36":2,"37":1,"38":1,"39":0,"40":4},"f":{"0":2,"1":2,"2":2,"3":1,"4":2,"5":2,"6":2},"b":{"0":[1,1],"1":[1,1],"2":[1,1],"3":[1,1],"4":[1,1]},"_coverageSchema":"1a1c01bbd47fc00a2c39e90264f33305004495a9","hash":"2d9ecaed27f467709a53b6c1841634cffc1e7164"}
,"C:\\Users\\ferna\\Documents\\uno\\src\\middlewares\\auth.middleware.js": {"path":"C:\\Users\\ferna\\Documents\\uno\\src\\middlewares\\auth.middleware.js","statementMap":{"0":{"start":{"line":1,"column":12},"end":{"line":1,"column":35}},"1":{"start":{"line":3,"column":0},"end":{"line":38,"column":2}},"2":{"start":{"line":5,"column":23},"end":{"line":5,"column":48}},"3":{"start":{"line":7,"column":4},"end":{"line":9,"column":5}},"4":{"start":{"line":8,"column":8},"end":{"line":8,"column":71}},"5":{"start":{"line":11,"column":18},"end":{"line":11,"column":39}},"6":{"start":{"line":13,"column":4},"end":{"line":15,"column":5}},"7":{"start":{"line":14,"column":8},"end":{"line":14,"column":66}},"8":{"start":{"line":17,"column":28},"end":{"line":17,"column":33}},"9":{"start":{"line":19,"column":4},"end":{"line":21,"column":5}},"10":{"start":{"line":20,"column":8},"end":{"line":20,"column":71}},"11":{"start":{"line":23,"column":4},"end":{"line":37,"column":5}},"12":{"start":{"line":25,"column":24},"end":{"line":28,"column":9}},"13":{"start":{"line":30,"column":8},"end":{"line":30,"column":32}},"14":{"start":{"line":32,"column":8},"end":{"line":32,"column":22}},"15":{"start":{"line":36,"column":8},"end":{"line":36,"column":66}}},"fnMap":{"0":{"name":"auth","decl":{"start":{"line":3,"column":26},"end":{"line":3,"column":30}},"loc":{"start":{"line":3,"column":47},"end":{"line":38,"column":1}},"line":3}},"branchMap":{"0":{"loc":{"start":{"line":7,"column":4},"end":{"line":9,"column":5}},"type":"if","locations":[{"start":{"line":7,"column":4},"end":{"line":9,"column":5}},{"start":{},"end":{}}],"line":7},"1":{"loc":{"start":{"line":13,"column":4},"end":{"line":15,"column":5}},"type":"if","locations":[{"start":{"line":13,"column":4},"end":{"line":15,"column":5}},{"start":{},"end":{}}],"line":13},"2":{"loc":{"start":{"line":19,"column":4},"end":{"line":21,"column":5}},"type":"if","locations":[{"start":{"line":19,"column":4},"end":{"line":21,"column":5}},{"start":{},"end":{}}],"line":19},"3":{"loc":{"start":{"line":27,"column":12},"end":{"line":27,"column":46}},"type":"binary-expr","locations":[{"start":{"line":27,"column":12},"end":{"line":27,"column":34}},{"start":{"line":27,"column":38},"end":{"line":27,"column":46}}],"line":27}},"s":{"0":3,"1":3,"2":9,"3":9,"4":0,"5":9,"6":9,"7":0,"8":9,"9":9,"10":0,"11":9,"12":9,"13":7,"14":7,"15":2},"f":{"0":9},"b":{"0":[0,9],"1":[0,9],"2":[0,9],"3":[9,9]},"_coverageSchema":"1a1c01bbd47fc00a2c39e90264f33305004495a9","hash":"67d0b2445f6fc9448a705f9ba5df2fd3f0616d4e"}
,"C:\\Users\\ferna\\Documents\\uno\\src\\middlewares\\errorMiddleware.js": {"path":"C:\\Users\\ferna\\Documents\\uno\\src\\middlewares\\errorMiddleware.js","statementMap":{"0":{"start":{"line":1,"column":0},"end":{"line":9,"column":2}},"1":{"start":{"line":2,"column":2},"end":{"line":8,"column":3}},"2":{"start":{"line":3,"column":4},"end":{"line":3,"column":25}},"3":{"start":{"line":4,"column":4},"end":{"line":7,"column":7}}},"fnMap":{"0":{"name":"(anonymous_0)","decl":{"start":{"line":1,"column":17},"end":{"line":1,"column":18}},"loc":{"start":{"line":1,"column":44},"end":{"line":9,"column":1}},"line":1}},"branchMap":{"0":{"loc":{"start":{"line":2,"column":2},"end":{"line":8,"column":3}},"type":"if","locations":[{"start":{"line":2,"column":2},"end":{"line":8,"column":3}},{"start":{},"end":{}}],"line":2}},"s":{"0":3,"1":0,"2":0,"3":0},"f":{"0":0},"b":{"0":[0,0]},"_coverageSchema":"1a1c01bbd47fc00a2c39e90264f33305004495a9","hash":"30b9777c42a5e444af1135ed9dc28f91547aa6d6"}
,"C:\\Users\\ferna\\Documents\\uno\\src\\models\\Assossietions.js": {"path":"C:\\Users\\ferna\\Documents\\uno\\src\\models\\Assossietions.js","statementMap":{"0":{"start":{"line":1,"column":13},"end":{"line":1,"column":33}},"1":{"start":{"line":2,"column":19},"end":{"line":2,"column":45}},"2":{"start":{"line":4,"column":0},"end":{"line":7,"column":3}},"3":{"start":{"line":9,"column":0},"end":{"line":12,"column":3}},"4":{"start":{"line":14,"column":0},"end":{"line":17,"column":2}}},"fnMap":{},"branchMap":{},"s":{"0":3,"1":3,"2":3,"3":3,"4":3},"f":{},"b":{},"_coverageSchema":"1a1c01bbd47fc00a2c39e90264f33305004495a9","hash":"c4f6552dc96c2a49c47c6db2de14d3d0538ca775"}
,"C:\\Users\\ferna\\Documents\\uno\\src\\models\\Card.js": {"path":"C:\\Users\\ferna\\Documents\\uno\\src\\models\\Card.js","statementMap":{"0":{"start":{"line":1,"column":22},"end":{"line":1,"column":42}},"1":{"start":{"line":2,"column":18},"end":{"line":2,"column":40}},"2":{"start":{"line":4,"column":13},"end":{"line":17,"column":2}},"3":{"start":{"line":19,"column":0},"end":{"line":19,"column":22}}},"fnMap":{},"branchMap":{},"s":{"0":10,"1":10,"2":10,"3":10},"f":{},"b":{},"_coverageSchema":"1a1c01bbd47fc00a2c39e90264f33305004495a9","hash":"95cb657cfc045829f40e47aa1f95f05eb119a7e1"}
,"C:\\Users\\ferna\\Documents\\uno\\src\\models\\Game.js": {"path":"C:\\Users\\ferna\\Documents\\uno\\src\\models\\Game.js","statementMap":{"0":{"start":{"line":1,"column":22},"end":{"line":1,"column":42}},"1":{"start":{"line":2,"column":18},"end":{"line":2,"column":40}},"2":{"start":{"line":5,"column":13},"end":{"line":38,"column":2}},"3":{"start":{"line":40,"column":0},"end":{"line":40,"column":22}}},"fnMap":{},"branchMap":{},"s":{"0":7,"1":7,"2":7,"3":7},"f":{},"b":{},"_coverageSchema":"1a1c01bbd47fc00a2c39e90264f33305004495a9","hash":"b444e136d4d3b315f6849d2fb2c2414ccac406ca"}
,"C:\\Users\\ferna\\Documents\\uno\\src\\models\\GamePlayer.js": {"path":"C:\\Users\\ferna\\Documents\\uno\\src\\models\\GamePlayer.js","statementMap":{"0":{"start":{"line":1,"column":22},"end":{"line":1,"column":42}},"1":{"start":{"line":2,"column":18},"end":{"line":2,"column":40}},"2":{"start":{"line":6,"column":19},"end":{"line":26,"column":2}},"3":{"start":{"line":28,"column":0},"end":{"line":28,"column":28}}},"fnMap":{},"branchMap":{},"s":{"0":10,"1":10,"2":10,"3":10},"f":{},"b":{},"_coverageSchema":"1a1c01bbd47fc00a2c39e90264f33305004495a9","hash":"a26b466c06b7352f4df68e1d6ba845467d3f71fd"}
,"C:\\Users\\ferna\\Documents\\uno\\src\\models\\Score.js": {"path":"C:\\Users\\ferna\\Documents\\uno\\src\\models\\Score.js","statementMap":{"0":{"start":{"line":1,"column":22},"end":{"line":1,"column":42}},"1":{"start":{"line":2,"column":18},"end":{"line":2,"column":40}},"2":{"start":{"line":4,"column":14},"end":{"line":17,"column":2}},"3":{"start":{"line":19,"column":0},"end":{"line":19,"column":23}}},"fnMap":{},"branchMap":{},"s":{"0":5,"1":5,"2":5,"3":5},"f":{},"b":{},"_coverageSchema":"1a1c01bbd47fc00a2c39e90264f33305004495a9","hash":"8767f6c1212282c0973bff23425e7151f94d3f42"}
,"C:\\Users\\ferna\\Documents\\uno\\src\\models\\TokenBlacklist.js": {"path":"C:\\Users\\ferna\\Documents\\uno\\src\\models\\TokenBlacklist.js","statementMap":{"0":{"start":{"line":1,"column":20},"end":{"line":1,"column":40}},"1":{"start":{"line":2,"column":18},"end":{"line":2,"column":43}},"2":{"start":{"line":4,"column":23},"end":{"line":10,"column":2}},"3":{"start":{"line":12,"column":0},"end":{"line":12,"column":32}}},"fnMap":{},"branchMap":{},"s":{"0":5,"1":5,"2":5,"3":5},"f":{},"b":{},"_coverageSchema":"1a1c01bbd47fc00a2c39e90264f33305004495a9","hash":"926baad15f0fe548e70a2b6d8599e1bfd7affb45"}
,"C:\\Users\\ferna\\Documents\\uno\\src\\models\\User.js": {"path":"C:\\Users\\ferna\\Documents\\uno\\src\\models\\User.js","statementMap":{"0":{"start":{"line":1,"column":22},"end":{"line":1,"column":42}},"1":{"start":{"line":2,"column":18},"end":{"line":2,"column":40}},"2":{"start":{"line":3,"column":15},"end":{"line":3,"column":32}},"3":{"start":{"line":5,"column":13},"end":{"line":31,"column":2}},"4":{"start":{"line":33,"column":0},"end":{"line":36,"column":3}},"5":{"start":{"line":34,"column":17},"end":{"line":34,"column":19}},"6":{"start":{"line":35,"column":4},"end":{"line":35,"column":59}},"7":{"start":{"line":38,"column":0},"end":{"line":43,"column":3}},"8":{"start":{"line":39,"column":4},"end":{"line":42,"column":5}},"9":{"start":{"line":40,"column":21},"end":{"line":40,"column":23}},"10":{"start":{"line":41,"column":8},"end":{"line":41,"column":63}},"11":{"start":{"line":45,"column":0},"end":{"line":45,"column":22}}},"fnMap":{"0":{"name":"(anonymous_0)","decl":{"start":{"line":33,"column":18},"end":{"line":33,"column":19}},"loc":{"start":{"line":33,"column":34},"end":{"line":36,"column":1}},"line":33},"1":{"name":"(anonymous_1)","decl":{"start":{"line":38,"column":18},"end":{"line":38,"column":19}},"loc":{"start":{"line":38,"column":34},"end":{"line":43,"column":1}},"line":38}},"branchMap":{"0":{"loc":{"start":{"line":39,"column":4},"end":{"line":42,"column":5}},"type":"if","locations":[{"start":{"line":39,"column":4},"end":{"line":42,"column":5}},{"start":{},"end":{}}],"line":39}},"s":{"0":8,"1":8,"2":8,"3":8,"4":8,"5":0,"6":0,"7":8,"8":0,"9":0,"10":0,"11":8},"f":{"0":0,"1":0},"b":{"0":[0,0]},"_coverageSchema":"1a1c01bbd47fc00a2c39e90264f33305004495a9","hash":"0c7dbf165d46d3e3a9975bd0076c8d100fe7eafe"}
,"C:\\Users\\ferna\\Documents\\uno\\src\\repositories\\CardRepository.js": {"path":"C:\\Users\\ferna\\Documents\\uno\\src\\repositories\\CardRepository.js","statementMap":{"0":{"start":{"line":1,"column":13},"end":{"line":1,"column":38}},"1":{"start":{"line":5,"column":8},"end":{"line":5,"column":39}},"2":{"start":{"line":9,"column":8},"end":{"line":9,"column":36}},"3":{"start":{"line":13,"column":8},"end":{"line":13,"column":39}},"4":{"start":{"line":18,"column":21},"end":{"line":18,"column":44}},"5":{"start":{"line":19,"column":8},"end":{"line":19,"column":47}},"6":{"start":{"line":19,"column":23},"end":{"line":19,"column":47}},"7":{"start":{"line":20,"column":8},"end":{"line":20,"column":47}},"8":{"start":{"line":20,"column":23},"end":{"line":20,"column":47}},"9":{"start":{"line":21,"column":8},"end":{"line":21,"column":49}},"10":{"start":{"line":21,"column":24},"end":{"line":21,"column":49}},"11":{"start":{"line":22,"column":8},"end":{"line":22,"column":25}},"12":{"start":{"line":23,"column":8},"end":{"line":23,"column":19}},"13":{"start":{"line":29,"column":8},"end":{"line":29,"column":48}},"14":{"start":{"line":33,"column":8},"end":{"line":33,"column":36}},"15":{"start":{"line":37,"column":0},"end":{"line":37,"column":38}}},"fnMap":{"0":{"name":"(anonymous_0)","decl":{"start":{"line":4,"column":4},"end":{"line":4,"column":5}},"loc":{"start":{"line":4,"column":23},"end":{"line":6,"column":5}},"line":4},"1":{"name":"(anonymous_1)","decl":{"start":{"line":8,"column":4},"end":{"line":8,"column":5}},"loc":{"start":{"line":8,"column":20},"end":{"line":10,"column":5}},"line":8},"2":{"name":"(anonymous_2)","decl":{"start":{"line":12,"column":4},"end":{"line":12,"column":5}},"loc":{"start":{"line":12,"column":23},"end":{"line":14,"column":5}},"line":12},"3":{"name":"(anonymous_3)","decl":{"start":{"line":16,"column":4},"end":{"line":16,"column":5}},"loc":{"start":{"line":16,"column":27},"end":{"line":25,"column":5}},"line":16},"4":{"name":"(anonymous_4)","decl":{"start":{"line":27,"column":4},"end":{"line":27,"column":5}},"loc":{"start":{"line":27,"column":32},"end":{"line":30,"column":5}},"line":27},"5":{"name":"(anonymous_5)","decl":{"start":{"line":32,"column":4},"end":{"line":32,"column":5}},"loc":{"start":{"line":32,"column":23},"end":{"line":34,"column":5}},"line":32}},"branchMap":{"0":{"loc":{"start":{"line":19,"column":8},"end":{"line":19,"column":47}},"type":"if","locations":[{"start":{"line":19,"column":8},"end":{"line":19,"column":47}},{"start":{},"end":{}}],"line":19},"1":{"loc":{"start":{"line":20,"column":8},"end":{"line":20,"column":47}},"type":"if","locations":[{"start":{"line":20,"column":8},"end":{"line":20,"column":47}},{"start":{},"end":{}}],"line":20},"2":{"loc":{"start":{"line":21,"column":8},"end":{"line":21,"column":49}},"type":"if","locations":[{"start":{"line":21,"column":8},"end":{"line":21,"column":49}},{"start":{},"end":{}}],"line":21}},"s":{"0":10,"1":0,"2":0,"3":0,"4":0,"5":0,"6":0,"7":0,"8":0,"9":0,"10":0,"11":0,"12":0,"13":4,"14":0,"15":10},"f":{"0":0,"1":0,"2":0,"3":0,"4":4,"5":0},"b":{"0":[0,0],"1":[0,0],"2":[0,0]},"_coverageSchema":"1a1c01bbd47fc00a2c39e90264f33305004495a9","hash":"29c21af75784daa50bae3873529951bfdb382264"}
,"C:\\Users\\ferna\\Documents\\uno\\src\\repositories\\GamePlayerRepository.js": {"path":"C:\\Users\\ferna\\Documents\\uno\\src\\repositories\\GamePlayerRepository.js","statementMap":{"0":{"start":{"line":1,"column":19},"end":{"line":1,"column":53}},"1":{"start":{"line":5,"column":8},"end":{"line":5,"column":45}},"2":{"start":{"line":9,"column":8},"end":{"line":11,"column":11}},"3":{"start":{"line":15,"column":8},"end":{"line":20,"column":11}},"4":{"start":{"line":24,"column":6},"end":{"line":26,"column":9}},"5":{"start":{"line":30,"column":8},"end":{"line":30,"column":45}},"6":{"start":{"line":34,"column":8},"end":{"line":34,"column":42}},"7":{"start":{"line":38,"column":8},"end":{"line":40,"column":11}},"8":{"start":{"line":43,"column":31},"end":{"line":43,"column":65}},"9":{"start":{"line":50,"column":0},"end":{"line":50,"column":44}}},"fnMap":{"0":{"name":"(anonymous_0)","decl":{"start":{"line":4,"column":4},"end":{"line":4,"column":5}},"loc":{"start":{"line":4,"column":23},"end":{"line":6,"column":5}},"line":4},"1":{"name":"(anonymous_1)","decl":{"start":{"line":8,"column":4},"end":{"line":8,"column":5}},"loc":{"start":{"line":8,"column":31},"end":{"line":12,"column":5}},"line":8},"2":{"name":"(anonymous_2)","decl":{"start":{"line":14,"column":4},"end":{"line":14,"column":5}},"loc":{"start":{"line":14,"column":36},"end":{"line":21,"column":5}},"line":14},"3":{"name":"(anonymous_3)","decl":{"start":{"line":23,"column":4},"end":{"line":23,"column":5}},"loc":{"start":{"line":23,"column":43},"end":{"line":27,"column":5}},"line":23},"4":{"name":"(anonymous_4)","decl":{"start":{"line":29,"column":4},"end":{"line":29,"column":5}},"loc":{"start":{"line":29,"column":35},"end":{"line":31,"column":5}},"line":29},"5":{"name":"(anonymous_5)","decl":{"start":{"line":33,"column":4},"end":{"line":33,"column":5}},"loc":{"start":{"line":33,"column":29},"end":{"line":35,"column":5}},"line":33},"6":{"name":"(anonymous_6)","decl":{"start":{"line":37,"column":4},"end":{"line":37,"column":5}},"loc":{"start":{"line":37,"column":36},"end":{"line":41,"column":5}},"line":37},"7":{"name":"(anonymous_7)","decl":{"start":{"line":43,"column":4},"end":{"line":43,"column":5}},"loc":{"start":{"line":43,"column":29},"end":{"line":43,"column":67}},"line":43}},"branchMap":{},"s":{"0":7,"1":6,"2":2,"3":1,"4":0,"5":1,"6":0,"7":0,"8":0,"9":7},"f":{"0":6,"1":2,"2":1,"3":0,"4":1,"5":0,"6":0,"7":0},"b":{},"_coverageSchema":"1a1c01bbd47fc00a2c39e90264f33305004495a9","hash":"8fee45c12c3daeb0d9c8436dafb6b63490033f55"}
,"C:\\Users\\ferna\\Documents\\uno\\src\\repositories\\GameRepository.js": {"path":"C:\\Users\\ferna\\Documents\\uno\\src\\repositories\\GameRepository.js","statementMap":{"0":{"start":{"line":1,"column":13},"end":{"line":1,"column":41}},"1":{"start":{"line":2,"column":19},"end":{"line":2,"column":53}},"2":{"start":{"line":6,"column":8},"end":{"line":6,"column":39}},"3":{"start":{"line":10,"column":8},"end":{"line":10,"column":36}},"4":{"start":{"line":14,"column":8},"end":{"line":27,"column":11}},"5":{"start":{"line":32,"column":8},"end":{"line":32,"column":39}},"6":{"start":{"line":36,"column":8},"end":{"line":36,"column":36}},"7":{"start":{"line":40,"column":0},"end":{"line":40,"column":38}}},"fnMap":{"0":{"name":"(anonymous_0)","decl":{"start":{"line":5,"column":4},"end":{"line":5,"column":5}},"loc":{"start":{"line":5,"column":23},"end":{"line":7,"column":5}},"line":5},"1":{"name":"(anonymous_1)","decl":{"start":{"line":9,"column":4},"end":{"line":9,"column":5}},"loc":{"start":{"line":9,"column":20},"end":{"line":11,"column":5}},"line":9},"2":{"name":"(anonymous_2)","decl":{"start":{"line":13,"column":4},"end":{"line":13,"column":5}},"loc":{"start":{"line":13,"column":23},"end":{"line":28,"column":5}},"line":13},"3":{"name":"(anonymous_3)","decl":{"start":{"line":30,"column":4},"end":{"line":30,"column":5}},"loc":{"start":{"line":30,"column":29},"end":{"line":33,"column":5}},"line":30},"4":{"name":"(anonymous_4)","decl":{"start":{"line":35,"column":4},"end":{"line":35,"column":5}},"loc":{"start":{"line":35,"column":23},"end":{"line":37,"column":5}},"line":35}},"branchMap":{},"s":{"0":7,"1":7,"2":4,"3":0,"4":2,"5":0,"6":0,"7":7},"f":{"0":4,"1":0,"2":2,"3":0,"4":0},"b":{},"_coverageSchema":"1a1c01bbd47fc00a2c39e90264f33305004495a9","hash":"1bcc38cdcc40da192ff610348656804eb5320bd5"}
,"C:\\Users\\ferna\\Documents\\uno\\src\\repositories\\ScoreRepository.js": {"path":"C:\\Users\\ferna\\Documents\\uno\\src\\repositories\\ScoreRepository.js","statementMap":{"0":{"start":{"line":1,"column":14},"end":{"line":1,"column":40}},"1":{"start":{"line":5,"column":8},"end":{"line":5,"column":40}},"2":{"start":{"line":9,"column":8},"end":{"line":9,"column":37}},"3":{"start":{"line":13,"column":8},"end":{"line":13,"column":40}},"4":{"start":{"line":17,"column":8},"end":{"line":17,"column":48}},"5":{"start":{"line":21,"column":8},"end":{"line":21,"column":45}},"6":{"start":{"line":25,"column":0},"end":{"line":25,"column":39}}},"fnMap":{"0":{"name":"(anonymous_0)","decl":{"start":{"line":4,"column":4},"end":{"line":4,"column":5}},"loc":{"start":{"line":4,"column":23},"end":{"line":6,"column":5}},"line":4},"1":{"name":"(anonymous_1)","decl":{"start":{"line":8,"column":4},"end":{"line":8,"column":5}},"loc":{"start":{"line":8,"column":20},"end":{"line":10,"column":5}},"line":8},"2":{"name":"(anonymous_2)","decl":{"start":{"line":12,"column":4},"end":{"line":12,"column":5}},"loc":{"start":{"line":12,"column":23},"end":{"line":14,"column":5}},"line":12},"3":{"name":"(anonymous_3)","decl":{"start":{"line":16,"column":4},"end":{"line":16,"column":5}},"loc":{"start":{"line":16,"column":38},"end":{"line":18,"column":5}},"line":16},"4":{"name":"(anonymous_4)","decl":{"start":{"line":20,"column":4},"end":{"line":20,"column":5}},"loc":{"start":{"line":20,"column":32},"end":{"line":22,"column":5}},"line":20}},"branchMap":{},"s":{"0":5,"1":0,"2":0,"3":0,"4":0,"5":0,"6":5},"f":{"0":0,"1":0,"2":0,"3":0,"4":0},"b":{},"_coverageSchema":"1a1c01bbd47fc00a2c39e90264f33305004495a9","hash":"f8ec0e0dbf3029f46e8aac879d39c8e2cab3b385"}
,"C:\\Users\\ferna\\Documents\\uno\\src\\repositories\\UserRepository.js": {"path":"C:\\Users\\ferna\\Documents\\uno\\src\\repositories\\UserRepository.js","statementMap":{"0":{"start":{"line":1,"column":13},"end":{"line":1,"column":41}},"1":{"start":{"line":5,"column":24},"end":{"line":5,"column":47}},"2":{"start":{"line":6,"column":8},"end":{"line":9,"column":9}},"3":{"start":{"line":13,"column":24},"end":{"line":13,"column":68}},"4":{"start":{"line":14,"column":8},"end":{"line":21,"column":9}},"5":{"start":{"line":15,"column":12},"end":{"line":20,"column":13}},"6":{"start":{"line":22,"column":8},"end":{"line":22,"column":17}},"7":{"start":{"line":26,"column":8},"end":{"line":28,"column":11}},"8":{"start":{"line":32,"column":22},"end":{"line":32,"column":42}},"9":{"start":{"line":33,"column":8},"end":{"line":38,"column":11}},"10":{"start":{"line":33,"column":31},"end":{"line":38,"column":9}},"11":{"start":{"line":42,"column":8},"end":{"line":42,"column":35}},"12":{"start":{"line":46,"column":21},"end":{"line":46,"column":50}},"13":{"start":{"line":47,"column":8},"end":{"line":47,"column":28}},"14":{"start":{"line":51,"column":0},"end":{"line":51,"column":38}}},"fnMap":{"0":{"name":"(anonymous_0)","decl":{"start":{"line":4,"column":4},"end":{"line":4,"column":5}},"loc":{"start":{"line":4,"column":22},"end":{"line":10,"column":5}},"line":4},"1":{"name":"(anonymous_1)","decl":{"start":{"line":12,"column":4},"end":{"line":12,"column":5}},"loc":{"start":{"line":12,"column":22},"end":{"line":23,"column":5}},"line":12},"2":{"name":"(anonymous_2)","decl":{"start":{"line":25,"column":4},"end":{"line":25,"column":5}},"loc":{"start":{"line":25,"column":28},"end":{"line":29,"column":5}},"line":25},"3":{"name":"(anonymous_3)","decl":{"start":{"line":31,"column":4},"end":{"line":31,"column":5}},"loc":{"start":{"line":31,"column":19},"end":{"line":39,"column":5}},"line":31},"4":{"name":"(anonymous_4)","decl":{"start":{"line":33,"column":25},"end":{"line":33,"column":26}},"loc":{"start":{"line":33,"column":31},"end":{"line":38,"column":9}},"line":33},"5":{"name":"(anonymous_5)","decl":{"start":{"line":41,"column":4},"end":{"line":41,"column":5}},"loc":{"start":{"line":41,"column":22},"end":{"line":43,"column":5}},"line":41},"6":{"name":"(anonymous_6)","decl":{"start":{"line":45,"column":4},"end":{"line":45,"column":5}},"loc":{"start":{"line":45,"column":28},"end":{"line":48,"column":5}},"line":45}},"branchMap":{"0":{"loc":{"start":{"line":14,"column":8},"end":{"line":21,"column":9}},"type":"if","locations":[{"start":{"line":14,"column":8},"end":{"line":21,"column":9}},{"start":{},"end":{}}],"line":14}},"s":{"0":6,"1":0,"2":0,"3":0,"4":0,"5":0,"6":0,"7":0,"8":0,"9":0,"10":0,"11":0,"12":0,"13":0,"14":6},"f":{"0":0,"1":0,"2":0,"3":0,"4":0,"5":0,"6":0},"b":{"0":[0,0]},"_coverageSchema":"1a1c01bbd47fc00a2c39e90264f33305004495a9","hash":"d68ca213f1aef4591abb5982b667a8a55c9fb8c8"}
,"C:\\Users\\ferna\\Documents\\uno\\src\\routes\\CardRoutes.js": {"path":"C:\\Users\\ferna\\Documents\\uno\\src\\routes\\CardRoutes.js","statementMap":{"0":{"start":{"line":1,"column":16},"end":{"line":1,"column":34}},"1":{"start":{"line":2,"column":23},"end":{"line":2,"column":63}},"2":{"start":{"line":3,"column":23},"end":{"line":3,"column":64}},"3":{"start":{"line":4,"column":15},"end":{"line":4,"column":31}},"4":{"start":{"line":6,"column":0},"end":{"line":6,"column":40}},"5":{"start":{"line":7,"column":0},"end":{"line":7,"column":40}},"6":{"start":{"line":9,"column":0},"end":{"line":9,"column":67}},"7":{"start":{"line":11,"column":0},"end":{"line":11,"column":43}},"8":{"start":{"line":12,"column":0},"end":{"line":12,"column":42}},"9":{"start":{"line":13,"column":0},"end":{"line":13,"column":45}},"10":{"start":{"line":15,"column":0},"end":{"line":15,"column":24}}},"fnMap":{},"branchMap":{},"s":{"0":4,"1":4,"2":4,"3":4,"4":4,"5":4,"6":4,"7":4,"8":4,"9":4,"10":4},"f":{},"b":{},"_coverageSchema":"1a1c01bbd47fc00a2c39e90264f33305004495a9","hash":"77da41a2f4c1cba2d6e74524e90bdec06ef06344"}
,"C:\\Users\\ferna\\Documents\\uno\\src\\routes\\GameRoutes.js": {"path":"C:\\Users\\ferna\\Documents\\uno\\src\\routes\\GameRoutes.js","statementMap":{"0":{"start":{"line":1,"column":16},"end":{"line":1,"column":34}},"1":{"start":{"line":2,"column":23},"end":{"line":2,"column":63}},"2":{"start":{"line":3,"column":24},"end":{"line":3,"column":68}},"3":{"start":{"line":4,"column":15},"end":{"line":4,"column":31}},"4":{"start":{"line":7,"column":0},"end":{"line":7,"column":56}},"5":{"start":{"line":8,"column":0},"end":{"line":8,"column":56}},"6":{"start":{"line":9,"column":0},"end":{"line":9,"column":59}},"7":{"start":{"line":10,"column":0},"end":{"line":10,"column":58}},"8":{"start":{"line":11,"column":0},"end":{"line":11,"column":61}},"9":{"start":{"line":14,"column":0},"end":{"line":14,"column":74}},"10":{"start":{"line":15,"column":0},"end":{"line":15,"column":71}},"11":{"start":{"line":16,"column":0},"end":{"line":16,"column":70}},"12":{"start":{"line":17,"column":0},"end":{"line":17,"column":73}},"13":{"start":{"line":19,"column":0},"end":{"line":19,"column":24}}},"fnMap":{},"branchMap":{},"s":{"0":3,"1":3,"2":3,"3":3,"4":3,"5":3,"6":3,"7":3,"8":3,"9":3,"10":3,"11":3,"12":3,"13":3},"f":{},"b":{},"_coverageSchema":"1a1c01bbd47fc00a2c39e90264f33305004495a9","hash":"49a95e7b234821ebc15d767b5148ebc10dbb53f6"}
,"C:\\Users\\ferna\\Documents\\uno\\src\\routes\\ScoreRoutes.js": {"path":"C:\\Users\\ferna\\Documents\\uno\\src\\routes\\ScoreRoutes.js","statementMap":{"0":{"start":{"line":1,"column":16},"end":{"line":1,"column":34}},"1":{"start":{"line":2,"column":24},"end":{"line":2,"column":65}},"2":{"start":{"line":3,"column":15},"end":{"line":3,"column":31}},"3":{"start":{"line":6,"column":0},"end":{"line":6,"column":41}},"4":{"start":{"line":7,"column":0},"end":{"line":7,"column":41}},"5":{"start":{"line":8,"column":0},"end":{"line":8,"column":44}},"6":{"start":{"line":9,"column":0},"end":{"line":9,"column":43}},"7":{"start":{"line":10,"column":0},"end":{"line":10,"column":46}},"8":{"start":{"line":13,"column":0},"end":{"line":13,"column":59}},"9":{"start":{"line":14,"column":0},"end":{"line":14,"column":57}},"10":{"start":{"line":15,"column":0},"end":{"line":15,"column":80}},"11":{"start":{"line":17,"column":0},"end":{"line":17,"column":24}}},"fnMap":{},"branchMap":{},"s":{"0":3,"1":3,"2":3,"3":3,"4":3,"5":3,"6":3,"7":3,"8":3,"9":3,"10":3,"11":3},"f":{},"b":{},"_coverageSchema":"1a1c01bbd47fc00a2c39e90264f33305004495a9","hash":"346fa6592b1ea82a04f8d394382bc4e340a74566"}
,"C:\\Users\\ferna\\Documents\\uno\\src\\routes\\UserRoutes.js": {"path":"C:\\Users\\ferna\\Documents\\uno\\src\\routes\\UserRoutes.js","statementMap":{"0":{"start":{"line":1,"column":16},"end":{"line":1,"column":34}},"1":{"start":{"line":2,"column":23},"end":{"line":2,"column":66}},"2":{"start":{"line":3,"column":23},"end":{"line":3,"column":67}},"3":{"start":{"line":4,"column":15},"end":{"line":4,"column":31}},"4":{"start":{"line":5,"column":23},"end":{"line":5,"column":66}},"5":{"start":{"line":7,"column":0},"end":{"line":7,"column":40}},"6":{"start":{"line":8,"column":0},"end":{"line":8,"column":41}},"7":{"start":{"line":9,"column":0},"end":{"line":9,"column":57}},"8":{"start":{"line":10,"column":0},"end":{"line":10,"column":43}},"9":{"start":{"line":11,"column":0},"end":{"line":11,"column":42}},"10":{"start":{"line":12,"column":0},"end":{"line":12,"column":61}},"11":{"start":{"line":13,"column":0},"end":{"line":13,"column":43}},"12":{"start":{"line":14,"column":0},"end":{"line":14,"column":62}},"13":{"start":{"line":16,"column":0},"end":{"line":16,"column":24}}},"fnMap":{},"branchMap":{},"s":{"0":3,"1":3,"2":3,"3":3,"4":3,"5":3,"6":3,"7":3,"8":3,"9":3,"10":3,"11":3,"12":3,"13":3},"f":{},"b":{},"_coverageSchema":"1a1c01bbd47fc00a2c39e90264f33305004495a9","hash":"e390f664181d95a34c093fe02e1f3e3b85af5d01"}
,"C:\\Users\\ferna\\Documents\\uno\\src\\routes\\routes.js": {"path":"C:\\Users\\ferna\\Documents\\uno\\src\\routes\\routes.js","statementMap":{"0":{"start":{"line":1,"column":16},"end":{"line":1,"column":34}},"1":{"start":{"line":3,"column":19},"end":{"line":3,"column":45}},"2":{"start":{"line":4,"column":19},"end":{"line":4,"column":45}},"3":{"start":{"line":5,"column":19},"end":{"line":5,"column":45}},"4":{"start":{"line":6,"column":20},"end":{"line":6,"column":47}},"5":{"start":{"line":8,"column":15},"end":{"line":8,"column":31}},"6":{"start":{"line":10,"column":0},"end":{"line":10,"column":33}},"7":{"start":{"line":11,"column":0},"end":{"line":11,"column":33}},"8":{"start":{"line":12,"column":0},"end":{"line":12,"column":33}},"9":{"start":{"line":13,"column":0},"end":{"line":13,"column":35}},"10":{"start":{"line":15,"column":0},"end":{"line":15,"column":24}}},"fnMap":{},"branchMap":{},"s":{"0":3,"1":3,"2":3,"3":3,"4":3,"5":3,"6":3,"7":3,"8":3,"9":3,"10":3},"f":{},"b":{},"_coverageSchema":"1a1c01bbd47fc00a2c39e90264f33305004495a9","hash":"e6e949247c6d562f0e5337ef917a974502f2e52c"}
,"C:\\Users\\ferna\\Documents\\uno\\src\\services\\AuthService.js": {"path":"C:\\Users\\ferna\\Documents\\uno\\src\\services\\AuthService.js","statementMap":{"0":{"start":{"line":1,"column":13},"end":{"line":1,"column":38}},"1":{"start":{"line":2,"column":23},"end":{"line":2,"column":58}},"2":{"start":{"line":3,"column":15},"end":{"line":3,"column":32}},"3":{"start":{"line":4,"column":12},"end":{"line":4,"column":35}},"4":{"start":{"line":8,"column":17},"end":{"line":8,"column":57}},"5":{"start":{"line":10,"column":4},"end":{"line":12,"column":5}},"6":{"start":{"line":11,"column":6},"end":{"line":11,"column":48}},"7":{"start":{"line":14,"column":24},"end":{"line":14,"column":69}},"8":{"start":{"line":15,"column":4},"end":{"line":17,"column":5}},"9":{"start":{"line":16,"column":6},"end":{"line":16,"column":40}},"10":{"start":{"line":19,"column":18},"end":{"line":23,"column":5}},"11":{"start":{"line":25,"column":4},"end":{"line":25,"column":21}},"12":{"start":{"line":29,"column":4},"end":{"line":29,"column":43}},"13":{"start":{"line":30,"column":4},"end":{"line":30,"column":55}},"14":{"start":{"line":34,"column":0},"end":{"line":34,"column":35}}},"fnMap":{"0":{"name":"(anonymous_0)","decl":{"start":{"line":7,"column":2},"end":{"line":7,"column":3}},"loc":{"start":{"line":7,"column":31},"end":{"line":26,"column":3}},"line":7},"1":{"name":"(anonymous_1)","decl":{"start":{"line":28,"column":2},"end":{"line":28,"column":3}},"loc":{"start":{"line":28,"column":22},"end":{"line":31,"column":3}},"line":28}},"branchMap":{"0":{"loc":{"start":{"line":10,"column":4},"end":{"line":12,"column":5}},"type":"if","locations":[{"start":{"line":10,"column":4},"end":{"line":12,"column":5}},{"start":{},"end":{}}],"line":10},"1":{"loc":{"start":{"line":15,"column":4},"end":{"line":17,"column":5}},"type":"if","locations":[{"start":{"line":15,"column":4},"end":{"line":17,"column":5}},{"start":{},"end":{}}],"line":15}},"s":{"0":5,"1":5,"2":5,"3":5,"4":1,"5":1,"6":0,"7":1,"8":1,"9":0,"10":1,"11":1,"12":1,"13":1,"14":5},"f":{"0":1,"1":1},"b":{"0":[0,1],"1":[0,1]},"_coverageSchema":"1a1c01bbd47fc00a2c39e90264f33305004495a9","hash":"fa1d4a2490f24af0b281d443af4e79e096cf2d69"}
,"C:\\Users\\ferna\\Documents\\uno\\src\\services\\CardService.js": {"path":"C:\\Users\\ferna\\Documents\\uno\\src\\services\\CardService.js","statementMap":{"0":{"start":{"line":1,"column":23},"end":{"line":1,"column":64}},"1":{"start":{"line":4,"column":18},"end":{"line":8,"column":1}},"2":{"start":{"line":4,"column":35},"end":{"line":8,"column":1}},"3":{"start":{"line":5,"column":4},"end":{"line":5,"column":51}},"4":{"start":{"line":5,"column":39},"end":{"line":5,"column":51}},"5":{"start":{"line":6,"column":8},"end":{"line":7,"column":51}},"6":{"start":{"line":10,"column":19},"end":{"line":19,"column":1}},"7":{"start":{"line":11,"column":22},"end":{"line":11,"column":31}},"8":{"start":{"line":13,"column":4},"end":{"line":16,"column":5}},"9":{"start":{"line":13,"column":17},"end":{"line":13,"column":37}},"10":{"start":{"line":14,"column":18},"end":{"line":14,"column":53}},"11":{"start":{"line":15,"column":8},"end":{"line":15,"column":68}},"12":{"start":{"line":18,"column":4},"end":{"line":18,"column":21}},"13":{"start":{"line":22,"column":19},"end":{"line":28,"column":2}},"14":{"start":{"line":22,"column":31},"end":{"line":28,"column":2}},"15":{"start":{"line":22,"column":42},"end":{"line":28,"column":2}},"16":{"start":{"line":22,"column":54},"end":{"line":28,"column":1}},"17":{"start":{"line":30,"column":20},"end":{"line":40,"column":1}},"18":{"start":{"line":31,"column":20},"end":{"line":37,"column":5}},"19":{"start":{"line":39,"column":4},"end":{"line":39,"column":34}},"20":{"start":{"line":43,"column":26},"end":{"line":54,"column":1}},"21":{"start":{"line":44,"column":19},"end":{"line":45,"column":47}},"22":{"start":{"line":47,"column":28},"end":{"line":47,"column":53}},"23":{"start":{"line":49,"column":4},"end":{"line":53,"column":6}},"24":{"start":{"line":50,"column":8},"end":{"line":52,"column":62}},"25":{"start":{"line":57,"column":26},"end":{"line":64,"column":1}},"26":{"start":{"line":58,"column":22},"end":{"line":58,"column":44}},"27":{"start":{"line":59,"column":28},"end":{"line":59,"column":55}},"28":{"start":{"line":61,"column":4},"end":{"line":63,"column":6}},"29":{"start":{"line":62,"column":8},"end":{"line":62,"column":61}},"30":{"start":{"line":62,"column":38},"end":{"line":62,"column":60}},"31":{"start":{"line":66,"column":20},"end":{"line":70,"column":2}},"32":{"start":{"line":66,"column":32},"end":{"line":70,"column":1}},"33":{"start":{"line":68,"column":18},"end":{"line":68,"column":100}},"34":{"start":{"line":69,"column":16},"end":{"line":69,"column":21}},"35":{"start":{"line":75,"column":23},"end":{"line":75,"column":57}},"36":{"start":{"line":77,"column":32},"end":{"line":79,"column":9}},"37":{"start":{"line":78,"column":12},"end":{"line":78,"column":42}},"38":{"start":{"line":81,"column":29},"end":{"line":81,"column":54}},"39":{"start":{"line":83,"column":32},"end":{"line":83,"column":81}},"40":{"start":{"line":86,"column":8},"end":{"line":86,"column":64}},"41":{"start":{"line":90,"column":8},"end":{"line":90,"column":49}},"42":{"start":{"line":94,"column":8},"end":{"line":94,"column":46}},"43":{"start":{"line":98,"column":8},"end":{"line":114,"column":9}},"44":{"start":{"line":99,"column":12},"end":{"line":99,"column":33}},"45":{"start":{"line":99,"column":21},"end":{"line":99,"column":33}},"46":{"start":{"line":100,"column":25},"end":{"line":100,"column":58}},"47":{"start":{"line":103,"column":12},"end":{"line":110,"column":20}},"48":{"start":{"line":104,"column":23},"end":{"line":104,"column":48}},"49":{"start":{"line":105,"column":23},"end":{"line":109,"column":13}},"50":{"start":{"line":112,"column":12},"end":{"line":112,"column":64}},"51":{"start":{"line":113,"column":12},"end":{"line":113,"column":73}},"52":{"start":{"line":120,"column":8},"end":{"line":120,"column":49}},"53":{"start":{"line":124,"column":21},"end":{"line":124,"column":54}},"54":{"start":{"line":125,"column":8},"end":{"line":125,"column":31}},"55":{"start":{"line":125,"column":19},"end":{"line":125,"column":31}},"56":{"start":{"line":127,"column":8},"end":{"line":127,"column":53}},"57":{"start":{"line":131,"column":21},"end":{"line":131,"column":54}},"58":{"start":{"line":132,"column":8},"end":{"line":132,"column":31}},"59":{"start":{"line":132,"column":19},"end":{"line":132,"column":31}},"60":{"start":{"line":134,"column":8},"end":{"line":134,"column":42}},"61":{"start":{"line":135,"column":8},"end":{"line":135,"column":20}},"62":{"start":{"line":139,"column":21},"end":{"line":144,"column":10}},"63":{"start":{"line":146,"column":8},"end":{"line":148,"column":9}},"64":{"start":{"line":147,"column":12},"end":{"line":147,"column":63}},"65":{"start":{"line":150,"column":8},"end":{"line":150,"column":70}},"66":{"start":{"line":154,"column":8},"end":{"line":154,"column":38}},"67":{"start":{"line":158,"column":0},"end":{"line":158,"column":35}}},"fnMap":{"0":{"name":"(anonymous_0)","decl":{"start":{"line":4,"column":18},"end":{"line":4,"column":19}},"loc":{"start":{"line":4,"column":35},"end":{"line":8,"column":1}},"line":4},"1":{"name":"(anonymous_1)","decl":{"start":{"line":4,"column":35},"end":{"line":4,"column":36}},"loc":{"start":{"line":4,"column":52},"end":{"line":8,"column":1}},"line":4},"2":{"name":"(anonymous_2)","decl":{"start":{"line":10,"column":19},"end":{"line":10,"column":20}},"loc":{"start":{"line":10,"column":29},"end":{"line":19,"column":1}},"line":10},"3":{"name":"(anonymous_3)","decl":{"start":{"line":22,"column":19},"end":{"line":22,"column":20}},"loc":{"start":{"line":22,"column":31},"end":{"line":28,"column":2}},"line":22},"4":{"name":"(anonymous_4)","decl":{"start":{"line":22,"column":31},"end":{"line":22,"column":32}},"loc":{"start":{"line":22,"column":42},"end":{"line":28,"column":2}},"line":22},"5":{"name":"(anonymous_5)","decl":{"start":{"line":22,"column":42},"end":{"line":22,"column":43}},"loc":{"start":{"line":22,"column":54},"end":{"line":28,"column":1}},"line":22},"6":{"name":"(anonymous_6)","decl":{"start":{"line":30,"column":20},"end":{"line":30,"column":21}},"loc":{"start":{"line":30,"column":31},"end":{"line":40,"column":1}},"line":30},"7":{"name":"(anonymous_7)","decl":{"start":{"line":43,"column":26},"end":{"line":43,"column":27}},"loc":{"start":{"line":43,"column":45},"end":{"line":54,"column":1}},"line":43},"8":{"name":"(anonymous_8)","decl":{"start":{"line":49,"column":26},"end":{"line":49,"column":27}},"loc":{"start":{"line":50,"column":8},"end":{"line":52,"column":62}},"line":50},"9":{"name":"(anonymous_9)","decl":{"start":{"line":57,"column":26},"end":{"line":57,"column":27}},"loc":{"start":{"line":57,"column":38},"end":{"line":64,"column":1}},"line":57},"10":{"name":"(anonymous_10)","decl":{"start":{"line":61,"column":29},"end":{"line":61,"column":30}},"loc":{"start":{"line":62,"column":8},"end":{"line":62,"column":61}},"line":62},"11":{"name":"(anonymous_11)","decl":{"start":{"line":62,"column":32},"end":{"line":62,"column":33}},"loc":{"start":{"line":62,"column":38},"end":{"line":62,"column":60}},"line":62},"12":{"name":"(anonymous_12)","decl":{"start":{"line":66,"column":20},"end":{"line":66,"column":21}},"loc":{"start":{"line":66,"column":32},"end":{"line":70,"column":1}},"line":66},"13":{"name":"(anonymous_13)","decl":{"start":{"line":68,"column":9},"end":{"line":68,"column":10}},"loc":{"start":{"line":68,"column":18},"end":{"line":68,"column":100}},"line":68},"14":{"name":"(anonymous_14)","decl":{"start":{"line":69,"column":10},"end":{"line":69,"column":11}},"loc":{"start":{"line":69,"column":16},"end":{"line":69,"column":21}},"line":69},"15":{"name":"(anonymous_15)","decl":{"start":{"line":74,"column":4},"end":{"line":74,"column":5}},"loc":{"start":{"line":74,"column":29},"end":{"line":87,"column":5}},"line":74},"16":{"name":"(anonymous_16)","decl":{"start":{"line":77,"column":47},"end":{"line":77,"column":48}},"loc":{"start":{"line":78,"column":12},"end":{"line":78,"column":42}},"line":78},"17":{"name":"(anonymous_17)","decl":{"start":{"line":89,"column":4},"end":{"line":89,"column":5}},"loc":{"start":{"line":89,"column":23},"end":{"line":91,"column":5}},"line":89},"18":{"name":"(anonymous_18)","decl":{"start":{"line":93,"column":4},"end":{"line":93,"column":5}},"loc":{"start":{"line":93,"column":20},"end":{"line":95,"column":5}},"line":93},"19":{"name":"(anonymous_19)","decl":{"start":{"line":97,"column":4},"end":{"line":97,"column":5}},"loc":{"start":{"line":97,"column":23},"end":{"line":117,"column":5}},"line":97},"20":{"name":"(anonymous_20)","decl":{"start":{"line":104,"column":17},"end":{"line":104,"column":18}},"loc":{"start":{"line":104,"column":23},"end":{"line":104,"column":48}},"line":104},"21":{"name":"(anonymous_21)","decl":{"start":{"line":105,"column":17},"end":{"line":105,"column":18}},"loc":{"start":{"line":105,"column":23},"end":{"line":109,"column":13}},"line":105},"22":{"name":"(anonymous_22)","decl":{"start":{"line":119,"column":4},"end":{"line":119,"column":5}},"loc":{"start":{"line":119,"column":23},"end":{"line":121,"column":5}},"line":119},"23":{"name":"(anonymous_23)","decl":{"start":{"line":123,"column":4},"end":{"line":123,"column":5}},"loc":{"start":{"line":123,"column":27},"end":{"line":128,"column":5}},"line":123},"24":{"name":"(anonymous_24)","decl":{"start":{"line":130,"column":4},"end":{"line":130,"column":5}},"loc":{"start":{"line":130,"column":21},"end":{"line":136,"column":5}},"line":130},"25":{"name":"(anonymous_25)","decl":{"start":{"line":138,"column":4},"end":{"line":138,"column":5}},"loc":{"start":{"line":138,"column":27},"end":{"line":151,"column":5}},"line":138},"26":{"name":"(anonymous_26)","decl":{"start":{"line":153,"column":4},"end":{"line":153,"column":5}},"loc":{"start":{"line":153,"column":31},"end":{"line":155,"column":5}},"line":153}},"branchMap":{"0":{"loc":{"start":{"line":5,"column":4},"end":{"line":5,"column":51}},"type":"if","locations":[{"start":{"line":5,"column":4},"end":{"line":5,"column":51}},{"start":{},"end":{}}],"line":5},"1":{"loc":{"start":{"line":6,"column":15},"end":{"line":7,"column":50}},"type":"binary-expr","locations":[{"start":{"line":6,"column":15},"end":{"line":6,"column":54}},{"start":{"line":7,"column":11},"end":{"line":7,"column":50}}],"line":6},"2":{"loc":{"start":{"line":39,"column":11},"end":{"line":39,"column":33}},"type":"binary-expr","locations":[{"start":{"line":39,"column":11},"end":{"line":39,"column":25}},{"start":{"line":39,"column":29},"end":{"line":39,"column":33}}],"line":39},"3":{"loc":{"start":{"line":50,"column":8},"end":{"line":52,"column":62}},"type":"cond-expr","locations":[{"start":{"line":51,"column":14},"end":{"line":51,"column":38}},{"start":{"line":52,"column":14},"end":{"line":52,"column":62}}],"line":50},"4":{"loc":{"start":{"line":68,"column":18},"end":{"line":68,"column":100}},"type":"cond-expr","locations":[{"start":{"line":68,"column":58},"end":{"line":68,"column":75}},{"start":{"line":68,"column":78},"end":{"line":68,"column":100}}],"line":68},"5":{"loc":{"start":{"line":68,"column":18},"end":{"line":68,"column":55}},"type":"binary-expr","locations":[{"start":{"line":68,"column":18},"end":{"line":68,"column":32}},{"start":{"line":68,"column":36},"end":{"line":68,"column":55}}],"line":68},"6":{"loc":{"start":{"line":99,"column":12},"end":{"line":99,"column":33}},"type":"if","locations":[{"start":{"line":99,"column":12},"end":{"line":99,"column":33}},{"start":{},"end":{}}],"line":99},"7":{"loc":{"start":{"line":104,"column":23},"end":{"line":104,"column":48}},"type":"cond-expr","locations":[{"start":{"line":104,"column":34},"end":{"line":104,"column":44}},{"start":{"line":104,"column":47},"end":{"line":104,"column":48}}],"line":104},"8":{"loc":{"start":{"line":125,"column":8},"end":{"line":125,"column":31}},"type":"if","locations":[{"start":{"line":125,"column":8},"end":{"line":125,"column":31}},{"start":{},"end":{}}],"line":125},"9":{"loc":{"start":{"line":132,"column":8},"end":{"line":132,"column":31}},"type":"if","locations":[{"start":{"line":132,"column":8},"end":{"line":132,"column":31}},{"start":{},"end":{}}],"line":132},"10":{"loc":{"start":{"line":146,"column":8},"end":{"line":148,"column":9}},"type":"if","locations":[{"start":{"line":146,"column":8},"end":{"line":148,"column":9}},{"start":{},"end":{}}],"line":146}},"s":{"0":10,"1":10,"2":0,"3":0,"4":0,"5":0,"6":10,"7":4,"8":4,"9":4,"10":428,"11":428,"12":4,"13":10,"14":20,"15":20,"16":432,"17":10,"18":432,"19":432,"20":10,"21":16,"22":16,"23":16,"24":208,"25":10,"26":4,"27":4,"28":4,"29":8,"30":32,"31":10,"32":0,"33":0,"34":0,"35":4,"36":4,"37":16,"38":4,"39":4,"40":4,"41":2,"42":1,"43":0,"44":0,"45":0,"46":0,"47":0,"48":0,"49":0,"50":0,"51":0,"52":6,"53":3,"54":3,"55":1,"56":2,"57":3,"58":3,"59":1,"60":2,"61":2,"62":0,"63":0,"64":0,"65":0,"66":0,"67":10},"f":{"0":0,"1":0,"2":4,"3":20,"4":20,"5":432,"6":432,"7":16,"8":208,"9":4,"10":8,"11":32,"12":0,"13":0,"14":0,"15":4,"16":16,"17":2,"18":1,"19":0,"20":0,"21":0,"22":6,"23":3,"24":3,"25":0,"26":0},"b":{"0":[0,0],"1":[0,0],"2":[432,304],"3":[16,192],"4":[0,0],"5":[0,0],"6":[0,0],"7":[0,0],"8":[1,2],"9":[1,2],"10":[0,0]},"_coverageSchema":"1a1c01bbd47fc00a2c39e90264f33305004495a9","hash":"dfe1b81a5bc82402114032072abb56aeeb08c14f"}
,"C:\\Users\\ferna\\Documents\\uno\\src\\services\\GameService.js": {"path":"C:\\Users\\ferna\\Documents\\uno\\src\\services\\GameService.js","statementMap":{"0":{"start":{"line":1,"column":23},"end":{"line":1,"column":64}},"1":{"start":{"line":2,"column":29},"end":{"line":2,"column":76}},"2":{"start":{"line":3,"column":20},"end":{"line":3,"column":44}},"3":{"start":{"line":8,"column":18},"end":{"line":9,"column":39}},"4":{"start":{"line":8,"column":28},"end":{"line":9,"column":39}},"5":{"start":{"line":9,"column":4},"end":{"line":9,"column":39}},"6":{"start":{"line":14,"column":21},"end":{"line":15,"column":54}},"7":{"start":{"line":15,"column":4},"end":{"line":15,"column":54}},"8":{"start":{"line":15,"column":31},"end":{"line":15,"column":53}},"9":{"start":{"line":20,"column":32},"end":{"line":21,"column":25}},"10":{"start":{"line":21,"column":4},"end":{"line":21,"column":25}},"11":{"start":{"line":26,"column":24},"end":{"line":39,"column":1}},"12":{"start":{"line":27,"column":27},"end":{"line":27,"column":42}},"13":{"start":{"line":29,"column":4},"end":{"line":38,"column":6}},"14":{"start":{"line":46,"column":8},"end":{"line":48,"column":9}},"15":{"start":{"line":47,"column":12},"end":{"line":47,"column":56}},"16":{"start":{"line":51,"column":21},"end":{"line":55,"column":10}},"17":{"start":{"line":58,"column":8},"end":{"line":63,"column":11}},"18":{"start":{"line":66,"column":8},"end":{"line":66,"column":46}},"19":{"start":{"line":68,"column":8},"end":{"line":68,"column":20}},"20":{"start":{"line":72,"column":8},"end":{"line":72,"column":46}},"21":{"start":{"line":76,"column":8},"end":{"line":76,"column":49}},"22":{"start":{"line":83,"column":21},"end":{"line":83,"column":58}},"23":{"start":{"line":85,"column":8},"end":{"line":87,"column":9}},"24":{"start":{"line":86,"column":12},"end":{"line":86,"column":52}},"25":{"start":{"line":89,"column":8},"end":{"line":91,"column":9}},"26":{"start":{"line":90,"column":12},"end":{"line":90,"column":63}},"27":{"start":{"line":93,"column":32},"end":{"line":93,"column":79}},"28":{"start":{"line":95,"column":8},"end":{"line":97,"column":9}},"29":{"start":{"line":96,"column":12},"end":{"line":96,"column":51}},"30":{"start":{"line":100,"column":29},"end":{"line":100,"column":79}},"31":{"start":{"line":100,"column":55},"end":{"line":100,"column":78}},"32":{"start":{"line":101,"column":8},"end":{"line":103,"column":9}},"33":{"start":{"line":102,"column":12},"end":{"line":102,"column":62}},"34":{"start":{"line":105,"column":28},"end":{"line":110,"column":10}},"35":{"start":{"line":112,"column":8},"end":{"line":112,"column":27}},"36":{"start":{"line":117,"column":8},"end":{"line":117,"column":55}},"37":{"start":{"line":119,"column":8},"end":{"line":126,"column":5}},"38":{"start":{"line":120,"column":12},"end":{"line":125,"column":9}},"39":{"start":{"line":120,"column":25},"end":{"line":120,"column":26}},"40":{"start":{"line":121,"column":14},"end":{"line":124,"column":14}},"41":{"start":{"line":132,"column":24},"end":{"line":132,"column":76}},"42":{"start":{"line":134,"column":8},"end":{"line":136,"column":9}},"43":{"start":{"line":135,"column":12},"end":{"line":135,"column":63}},"44":{"start":{"line":138,"column":8},"end":{"line":138,"column":68}},"45":{"start":{"line":140,"column":8},"end":{"line":140,"column":58}},"46":{"start":{"line":147,"column":21},"end":{"line":147,"column":58}},"47":{"start":{"line":149,"column":8},"end":{"line":151,"column":9}},"48":{"start":{"line":150,"column":12},"end":{"line":150,"column":52}},"49":{"start":{"line":153,"column":8},"end":{"line":155,"column":9}},"50":{"start":{"line":154,"column":12},"end":{"line":154,"column":67}},"51":{"start":{"line":157,"column":26},"end":{"line":157,"column":73}},"52":{"start":{"line":160,"column":26},"end":{"line":160,"column":66}},"53":{"start":{"line":162,"column":8},"end":{"line":167,"column":9}},"54":{"start":{"line":163,"column":12},"end":{"line":166,"column":14}},"55":{"start":{"line":170,"column":8},"end":{"line":172,"column":11}},"56":{"start":{"line":175,"column":8},"end":{"line":175,"column":45}},"57":{"start":{"line":178,"column":30},"end":{"line":178,"column":65}},"58":{"start":{"line":180,"column":8},"end":{"line":182,"column":11}},"59":{"start":{"line":191,"column":21},"end":{"line":191,"column":58}},"60":{"start":{"line":193,"column":8},"end":{"line":195,"column":9}},"61":{"start":{"line":194,"column":12},"end":{"line":194,"column":52}},"62":{"start":{"line":197,"column":8},"end":{"line":199,"column":9}},"63":{"start":{"line":198,"column":12},"end":{"line":198,"column":55}},"64":{"start":{"line":202,"column":31},"end":{"line":202,"column":46}},"65":{"start":{"line":204,"column":8},"end":{"line":208,"column":9}},"66":{"start":{"line":205,"column":12},"end":{"line":207,"column":14}},"67":{"start":{"line":210,"column":8},"end":{"line":210,"column":66}},"68":{"start":{"line":212,"column":8},"end":{"line":215,"column":10}},"69":{"start":{"line":219,"column":21},"end":{"line":219,"column":58}},"70":{"start":{"line":220,"column":8},"end":{"line":220,"column":59}},"71":{"start":{"line":220,"column":19},"end":{"line":220,"column":59}},"72":{"start":{"line":222,"column":24},"end":{"line":222,"column":76}},"73":{"start":{"line":223,"column":8},"end":{"line":223,"column":70}},"74":{"start":{"line":223,"column":22},"end":{"line":223,"column":70}},"75":{"start":{"line":225,"column":26},"end":{"line":225,"column":73}},"76":{"start":{"line":227,"column":8},"end":{"line":227,"column":51}},"77":{"start":{"line":228,"column":26},"end":{"line":228,"column":72}},"78":{"start":{"line":228,"column":48},"end":{"line":228,"column":71}},"79":{"start":{"line":230,"column":8},"end":{"line":236,"column":7}},"80":{"start":{"line":231,"column":8},"end":{"line":231,"column":66}},"81":{"start":{"line":233,"column":8},"end":{"line":235,"column":10}},"82":{"start":{"line":240,"column":8},"end":{"line":244,"column":7}},"83":{"start":{"line":241,"column":12},"end":{"line":243,"column":11}},"84":{"start":{"line":248,"column":8},"end":{"line":250,"column":6}},"85":{"start":{"line":249,"column":8},"end":{"line":249,"column":40}},"86":{"start":{"line":252,"column":6},"end":{"line":252,"column":56}},"87":{"start":{"line":256,"column":17},"end":{"line":256,"column":54}},"88":{"start":{"line":258,"column":20},"end":{"line":261,"column":7}},"89":{"start":{"line":263,"column":7},"end":{"line":263,"column":22}},"90":{"start":{"line":268,"column":24},"end":{"line":268,"column":71}},"91":{"start":{"line":270,"column":23},"end":{"line":270,"column":71}},"92":{"start":{"line":270,"column":41},"end":{"line":270,"column":70}},"93":{"start":{"line":272,"column":8},"end":{"line":283,"column":9}},"94":{"start":{"line":273,"column":27},"end":{"line":273,"column":29}},"95":{"start":{"line":274,"column":12},"end":{"line":279,"column":15}},"96":{"start":{"line":276,"column":16},"end":{"line":278,"column":22}},"97":{"start":{"line":277,"column":20},"end":{"line":277,"column":65}},"98":{"start":{"line":281,"column":12},"end":{"line":281,"column":72}},
[...]
column":8},"end":{"line":220,"column":59}},{"start":{},"end":{}}],"line":220},"17":{"loc":{"start":{"line":223,"column":8},"end":{"line":223,"column":70}},"type":"if","locations":[{"start":{"line":223,"column":8},"end":{"line":223,"column":70}},{"start":{},"end":{}}],"line":223},"18":{"loc":{"start":{"line":230,"column":8},"end":{"line":236,"column":7}},"type":"if","locations":[{"start":{"line":230,"column":8},"end":{"line":236,"column":7}},{"start":{},"end":{}}],"line":230},"19":{"loc":{"start":{"line":230,"column":12},"end":{"line":230,"column":66}},"type":"binary-expr","locations":[{"start":{"line":230,"column":12},"end":{"line":230,"column":33}},{"start":{"line":230,"column":37},"end":{"line":230,"column":66}}],"line":230},"20":{"loc":{"start":{"line":240,"column":8},"end":{"line":244,"column":7}},"type":"if","locations":[{"start":{"line":240,"column":8},"end":{"line":244,"column":7}},{"start":{},"end":{}}],"line":240},"21":{"loc":{"start":{"line":248,"column":8},"end":{"line":250,"column":6}},"type":"if","locations":[{"start":{"line":248,"column":8},"end":{"line":250,"column":6}},{"start":{},"end":{}}],"line":248},"22":{"loc":{"start":{"line":270,"column":41},"end":{"line":270,"column":70}},"type":"binary-expr","locations":[{"start":{"line":270,"column":41},"end":{"line":270,"column":47}},{"start":{"line":270,"column":51},"end":{"line":270,"column":70}}],"line":270},"23":{"loc":{"start":{"line":272,"column":8},"end":{"line":283,"column":9}},"type":"if","locations":[{"start":{"line":272,"column":8},"end":{"line":283,"column":9}},{"start":{},"end":{}}],"line":272},"24":{"loc":{"start":{"line":295,"column":8},"end":{"line":295,"column":49}},"type":"if","locations":[{"start":{"line":295,"column":8},"end":{"line":295,"column":49}},{"start":{},"end":{}}],"line":295},"25":{"loc":{"start":{"line":296,"column":8},"end":{"line":296,"column":49}},"type":"if","locations":[{"start":{"line":296,"column":8},"end":{"line":296,"column":49}},{"start":{},"end":{}}],"line":296},"26":{"loc":{"start":{"line":318,"column":8},"end":{"line":318,"column":31}},"type":"if","locations":[{"start":{"line":318,"column":8},"end":{"line":318,"column":31}},{"start":{},"end":{}}],"line":318},"27":{"loc":{"start":{"line":325,"column":8},"end":{"line":325,"column":31}},"type":"if","locations":[{"start":{"line":325,"column":8},"end":{"line":325,"column":31}},{"start":{},"end":{}}],"line":325}},"s":{"0":7,"1":7,"2":7,"3":7,"4":2,"5":2,"6":7,"7":0,"8":0,"9":7,"10":0,"11":7,"12":0,"13":0,"14":6,"15":1,"16":5,"17":5,"18":5,"19":5,"20":1,"21":4,"22":6,"23":6,"24":1,"25":5,"26":0,"27":5,"28":5,"29":1,"30":4,"31":4,"32":4,"33":1,"34":3,"35":3,"36":0,"37":0,"38":0,"39":0,"40":0,"41":3,"42":3,"43":1,"44":2,"45":2,"46":0,"47":0,"48":0,"49":0,"50":0,"51":0,"52":0,"53":0,"54":0,"55":0,"56":0,"57":0,"58":0,"59":3,"60":3,"61":0,"62":3,"63":1,"64":2,"65":2,"66":1,"67":1,"68":1,"69":6,"70":6,"71":1,"72":5,"73":5,"74":1,"75":4,"76":4,"77":4,"78":8,"79":4,"80":2,"81":2,"82":2,"83":1,"84":2,"85":1,"86":2,"87":0,"88":0,"89":0,"90":1,"91":1,"92":1,"93":1,"94":1,"95":1,"96":2,"97":2,"98":1,"99":1,"100":0,"101":1,"102":1,"103":1,"104":1,"105":1,"106":0,"107":1,"108":0,"109":1,"110":1,"111":0,"112":0,"113":2,"114":2,"115":1,"116":1,"117":2,"118":2,"119":1,"120":1,"121":1,"122":7},"f":{"0":2,"1":2,"2":0,"3":0,"4":0,"5":0,"6":6,"7":1,"8":4,"9":6,"10":4,"11":0,"12":3,"13":0,"14":3,"15":6,"16":8,"17":0,"18":1,"19":1,"20":2,"21":2,"22":1,"23":0,"24":2,"25":2},"b":{"0":[0,0,0],"1":[0,0],"2":[0,0],"3":[0,0],"4":[1,5],"5":[1,5],"6":[0,5],"7":[1,4],"8":[1,3],"9":[1,2],"10":[0,0],"11":[0,0],"12":[0,0],"13":[0,3],"14":[1,2],"15":[1,1],"16":[1,5],"17":[1,4],"18":[2,2],"19":[4,4],"20":[1,1],"21":[1,1],"22":[1,1],"23":[1,0],"24":[0,1],"25":[0,1],"26":[1,1],"27":[1,1]},"_coverageSchema":"1a1c01bbd47fc00a2c39e90264f33305004495a9","hash":"26d48510b8f01e6e6fef4f14fd2d35135ca23eaa"}
,"C:\\Users\\ferna\\Documents\\uno\\src\\services\\ScoreService.js": {"path":"C:\\Users\\ferna\\Documents\\uno\\src\\services\\ScoreService.js","statementMap":{"0":{"start":{"line":1,"column":24},"end":{"line":1,"column":66}},"1":{"start":{"line":7,"column":26},"end":{"line":8,"column":69}},"2":{"start":{"line":8,"column":4},"end":{"line":8,"column":69}},"3":{"start":{"line":8,"column":41},"end":{"line":8,"column":65}},"4":{"start":{"line":14,"column":24},"end":{"line":49,"column":1}},"5":{"start":{"line":16,"column":29},"end":{"line":35,"column":10}},"6":{"start":{"line":17,"column":29},"end":{"line":17,"column":34}},"7":{"start":{"line":19,"column":8},"end":{"line":25,"column":9}},"8":{"start":{"line":20,"column":12},"end":{"line":24,"column":14}},"9":{"start":{"line":27,"column":8},"end":{"line":27,"column":48}},"10":{"start":{"line":28,"column":8},"end":{"line":32,"column":11}},"11":{"start":{"line":34,"column":8},"end":{"line":34,"column":19}},"12":{"start":{"line":38,"column":4},"end":{"line":48,"column":71}},"13":{"start":{"line":39,"column":34},"end":{"line":46,"column":9}},"14":{"start":{"line":47,"column":24},"end":{"line":47,"column":59}},"15":{"start":{"line":48,"column":34},"end":{"line":48,"column":68}},"16":{"start":{"line":55,"column":26},"end":{"line":60,"column":7}},"17":{"start":{"line":55,"column":33},"end":{"line":60,"column":7}},"18":{"start":{"line":56,"column":4},"end":{"line":60,"column":7}},"19":{"start":{"line":56,"column":72},"end":{"line":60,"column":5}},"20":{"start":{"line":65,"column":8},"end":{"line":67,"column":9}},"21":{"start":{"line":66,"column":12},"end":{"line":66,"column":66}},"22":{"start":{"line":69,"column":8},"end":{"line":69,"column":50}},"23":{"start":{"line":73,"column":8},"end":{"line":73,"column":47}},"24":{"start":{"line":77,"column":8},"end":{"line":77,"column":50}},"25":{"start":{"line":81,"column":22},"end":{"line":81,"column":56}},"26":{"start":{"line":82,"column":8},"end":{"line":82,"column":32}},"27":{"start":{"line":82,"column":20},"end":{"line":82,"column":32}},"28":{"start":{"line":84,"column":8},"end":{"line":84,"column":57}},"29":{"start":{"line":88,"column":22},"end":{"line":88,"column":56}},"30":{"start":{"line":89,"column":8},"end":{"line":89,"column":32}},"31":{"start":{"line":89,"column":20},"end":{"line":89,"column":32}},"32":{"start":{"line":91,"column":8},"end":{"line":91,"column":44}},"33":{"start":{"line":92,"column":8},"end":{"line":92,"column":20}},"34":{"start":{"line":99,"column":28},"end":{"line":99,"column":59}},"35":{"start":{"line":101,"column":8},"end":{"line":107,"column":9}},"36":{"start":{"line":102,"column":12},"end":{"line":106,"column":14}},"37":{"start":{"line":109,"column":8},"end":{"line":113,"column":10}},"38":{"start":{"line":120,"column":28},"end":{"line":120,"column":58}},"39":{"start":{"line":121,"column":27},"end":{"line":121,"column":48}},"40":{"start":{"line":123,"column":8},"end":{"line":123,"column":35}},"41":{"start":{"line":130,"column":28},"end":{"line":130,"column":59}},"42":{"start":{"line":131,"column":32},"end":{"line":131,"column":80}},"43":{"start":{"line":131,"column":56},"end":{"line":131,"column":79}},"44":{"start":{"line":133,"column":8},"end":{"line":140,"column":9}},"45":{"start":{"line":134,"column":12},"end":{"line":139,"column":14}},"46":{"start":{"line":142,"column":22},"end":{"line":142,"column":56}},"47":{"start":{"line":144,"column":8},"end":{"line":151,"column":10}},"48":{"start":{"line":149,"column":62},"end":{"line":149,"column":69}},"49":{"start":{"line":150,"column":60},"end":{"line":150,"column":67}},"50":{"start":{"line":155,"column":0},"end":{"line":155,"column":36}}},"fnMap":{"0":{"name":"(anonymous_0)","decl":{"start":{"line":7,"column":26},"end":{"line":7,"column":27}},"loc":{"start":{"line":8,"column":4},"end":{"line":8,"column":69}},"line":8},"1":{"name":"(anonymous_1)","decl":{"start":{"line":8,"column":18},"end":{"line":8,"column":19}},"loc":{"start":{"line":8,"column":41},"end":{"line":8,"column":65}},"line":8},"2":{"name":"(anonymous_2)","decl":{"start":{"line":14,"column":24},"end":{"line":14,"column":25}},"loc":{"start":{"line":14,"column":36},"end":{"line":49,"column":1}},"line":14},"3":{"name":"(anonymous_3)","decl":{"start":{"line":16,"column":43},"end":{"line":16,"column":44}},"loc":{"start":{"line":16,"column":59},"end":{"line":35,"column":5}},"line":16},"4":{"name":"(anonymous_4)","decl":{"start":{"line":39,"column":13},"end":{"line":39,"column":14}},"loc":{"start":{"line":39,"column":34},"end":{"line":46,"column":9}},"line":39},"5":{"name":"(anonymous_5)","decl":{"start":{"line":47,"column":14},"end":{"line":47,"column":15}},"loc":{"start":{"line":47,"column":24},"end":{"line":47,"column":59}},"line":47},"6":{"name":"(anonymous_6)","decl":{"start":{"line":48,"column":13},"end":{"line":48,"column":14}},"loc":{"start":{"line":48,"column":34},"end":{"line":48,"column":68}},"line":48},"7":{"name":"(anonymous_7)","decl":{"start":{"line":55,"column":26},"end":{"line":55,"column":27}},"loc":{"start":{"line":55,"column":33},"end":{"line":60,"column":7}},"line":55},"8":{"name":"(anonymous_8)","decl":{"start":{"line":55,"column":33},"end":{"line":55,"column":34}},"loc":{"start":{"line":56,"column":4},"end":{"line":60,"column":7}},"line":56},"9":{"name":"(anonymous_9)","decl":{"start":{"line":56,"column":28},"end":{"line":56,"column":29}},"loc":{"start":{"line":56,"column":72},"end":{"line":60,"column":5}},"line":56},"10":{"name":"(anonymous_10)","decl":{"start":{"line":63,"column":4},"end":{"line":63,"column":5}},"loc":{"start":{"line":63,"column":23},"end":{"line":70,"column":5}},"line":63},"11":{"name":"(anonymous_11)","decl":{"start":{"line":72,"column":4},"end":{"line":72,"column":5}},"loc":{"start":{"line":72,"column":20},"end":{"line":74,"column":5}},"line":72},"12":{"name":"(anonymous_12)","decl":{"start":{"line":76,"column":4},"end":{"line":76,"column":5}},"loc":{"start":{"line":76,"column":23},"end":{"line":78,"column":5}},"line":76},"13":{"name":"(anonymous_13)","decl":{"start":{"line":80,"column":4},"end":{"line":80,"column":5}},"loc":{"start":{"line":80,"column":27},"end":{"line":85,"column":5}},"line":80},"14":{"name":"(anonymous_14)","decl":{"start":{"line":87,"column":4},"end":{"line":87,"column":5}},"loc":{"start":{"line":87,"column":21},"end":{"line":93,"column":5}},"line":87},"15":{"name":"(anonymous_15)","decl":{"start":{"line":98,"column":4},"end":{"line":98,"column":5}},"loc":{"start":{"line":98,"column":30},"end":{"line":114,"column":5}},"line":98},"16":{"name":"(anonymous_16)","decl":{"start":{"line":119,"column":4},"end":{"line":119,"column":5}},"loc":{"start":{"line":119,"column":23},"end":{"line":124,"column":5}},"line":119},"17":{"name":"(anonymous_17)","decl":{"start":{"line":129,"column":4},"end":{"line":129,"column":5}},"loc":{"start":{"line":129,"column":45},"end":{"line":152,"column":5}},"line":129},"18":{"name":"(anonymous_18)","decl":{"start":{"line":131,"column":51},"end":{"line":131,"column":52}},"loc":{"start":{"line":131,"column":56},"end":{"line":131,"column":79}},"line":131},"19":{"name":"(anonymous_19)","decl":{"start":{"line":149,"column":57},"end":{"line":149,"column":58}},"loc":{"start":{"line":149,"column":62},"end":{"line":149,"column":69}},"line":149},"20":{"name":"(anonymous_20)","decl":{"start":{"line":150,"column":55},"end":{"line":150,"column":56}},"loc":{"start":{"line":150,"column":60},"end":{"line":150,"column":67}},"line":150}},"branchMap":{"0":{"loc":{"start":{"line":19,"column":8},"end":{"line":25,"column":9}},"type":"if","locations":[{"start":{"line":19,"column":8},"end":{"line":25,"column":9}},{"start":{},"end":{}}],"line":19},"1":{"loc":{"start":{"line":65,"column":8},"end":{"line":67,"column":9}},"type":"if","locations":[{"start":{"line":65,"column":8},"end":{"line":67,"column":9}},{"start":{},"end":{}}],"line":65},"2":{"loc":{"start":{"line":65,"column":12},"end":{"line":65,"column":70}},"type":"binary-expr","locations":[{"start":{"line":65,"column":12},"end":{"line":65,"column":26}},{"start":{"line":65,"column":30},"end":{"line":65,"column":42}},{"start":{"line":65,"column":46},"end":{"line":65,"column":70}}],"line":65},"3":{"loc":{"start":{"line":82,"column":8},"end":{"line":82,"column":32}},"type":"if","locations":[{"start":{"line":82,"column":8},"end":{"line":82,"column":32}},{"start":{},"end":{}}],"line":82},"4":{"loc":{"start":{"line":89,"column":8},"end":{"line":89,"column":32}},"type":"if","locations":[{"start":{"line":89,"column":8},"end":{"line":89,"column":32}},{"start":{},"end":{}}],"line":89},"5":{"loc":{"start":{"line":101,"column":8},"end":{"line":107,"column":9}},"type":"if","locations":[{"start":{"line":101,"column":8},"end":{"line":107,"column":9}},{"start":{},"end":{}}],"line":101},"6":{"loc":{"start":{"line":101,"column":12},"end":{"line":101,"column":52}},"type":"binary-expr","locations":[{"start":{"line":101,"column":12},"end":{"line":101,"column":24}},{"start":{"line":101,"column":28},"end":{"line":101,"column":52}}],"line":101},"7":{"loc":{"start":{"line":133,"column":8},"end":{"line":140,"column":9}},"type":"if","locations":[{"start":{"line":133,"column":8},"end":{"line":140,"column":9}},{"start":{},"end":{}}],"line":133}},"s":{"0":5,"1":5,"2":0,"3":0,"4":5,"5":0,"6":0,"7":0,"8":0,"9":0,"10":0,"11":0,"12":0,"13":0,"14":0,"15":0,"16":5,"17":0,"18":0,"19":0,"20":1,"21":0,"22":1,"23":1,"24":2,"25":2,"26":2,"27":1,"28":1,"29":2,"30":2,"31":1,"32":1,"33":1,"34":0,"35":0,"36":0,"37":0,"38":0,"39":0,"40":0,"41":0,"42":0,"43":0,"44":0,"45":0,"46":0,"47":0,"48":0,"49":0,"50":5},"f":{"0":0,"1":0,"2":0,"3":0,"4":0,"5":0,"6":0,"7":0,"8":0,"9":0,"10":1,"11":1,"12":2,"13":2,"14":2,"15":0,"16":0,"17":0,"18":0,"19":0,"20":0},"b":{"0":[0,0],"1":[0,1],"2":[1,1,1],"3":[1,1],"4":[1,1],"5":[0,0],"6":[0,0],"7":[0,0]},"_coverageSchema":"1a1c01bbd47fc00a2c39e90264f33305004495a9","hash":"e3e5c3225505f9a856aaa24c0c5224670e8ec0ed"}
,"C:\\Users\\ferna\\Documents\\uno\\src\\services\\UserService.js": {"path":"C:\\Users\\ferna\\Documents\\uno\\src\\services\\UserService.js","statementMap":{"0":{"start":{"line":1,"column":23},"end":{"line":1,"column":64}},"1":{"start":{"line":2,"column":12},"end":{"line":2,"column":35}},"2":{"start":{"line":6,"column":4},"end":{"line":8,"column":5}},"3":{"start":{"line":7,"column":8},"end":{"line":7,"column":69}},"4":{"start":{"line":10,"column":4},"end":{"line":12,"column":5}},"5":{"start":{"line":11,"column":8},"end":{"line":11,"column":76}},"6":{"start":{"line":14,"column":4},"end":{"line":16,"column":5}},"7":{"start":{"line":15,"column":8},"end":{"line":15,"column":68}},"8":{"start":{"line":18,"column":23},"end":{"line":18,"column":66}},"9":{"start":{"line":20,"column":4},"end":{"line":22,"column":5}},"10":{"start":{"line":21,"column":8},"end":{"line":21,"column":68}},"11":{"start":{"line":24,"column":17},"end":{"line":24,"column":50}},"12":{"start":{"line":26,"column":4},"end":{"line":29,"column":6}},"13":{"start":{"line":33,"column":4},"end":{"line":33,"column":45}},"14":{"start":{"line":37,"column":4},"end":{"line":37,"column":49}},"15":{"start":{"line":41,"column":4},"end":{"line":41,"column":42}},"16":{"start":{"line":45,"column":4},"end":{"line":45,"column":43}},"17":{"start":{"line":50,"column":17},"end":{"line":50,"column":56}},"18":{"start":{"line":52,"column":4},"end":{"line":54,"column":5}},"19":{"start":{"line":53,"column":8},"end":{"line":53,"column":65}},"20":{"start":{"line":56,"column":18},"end":{"line":60,"column":5}},"21":{"start":{"line":62,"column":4},"end":{"line":65,"column":6}},"22":{"start":{"line":68,"column":0},"end":{"line":75,"column":2}}},"fnMap":{"0":{"name":"create","decl":{"start":{"line":4,"column":15},"end":{"line":4,"column":21}},"loc":{"start":{"line":4,"column":28},"end":{"line":30,"column":1}},"line":4},"1":{"name":"findById","decl":{"start":{"line":32,"column":15},"end":{"line":32,"column":23}},"loc":{"start":{"line":32,"column":28},"end":{"line":34,"column":1}},"line":32},"2":{"name":"update","decl":{"start":{"line":36,"column":15},"end":{"line":36,"column":21}},"loc":{"start":{"line":36,"column":32},"end":{"line":38,"column":1}},"line":36},"3":{"name":"findAll","decl":{"start":{"line":40,"column":15},"end":{"line":40,"column":22}},"loc":{"start":{"line":40,"column":25},"end":{"line":42,"column":1}},"line":40},"4":{"name":"deleteUser","decl":{"start":{"line":44,"column":15},"end":{"line":44,"column":25}},"loc":{"start":{"line":44,"column":30},"end":{"line":46,"column":1}},"line":44},"5":{"name":"login","decl":{"start":{"line":48,"column":15},"end":{"line":48,"column":20}},"loc":{"start":{"line":48,"column":38},"end":{"line":66,"column":1}},"line":48}},"branchMap":{"0":{"loc":{"start":{"line":6,"column":4},"end":{"line":8,"column":5}},"type":"if","locations":[{"start":{"line":6,"column":4},"end":{"line":8,"column":5}},{"start":{},"end":{}}],"line":6},"1":{"loc":{"start":{"line":10,"column":4},"end":{"line":12,"column":5}},"type":"if","locations":[{"start":{"line":10,"column":4},"end":{"line":12,"column":5}},{"start":{},"end":{}}],"line":10},"2":{"loc":{"start":{"line":14,"column":4},"end":{"line":16,"column":5}},"type":"if","locations":[{"start":{"line":14,"column":4},"end":{"line":16,"column":5}},{"start":{},"end":{}}],"line":14},"3":{"loc":{"start":{"line":14,"column":8},"end":{"line":14,"column":33}},"type":"binary-expr","locations":[{"start":{"line":14,"column":8},"end":{"line":14,"column":18}},{"start":{"line":14,"column":22},"end":{"line":14,"column":33}}],"line":14},"4":{"loc":{"start":{"line":20,"column":4},"end":{"line":22,"column":5}},"type":"if","locations":[{"start":{"line":20,"column":4},"end":{"line":22,"column":5}},{"start":{},"end":{}}],"line":20},"5":{"loc":{"start":{"line":52,"column":4},"end":{"line":54,"column":5}},"type":"if","locations":[{"start":{"line":52,"column":4},"end":{"line":54,"column":5}},{"start":{},"end":{}}],"line":52},"6":{"loc":{"start":{"line":52,"column":8},"end":{"line":52,"column":43}},"type":"binary-expr","locations":[{"start":{"line":52,"column":8},"end":{"line":52,"column":13}},{"start":{"line":52,"column":17},"end":{"line":52,"column":43}}],"line":52},"7":{"loc":{"start":{"line":58,"column":8},"end":{"line":58,"column":42}},"type":"binary-expr","locations":[{"start":{"line":58,"column":8},"end":{"line":58,"column":30}},{"start":{"line":58,"column":34},"end":{"line":58,"column":42}}],"line":58}},"s":{"0":6,"1":6,"2":4,"3":1,"4":3,"5":1,"6":2,"7":0,"8":2,"9":2,"10":1,"11":1,"12":1,"13":2,"14":0,"15":0,"16":0,"17":0,"18":0,"19":0,"20":0,"21":0,"22":6},"f":{"0":4,"1":2,"2":0,"3":0,"4":0,"5":0},"b":{"0":[1,3],"1":[1,2],"2":[0,2],"3":[2,2],"4":[1,1],"5":[0,0],"6":[0,0],"7":[0,0]},"_coverageSchema":"1a1c01bbd47fc00a2c39e90264f33305004495a9","hash":"2d423aca1cb8c51a0c6ee93160cd19b53f488738"}
,"C:\\Users\\ferna\\Documents\\uno\\src\\tests\\utils\\token.js": {"path":"C:\\Users\\ferna\\Documents\\uno\\src\\tests\\utils\\token.js","statementMap":{"0":{"start":{"line":1,"column":12},"end":{"line":1,"column":35}},"1":{"start":{"line":8,"column":0},"end":{"line":14,"column":1}},"2":{"start":{"line":9,"column":2},"end":{"line":13,"column":4}}},"fnMap":{"0":{"name":"generateTestToken","decl":{"start":{"line":8,"column":27},"end":{"line":8,"column":44}},"loc":{"start":{"line":8,"column":83},"end":{"line":14,"column":1}},"line":8}},"branchMap":{"0":{"loc":{"start":{"line":8,"column":45},"end":{"line":8,"column":53}},"type":"default-arg","locations":[{"start":{"line":8,"column":52},"end":{"line":8,"column":53}}],"line":8},"1":{"loc":{"start":{"line":8,"column":55},"end":{"line":8,"column":81}},"type":"default-arg","locations":[{"start":{"line":8,"column":65},"end":{"line":8,"column":81}}],"line":8},"2":{"loc":{"start":{"line":11,"column":4},"end":{"line":11,"column":38}},"type":"binary-expr","locations":[{"start":{"line":11,"column":4},"end":{"line":11,"column":26}},{"start":{"line":11,"column":30},"end":{"line":11,"column":38}}],"line":11}},"s":{"0":3,"1":3,"2":6},"f":{"0":6},"b":{"0":[4],"1":[4],"2":[6,6]},"_coverageSchema":"1a1c01bbd47fc00a2c39e90264f33305004495a9","hash":"bb0d7f7d313327baa3277a6e8406eb95e2c53e23"}
}
