{"/home/jones/3.Educacional/Academic/Jala University/Term 4/Module 1/Programming 4/uno/src/app.js": {"path":"/home/jones/3.Educacional/Academic/Jala University/Term 4/Module 1/Programming 4/uno/src/app.js","statementMap":{"0":{"start":{"line":1,"column":16},"end":{"line":1,"column":34}},"1":{"start":{"line":2,"column":0},"end":{"line":2,"column":36}},"2":{"start":{"line":3,"column":15},"end":{"line":3,"column":41}},"3":{"start":{"line":4,"column":24},"end":{"line":4,"column":67}},"4":{"start":{"line":6,"column":12},"end":{"line":6,"column":21}},"5":{"start":{"line":8,"column":0},"end":{"line":8,"column":24}},"6":{"start":{"line":9,"column":0},"end":{"line":9,"column":24}},"7":{"start":{"line":10,"column":0},"end":{"line":10,"column":25}},"8":{"start":{"line":12,"column":0},"end":{"line":12,"column":21}}},"fnMap":{},"branchMap":{},"s":{"0":2,"1":2,"2":2,"3":2,"4":2,"5":2,"6":2,"7":2,"8":2},"f":{},"b":{},"_coverageSchema":"1a1c01bbd47fc00a2c39e90264f33305004495a9","hash":"4d1c7cf1c8b33ae153e162ea61aa872e77f6261d"}
,"/home/jones/3.Educacional/Academic/Jala University/Term 4/Module 1/Programming 4/uno/src/database.js": {"path":"/home/jones/3.Educacional/Academic/Jala University/Term 4/Module 1/Programming 4/uno/src/database.js","statementMap":{"0":{"start":{"line":1,"column":22},"end":{"line":1,"column":42}},"1":{"start":{"line":3,"column":15},"end":{"line":3,"column":46}},"2":{"start":{"line":5,"column":18},"end":{"line":9,"column":2}},"3":{"start":{"line":11,"column":0},"end":{"line":11,"column":27}}},"fnMap":{},"branchMap":{"0":{"loc":{"start":{"line":7,"column":11},"end":{"line":7,"column":52}},"type":"cond-expr","locations":[{"start":{"line":7,"column":20},"end":{"line":7,"column":30}},{"start":{"line":7,"column":33},"end":{"line":7,"column":52}}],"line":7}},"s":{"0":21,"1":21,"2":21,"3":21},"f":{},"b":{"0":[21,0]},"_coverageSchema":"1a1c01bbd47fc00a2c39e90264f33305004495a9","hash":"31d36bfc7ecacb83373dcfc3cf4abc6925896159"}
,"/home/jones/3.Educacional/Academic/Jala University/Term 4/Module 1/Programming 4/uno/src/controllers/AuthController.js": {"path":"/home/jones/3.Educacional/Academic/Jala University/Term 4/Module 1/Programming 4/uno/src/controllers/AuthController.js","statementMap":{"0":{"start":{"line":2,"column":20},"end":{"line":2,"column":54}},"1":{"start":{"line":6,"column":4},"end":{"line":12,"column":5}},"2":{"start":{"line":7,"column":20},"end":{"line":7,"column":59}},"3":{"start":{"line":8,"column":21},"end":{"line":8,"column":52}},"4":{"start":{"line":9,"column":6},"end":{"line":9,"column":42}},"5":{"start":{"line":11,"column":6},"end":{"line":11,"column":18}},"6":{"start":{"line":16,"column":0},"end":{"line":16,"column":38}}},"fnMap":{"0":{"name":"(anonymous_0)","decl":{"start":{"line":5,"column":2},"end":{"line":5,"column":3}},"loc":{"start":{"line":5,"column":31},"end":{"line":13,"column":3}},"line":5}},"branchMap":{},"s":{"0":2,"1":0,"2":0,"3":0,"4":0,"5":0,"6":2},"f":{"0":0},"b":{},"_coverageSchema":"1a1c01bbd47fc00a2c39e90264f33305004495a9","hash":"5e5e432517f2b0a55bb346b66c0bf9edebc30139"}
,"/home/jones/3.Educacional/Academic/Jala University/Term 4/Module 1/Programming 4/uno/src/controllers/CardController.js": {"path":"/home/jones/3.Educacional/Academic/Jala University/Term 4/Module 1/Programming 4/uno/src/controllers/CardController.js","statementMap":{"0":{"start":{"line":1,"column":20},"end":{"line":1,"column":54}},"1":{"start":{"line":5,"column":8},"end":{"line":10,"column":9}},"2":{"start":{"line":6,"column":25},"end":{"line":6,"column":59}},"3":{"start":{"line":7,"column":12},"end":{"line":7,"column":39}},"4":{"start":{"line":9,"column":12},"end":{"line":9,"column":24}},"5":{"start":{"line":14,"column":8},"end":{"line":19,"column":9}},"6":{"start":{"line":15,"column":26},"end":{"line":15,"column":53}},"7":{"start":{"line":16,"column":12},"end":{"line":16,"column":40}},"8":{"start":{"line":18,"column":12},"end":{"line":18,"column":24}},"9":{"start":{"line":23,"column":8},"end":{"line":31,"column":9}},"10":{"start":{"line":24,"column":25},"end":{"line":24,"column":66}},"11":{"start":{"line":25,"column":12},"end":{"line":27,"column":13}},"12":{"start":{"line":26,"column":16},"end":{"line":26,"column":73}},"13":{"start":{"line":28,"column":12},"end":{"line":28,"column":39}},"14":{"start":{"line":30,"column":12},"end":{"line":30,"column":24}},"15":{"start":{"line":35,"column":8},"end":{"line":43,"column":9}},"16":{"start":{"line":36,"column":32},"end":{"line":36,"column":81}},"17":{"start":{"line":37,"column":12},"end":{"line":39,"column":13}},"18":{"start":{"line":38,"column":16},"end":{"line":38,"column":73}},"19":{"start":{"line":40,"column":12},"end":{"line":40,"column":46}},"20":{"start":{"line":42,"column":12},"end":{"line":42,"column":24}},"21":{"start":{"line":47,"column":8},"end":{"line":55,"column":9}},"22":{"start":{"line":48,"column":28},"end":{"line":48,"column":67}},"23":{"start":{"line":49,"column":12},"end":{"line":51,"column":13}},"24":{"start":{"line":50,"column":16},"end":{"line":50,"column":73}},"25":{"start":{"line":52,"column":12},"end":{"line":52,"column":35}},"26":{"start":{"line":54,"column":12},"end":{"line":54,"column":24}},"27":{"start":{"line":59,"column":0},"end":{"line":59,"column":38}}},"fnMap":{"0":{"name":"(anonymous_0)","decl":{"start":{"line":4,"column":4},"end":{"line":4,"column":5}},"loc":{"start":{"line":4,"column":33},"end":{"line":11,"column":5}},"line":4},"1":{"name":"(anonymous_1)","decl":{"start":{"line":13,"column":4},"end":{"line":13,"column":5}},"loc":{"start":{"line":13,"column":34},"end":{"line":20,"column":5}},"line":13},"2":{"name":"(anonymous_2)","decl":{"start":{"line":22,"column":4},"end":{"line":22,"column":5}},"loc":{"start":{"line":22,"column":34},"end":{"line":32,"column":5}},"line":22},"3":{"name":"(anonymous_3)","decl":{"start":{"line":34,"column":4},"end":{"line":34,"column":5}},"loc":{"start":{"line":34,"column":33},"end":{"line":44,"column":5}},"line":34},"4":{"name":"(anonymous_4)","decl":{"start":{"line":46,"column":4},"end":{"line":46,"column":5}},"loc":{"start":{"line":46,"column":33},"end":{"line":56,"column":5}},"line":46}},"branchMap":{"0":{"loc":{"start":{"line":25,"column":12},"end":{"line":27,"column":13}},"type":"if","locations":[{"start":{"line":25,"column":12},"end":{"line":27,"column":13}},{"start":{},"end":{}}],"line":25},"1":{"loc":{"start":{"line":37,"column":12},"end":{"line":39,"column":13}},"type":"if","locations":[{"start":{"line":37,"column":12},"end":{"line":39,"column":13}},{"start":{},"end":{}}],"line":37},"2":{"loc":{"start":{"line":49,"column":12},"end":{"line":51,"column":13}},"type":"if","locations":[{"start":{"line":49,"column":12},"end":{"line":51,"column":13}},{"start":{},"end":{}}],"line":49}},"s":{"0":2,"1":0,"2":0,"3":0,"4":0,"5":0,"6":0,"7":0,"8":0,"9":0,"10":0,"11":0,"12":0,"13":0,"14":0,"15":0,"16":0,"17":0,"18":0,"19":0,"20":0,"21":0,"22":0,"23":0,"24":0,"25":0,"26":0,"27":2},"f":{"0":0,"1":0,"2":0,"3":0,"4":0},"b":{"0":[0,0],"1":[0,0],"2":[0,0]},"_coverageSchema":"1a1c01bbd47fc00a2c39e90264f33305004495a9","hash":"bce5681859bb87f14b74e987a0b93f8418813d84"}
,"/home/jones/3.Educacional/Academic/Jala University/Term 4/Module 1/Programming 4/uno/src/controllers/GameController.js": {"path":"/home/jones/3.Educacional/Academic/Jala University/Term 4/Module 1/Programming 4/uno/src/controllers/GameController.js","statementMap":{"0":{"start":{"line":1,"column":20},"end":{"line":1,"column":54}},"1":{"start":{"line":5,"column":8},"end":{"line":19,"column":9}},"2":{"start":{"line":7,"column":30},"end":{"line":7,"column":40}},"3":{"start":{"line":9,"column":12},"end":{"line":13,"column":13}},"4":{"start":{"line":10,"column":16},"end":{"line":12,"column":19}},"5":{"start":{"line":15,"column":25},"end":{"line":15,"column":70}},"6":{"start":{"line":16,"column":12},"end":{"line":16,"column":39}},"7":{"start":{"line":18,"column":12},"end":{"line":18,"column":24}},"8":{"start":{"line":23,"column":8},"end":{"line":28,"column":9}},"9":{"start":{"line":24,"column":26},"end":{"line":24,"column":53}},"10":{"start":{"line":25,"column":12},"end":{"line":25,"column":40}},"11":{"start":{"line":27,"column":12},"end":{"line":27,"column":24}},"12":{"start":{"line":32,"column":8},"end":{"line":40,"column":9}},"13":{"start":{"line":33,"column":25},"end":{"line":33,"column":66}},"14":{"start":{"line":34,"column":12},"end":{"line":36,"column":13}},"15":{"start":{"line":35,"column":16},"end":{"line":35,"column":73}},"16":{"start":{"line":37,"column":12},"end":{"line":37,"column":46}},"17":{"start":{"line":39,"column":12},"end":{"line":39,"column":24}},"18":{"start":{"line":47,"column":8},"end":{"line":66,"column":9}},"19":{"start":{"line":48,"column":27},"end":{"line":48,"column":40}},"20":{"start":{"line":49,"column":29},"end":{"line":49,"column":60}},"21":{"start":{"line":51,"column":12},"end":{"line":55,"column":13}},"22":{"start":{"line":52,"column":16},"end":{"line":54,"column":19}},"23":{"start":{"line":57,"column":30},"end":{"line":57,"column":82}},"24":{"start":{"line":59,"column":12},"end":{"line":61,"column":13}},"25":{"start":{"line":60,"column":16},"end":{"line":60,"column":55}},"26":{"start":{"line":63,"column":12},"end":{"line":63,"column":51}},"27":{"start":{"line":65,"column":12},"end":{"line":65,"column":24}},"28":{"start":{"line":73,"column":8},"end":{"line":92,"column":9}},"29":{"start":{"line":74,"column":27},"end":{"line":74,"column":40}},"30":{"start":{"line":75,"column":29},"end":{"line":75,"column":60}},"31":{"start":{"line":77,"column":12},"end":{"line":81,"column":13}},"32":{"start":{"line":78,"column":16},"end":{"line":80,"column":19}},"33":{"start":{"line":83,"column":30},"end":{"line":83,"column":78}},"34":{"start":{"line":85,"column":12},"end":{"line":87,"column":13}},"35":{"start":{"line":86,"column":16},"end":{"line":86,"column":55}},"36":{"start":{"line":89,"column":12},"end":{"line":89,"column":51}},"37":{"start":{"line":91,"column":12},"end":{"line":91,"column":24}},"38":{"start":{"line":100,"column":8},"end":{"line":119,"column":9}},"39":{"start":{"line":101,"column":27},"end":{"line":101,"column":40}},"40":{"start":{"line":102,"column":27},"end":{"line":102,"column":56}},"41":{"start":{"line":104,"column":12},"end":{"line":108,"column":13}},"42":{"start":{"line":105,"column":16},"end":{"line":107,"column":19}},"43":{"start":{"line":110,"column":30},"end":{"line":110,"column":75}},"44":{"start":{"line":112,"column":12},"end":{"line":114,"column":13}},"45":{"start":{"line":113,"column":16},"end":{"line":113,"column":55}},"46":{"start":{"line":116,"column":12},"end":{"line":116,"column":51}},"47":{"start":{"line":118,"column":12},"end":{"line":118,"column":24}},"48":{"start":{"line":127,"column":8},"end":{"line":146,"column":9}},"49":{"start":{"line":128,"column":27},"end":{"line":128,"column":40}},"50":{"start":{"line":129,"column":27},"end":{"line":129,"column":56}},"51":{"start":{"line":131,"column":12},"end":{"line":135,"column":13}},"52":{"start":{"line":132,"column":16},"end":{"line":134,"column":19}},"53":{"start":{"line":137,"column":30},"end":{"line":137,"column":77}},"54":{"start":{"line":139,"column":12},"end":{"line":141,"column":13}},"55":{"start":{"line":140,"column":16},"end":{"line":140,"column":55}},"56":{"start":{"line":143,"column":12},"end":{"line":143,"column":51}},"57":{"start":{"line":145,"column":12},"end":{"line":145,"column":24}},"58":{"start":{"line":150,"column":8},"end":{"line":158,"column":9}},"59":{"start":{"line":151,"column":32},"end":{"line":151,"column":81}},"60":{"start":{"line":152,"column":12},"end":{"line":154,"column":13}},"61":{"start":{"line":153,"column":16},"end":{"line":153,"column":73}},"62":{"start":{"line":155,"column":12},"end":{"line":155,"column":53}},"63":{"start":{"line":157,"column":12},"end":{"line":157,"column":24}},"64":{"start":{"line":162,"column":8},"end":{"line":170,"column":9}},"65":{"start":{"line":163,"column":28},"end":{"line":163,"column":67}},"66":{"start":{"line":164,"column":12},"end":{"line":166,"column":13}},"67":{"start":{"line":165,"column":16},"end":{"line":165,"column":73}},"68":{"start":{"line":167,"column":12},"end":{"line":167,"column":42}},"69":{"start":{"line":169,"column":12},"end":{"line":169,"column":24}},"70":{"start":{"line":174,"column":0},"end":{"line":174,"column":38}}},"fnMap":{"0":{"name":"(anonymous_0)","decl":{"start":{"line":4,"column":4},"end":{"line":4,"column":5}},"loc":{"start":{"line":4,"column":33},"end":{"line":20,"column":5}},"line":4},"1":{"name":"(anonymous_1)","decl":{"start":{"line":22,"column":4},"end":{"line":22,"column":5}},"loc":{"start":{"line":22,"column":34},"end":{"line":29,"column":5}},"line":22},"2":{"name":"(anonymous_2)","decl":{"start":{"line":31,"column":4},"end":{"line":31,"column":5}},"loc":{"start":{"line":31,"column":34},"end":{"line":41,"column":5}},"line":31},"3":{"name":"(anonymous_3)","decl":{"start":{"line":46,"column":4},"end":{"line":46,"column":5}},"loc":{"start":{"line":46,"column":43},"end":{"line":67,"column":5}},"line":46},"4":{"name":"(anonymous_4)","decl":{"start":{"line":72,"column":4},"end":{"line":72,"column":5}},"loc":{"start":{"line":72,"column":39},"end":{"line":93,"column":5}},"line":72},"5":{"name":"(anonymous_5)","decl":{"start":{"line":99,"column":4},"end":{"line":99,"column":5}},"loc":{"start":{"line":99,"column":38},"end":{"line":120,"column":5}},"line":99},"6":{"name":"(anonymous_6)","decl":{"start":{"line":126,"column":4},"end":{"line":126,"column":5}},"loc":{"start":{"line":126,"column":40},"end":{"line":147,"column":5}},"line":126},"7":{"name":"(anonymous_7)","decl":{"start":{"line":149,"column":4},"end":{"line":149,"column":5}},"loc":{"start":{"line":149,"column":33},"end":{"line":159,"column":5}},"line":149},"8":{"name":"(anonymous_8)","decl":{"start":{"line":161,"column":4},"end":{"line":161,"column":5}},"loc":{"start":{"line":161,"column":33},"end":{"line":171,"column":5}},"line":161}},"branchMap":{"0":{"loc":{"start":{"line":9,"column":12},"end":{"line":13,"column":13}},"type":"if","locations":[{"start":{"line":9,"column":12},"end":{"line":13,"column":13}},{"start":{},"end":{}}],"line":9},"1":{"loc":{"start":{"line":34,"column":12},"end":{"line":36,"column":13}},"type":"if","locations":[{"start":{"line":34,"column":12},"end":{"line":36,"column":13}},{"start":{},"end":{}}],"line":34},"2":{"loc":{"start":{"line":49,"column":29},"end":{"line":49,"column":60}},"type":"binary-expr","locations":[{"start":{"line":49,"column":29},"end":{"line":49,"column":39}},{"start":{"line":49,"column":43},"end":{"line":49,"column":60}}],"line":49},"3":{"loc":{"start":{"line":51,"column":12},"end":{"line":55,"column":13}},"type":"if","locations":[{"start":{"line":51,"column":12},"end":{"line":55,"column":13}},{"start":{},"end":{}}],"line":51},"4":{"loc":{"start":{"line":59,"column":12},"end":{"line":61,"column":13}},"type":"if","locations":[{"start":{"line":59,"column":12},"end":{"line":61,"column":13}},{"start":{},"end":{}}],"line":59},"5":{"loc":{"start":{"line":75,"column":29},"end":{"line":75,"column":60}},"type":"binary-expr","locations":[{"start":{"line":75,"column":29},"end":{"line":75,"column":39}},{"start":{"line":75,"column":43},"end":{"line":75,"column":60}}],"line":75},"6":{"loc":{"start":{"line":77,"column":12},"end":{"line":81,"column":13}},"type":"if","locations":[{"start":{"line":77,"column":12},"end":{"line":81,"column":13}},{"start":{},"end":{}}],"line":77},"7":{"loc":{"start":{"line":85,"column":12},"end":{"line":87,"column":13}},"type":"if","locations":[{"start":{"line":85,"column":12},"end":{"line":87,"column":13}},{"start":{},"end":{}}],"line":85},"8":{"loc":{"start":{"line":102,"column":27},"end":{"line":102,"column":56}},"type":"binary-expr","locations":[{"start":{"line":102,"column":27},"end":{"line":102,"column":37}},{"start":{"line":102,"column":41},"end":{"line":102,"column":56}}],"line":102},"9":{"loc":{"start":{"line":104,"column":12},"end":{"line":108,"column":13}},"type":"if","locations":[{"start":{"line":104,"column":12},"end":{"line":108,"column":13}},{"start":{},"end":{}}],"line":104},"10":{"loc":{"start":{"line":112,"column":12},"end":{"line":114,"column":13}},"type":"if","locations":[{"start":{"line":112,"column":12},"end":{"line":114,"column":13}},{"start":{},"end":{}}],"line":112},"11":{"loc":{"start":{"line":129,"column":27},"end":{"line":129,"column":56}},"type":"binary-expr","locations":[{"start":{"line":129,"column":27},"end":{"line":129,"column":37}},{"start":{"line":129,"column":41},"end":{"line":129,"column":56}}],"line":129},"12":{"loc":{"start":{"line":131,"column":12},"end":{"line":135,"column":13}},"type":"if","locations":[{"start":{"line":131,"column":12},"end":{"line":135,"column":13}},{"start":{},"end":{}}],"line":131},"13":{"loc":{"start":{"line":139,"column":12},"end":{"line":141,"column":13}},"type":"if","locations":[{"start":{"line":139,"column":12},"end":{"line":141,"column":13}},{"start":{},"end":{}}],"line":139},"14":{"loc":{"start":{"line":152,"column":12},"end":{"line":154,"column":13}},"type":"if","locations":[{"start":{"line":152,"column":12},"end":{"line":154,"column":13}},{"start":{},"end":{}}],"line":152},"15":{"loc":{"start":{"line":164,"column":12},"end":{"line":166,"column":13}},"type":"if","locations":[{"start":{"line":164,"column":12},"end":{"line":166,"column":13}},{"start":{},"end":{}}],"line":164}},"s":{"0":2,"1":3,"2":3,"3":3,"4":0,"5":3,"6":3,"7":0,"8":0,"9":0,"10":0,"11":0,"12":0,"13":0,"14":0,"15":0,"16":0,"17":0,"18":1,"19":1,"20":1,"21":1,"22":0,"23":1,"24":1,"25":0,"26":1,"27":0,"28":0,"29":0,"30":0,"31":0,"32":0,"33":0,"34":0,"35":0,"36":0,"37":0,"38":0,"39":0,"40":0,"41":0,"42":0,"43":0,"44":0,"45":0,"46":0,"47":0,"48":0,"49":0,"50":0,"51":0,"52":0,"53":0,"54":0,"55":0,"56":0,"57":0,"58":0,"59":0,"60":0,"61":0,"62":0,"63":0,"64":0,"65":0,"66":0,"67":0,"68":0,"69":0,"70":2},"f":{"0":3,"1":0,"2":0,"3":1,"4":0,"5":0,"6":0,"7":0,"8":0},"b":{"0":[0,3],"1":[0,0],"2":[1,0],"3":[0,1],"4":[0,1],"5":[0,0],"6":[0,0],"7":[0,0],"8":[0,0],"9":[0,0],"10":[0,0],"11":[0,0],"12":[0,0],"13":[0,0],"14":[0,0],"15":[0,0]},"_coverageSchema":"1a1c01bbd47fc00a2c39e90264f33305004495a9","hash":"ae17f4aec144b08a15f1f584833da5882ab2a12e"}
,"/home/jones/3.Educacional/Academic/Jala University/Term 4/Module 1/Programming 4/uno/src/controllers/ScoreController.js": {"path":"/home/jones/3.Educacional/Academic/Jala University/Term 4/Module 1/Programming 4/uno/src/controllers/ScoreController.js","statementMap":{"0":{"start":{"line":1,"column":21},"end":{"line":1,"column":56}},"1":{"start":{"line":5,"column":8},"end":{"line":13,"column":9}},"2":{"start":{"line":6,"column":26},"end":{"line":6,"column":61}},"3":{"start":{"line":7,"column":12},"end":{"line":7,"column":40}},"4":{"start":{"line":9,"column":12},"end":{"line":11,"column":13}},"5":{"start":{"line":10,"column":16},"end":{"line":10,"column":70}},"6":{"start":{"line":12,"column":12},"end":{"line":12,"column":24}},"7":{"start":{"line":17,"column":8},"end":{"line":22,"column":9}},"8":{"start":{"line":18,"column":27},"end":{"line":18,"column":55}},"9":{"start":{"line":19,"column":12},"end":{"line":19,"column":41}},"10":{"start":{"line":21,"column":12},"end":{"line":21,"column":24}},"11":{"start":{"line":26,"column":8},"end":{"line":34,"column":9}},"12":{"start":{"line":27,"column":26},"end":{"line":27,"column":68}},"13":{"start":{"line":28,"column":12},"end":{"line":30,"column":13}},"14":{"start":{"line":29,"column":16},"end":{"line":29,"column":74}},"15":{"start":{"line":31,"column":12},"end":{"line":31,"column":40}},"16":{"start":{"line":33,"column":12},"end":{"line":33,"column":24}},"17":{"start":{"line":41,"column":8},"end":{"line":46,"column":9}},"18":{"start":{"line":42,"column":28},"end":{"line":42,"column":66}},"19":{"start":{"line":43,"column":12},"end":{"line":43,"column":42}},"20":{"start":{"line":45,"column":12},"end":{"line":45,"column":24}},"21":{"start":{"line":53,"column":8},"end":{"line":58,"column":9}},"22":{"start":{"line":54,"column":26},"end":{"line":54,"column":57}},"23":{"start":{"line":55,"column":12},"end":{"line":55,"column":40}},"24":{"start":{"line":57,"column":12},"end":{"line":57,"column":24}},"25":{"start":{"line":65,"column":8},"end":{"line":71,"column":9}},"26":{"start":{"line":66,"column":29},"end":{"line":66,"column":58}},"27":{"start":{"line":67,"column":26},"end":{"line":67,"column":79}},"28":{"start":{"line":68,"column":12},"end":{"line":68,"column":40}},"29":{"start":{"line":70,"column":12},"end":{"line":70,"column":24}},"30":{"start":{"line":75,"column":8},"end":{"line":83,"column":9}},"31":{"start":{"line":76,"column":33},"end":{"line":76,"column":83}},"32":{"start":{"line":77,"column":12},"end":{"line":79,"column":13}},"33":{"start":{"line":78,"column":16},"end":{"line":78,"column":74}},"34":{"start":{"line":80,"column":12},"end":{"line":80,"column":47}},"35":{"start":{"line":82,"column":12},"end":{"line":82,"column":24}},"36":{"start":{"line":87,"column":8},"end":{"line":95,"column":9}},"37":{"start":{"line":88,"column":28},"end":{"line":88,"column":68}},"38":{"start":{"line":89,"column":12},"end":{"line":91,"column":13}},"39":{"start":{"line":90,"column":16},"end":{"line":90,"column":74}},"40":{"start":{"line":92,"column":12},"end":{"line":92,"column":35}},"41":{"start":{"line":94,"column":12},"end":{"line":94,"column":24}},"42":{"start":{"line":99,"column":0},"end":{"line":99,"column":39}}},"fnMap":{"0":{"name":"(anonymous_0)","decl":{"start":{"line":4,"column":4},"end":{"line":4,"column":5}},"loc":{"start":{"line":4,"column":33},"end":{"line":14,"column":5}},"line":4},"1":{"name":"(anonymous_1)","decl":{"start":{"line":16,"column":4},"end":{"line":16,"column":5}},"loc":{"start":{"line":16,"column":34},"end":{"line":23,"column":5}},"line":16},"2":{"name":"(anonymous_2)","decl":{"start":{"line":25,"column":4},"end":{"line":25,"column":5}},"loc":{"start":{"line":25,"column":34},"end":{"line":35,"column":5}},"line":25},"3":{"name":"(anonymous_3)","decl":{"start":{"line":40,"column":4},"end":{"line":40,"column":5}},"loc":{"start":{"line":40,"column":39},"end":{"line":47,"column":5}},"line":40},"4":{"name":"(anonymous_4)","decl":{"start":{"line":52,"column":4},"end":{"line":52,"column":5}},"loc":{"start":{"line":52,"column":37},"end":{"line":59,"column":5}},"line":52},"5":{"name":"(anonymous_5)","decl":{"start":{"line":64,"column":4},"end":{"line":64,"column":5}},"loc":{"start":{"line":64,"column":51},"end":{"line":72,"column":5}},"line":64},"6":{"name":"(anonymous_6)","decl":{"start":{"line":74,"column":4},"end":{"line":74,"column":5}},"loc":{"start":{"line":74,"column":33},"end":{"line":84,"column":5}},"line":74},"7":{"name":"(anonymous_7)","decl":{"start":{"line":86,"column":4},"end":{"line":86,"column":5}},"loc":{"start":{"line":86,"column":33},"end":{"line":96,"column":5}},"line":86}},"branchMap":{"0":{"loc":{"start":{"line":9,"column":12},"end":{"line":11,"column":13}},"type":"if","locations":[{"start":{"line":9,"column":12},"end":{"line":11,"column":13}},{"start":{},"end":{}}],"line":9},"1":{"loc":{"start":{"line":28,"column":12},"end":{"line":30,"column":13}},"type":"if","locations":[{"start":{"line":28,"column":12},"end":{"line":30,"column":13}},{"start":{},"end":{}}],"line":28},"2":{"loc":{"start":{"line":77,"column":12},"end":{"line":79,"column":13}},"type":"if","locations":[{"start":{"line":77,"column":12},"end":{"line":79,"column":13}},{"start":{},"end":{}}],"line":77},"3":{"loc":{"start":{"line":89,"column":12},"end":{"line":91,"column":13}},"type":"if","locations":[{"start":{"line":89,"column":12},"end":{"line":91,"column":13}},{"start":{},"end":{}}],"line":89}},"s":{"0":2,"1":0,"2":0,"3":0,"4":0,"5":0,"6":0,"7":0,"8":0,"9":0,"10":0,"11":0,"12":0,"13":0,"14":0,"15":0,"16":0,"17":0,"18":0,"19":0,"20":0,"21":0,"22":0,"23":0,"24":0,"25":0,"26":0,"27":0,"28":0,"29":0,"30":0,"31":0,"32":0,"33":0,"34":0,"35":0,"36":0,"37":0,"38":0,"39":0,"40":0,"41":0,"42":2},"f":{"0":0,"1":0,"2":0,"3":0,"4":0,"5":0,"6":0,"7":0},"b":{"0":[0,0],"1":[0,0],"2":[0,0],"3":[0,0]},"_coverageSchema":"1a1c01bbd47fc00a2c39e90264f33305004495a9","hash":"6beb0ba36b9c7c0edab7dc76bdc4f5186dc6dba1"}
,"/home/jones/3.Educacional/Academic/Jala University/Term 4/Module 1/Programming 4/uno/src/controllers/UserController.js": {"path":"/home/jones/3.Educacional/Academic/Jala University/Term 4/Module 1/Programming 4/uno/src/controllers/UserController.js","statementMap":{"0":{"start":{"line":1,"column":20},"end":{"line":1,"column":57}},"1":{"start":{"line":5,"column":8},"end":{"line":15,"column":9}},"2":{"start":{"line":6,"column":27},"end":{"line":6,"column":61}},"3":{"start":{"line":8,"column":12},"end":{"line":10,"column":13}},"4":{"start":{"line":9,"column":16},"end":{"line":9,"column":52}},"5":{"start":{"line":12,"column":12},"end":{"line":12,"column":41}},"6":{"start":{"line":14,"column":12},"end":{"line":14,"column":24}},"7":{"start":{"line":19,"column":8},"end":{"line":27,"column":9}},"8":{"start":{"line":20,"column":25},"end":{"line":20,"column":66}},"9":{"start":{"line":21,"column":12},"end":{"line":23,"column":13}},"10":{"start":{"line":22,"column":16},"end":{"line":22,"column":73}},"11":{"start":{"line":24,"column":12},"end":{"line":24,"column":46}},"12":{"start":{"line":26,"column":12},"end":{"line":26,"column":24}},"13":{"start":{"line":31,"column":8},"end":{"line":39,"column":9}},"14":{"start":{"line":32,"column":32},"end":{"line":32,"column":81}},"15":{"start":{"line":33,"column":12},"end":{"line":35,"column":13}},"16":{"start":{"line":34,"column":16},"end":{"line":34,"column":75}},"17":{"start":{"line":36,"column":12},"end":{"line":36,"column":53}},"18":{"start":{"line":38,"column":12},"end":{"line":38,"column":24}},"19":{"start":{"line":43,"column":8},"end":{"line":48,"column":9}},"20":{"start":{"line":44,"column":26},"end":{"line":44,"column":53}},"21":{"start":{"line":45,"column":12},"end":{"line":45,"column":47}},"22":{"start":{"line":47,"column":12},"end":{"line":47,"column":24}},"23":{"start":{"line":52,"column":8},"end":{"line":60,"column":9}},"24":{"start":{"line":53,"column":28},"end":{"line":53,"column":67}},"25":{"start":{"line":54,"column":12},"end":{"line":56,"column":13}},"26":{"start":{"line":55,"column":16},"end":{"line":55,"column":73}},"27":{"start":{"line":57,"column":12},"end":{"line":57,"column":42}},"28":{"start":{"line":59,"column":12},"end":{"line":59,"column":24}},"29":{"start":{"line":64,"column":8},"end":{"line":70,"column":9}},"30":{"start":{"line":65,"column":40},"end":{"line":65,"column":48}},"31":{"start":{"line":66,"column":40},"end":{"line":66,"column":80}},"32":{"start":{"line":67,"column":12},"end":{"line":67,"column":49}},"33":{"start":{"line":69,"column":12},"end":{"line":69,"column":24}},"34":{"start":{"line":74,"column":8},"end":{"line":84,"column":9}},"35":{"start":{"line":75,"column":25},"end":{"line":75,"column":63}},"36":{"start":{"line":77,"column":12},"end":{"line":79,"column":13}},"37":{"start":{"line":78,"column":12},"end":{"line":78,"column":77}},"38":{"start":{"line":81,"column":12},"end":{"line":81,"column":34}},"39":{"start":{"line":83,"column":12},"end":{"line":83,"column":21}},"40":{"start":{"line":89,"column":0},"end":{"line":89,"column":38}}},"fnMap":{"0":{"name":"(anonymous_0)","decl":{"start":{"line":4,"column":4},"end":{"line":4,"column":5}},"loc":{"start":{"line":4,"column":33},"end":{"line":16,"column":5}},"line":4},"1":{"name":"(anonymous_1)","decl":{"start":{"line":18,"column":4},"end":{"line":18,"column":5}},"loc":{"start":{"line":18,"column":34},"end":{"line":28,"column":5}},"line":18},"2":{"name":"(anonymous_2)","decl":{"start":{"line":30,"column":4},"end":{"line":30,"column":5}},"loc":{"start":{"line":30,"column":33},"end":{"line":40,"column":5}},"line":30},"3":{"name":"(anonymous_3)","decl":{"start":{"line":42,"column":4},"end":{"line":42,"column":5}},"loc":{"start":{"line":42,"column":34},"end":{"line":49,"column":5}},"line":42},"4":{"name":"(anonymous_4)","decl":{"start":{"line":51,"column":4},"end":{"line":51,"column":5}},"loc":{"start":{"line":51,"column":33},"end":{"line":61,"column":5}},"line":51},"5":{"name":"(anonymous_5)","decl":{"start":{"line":63,"column":4},"end":{"line":63,"column":5}},"loc":{"start":{"line":63,"column":32},"end":{"line":71,"column":5}},"line":63},"6":{"name":"(anonymous_6)","decl":{"start":{"line":73,"column":4},"end":{"line":73,"column":5}},"loc":{"start":{"line":73,"column":33},"end":{"line":86,"column":5}},"line":73}},"branchMap":{"0":{"loc":{"start":{"line":8,"column":12},"end":{"line":10,"column":13}},"type":"if","locations":[{"start":{"line":8,"column":12},"end":{"line":10,"column":13}},{"start":{},"end":{}}],"line":8},"1":{"loc":{"start":{"line":21,"column":12},"end":{"line":23,"column":13}},"type":"if","locations":[{"start":{"line":21,"column":12},"end":{"line":23,"column":13}},{"start":{},"end":{}}],"line":21},"2":{"loc":{"start":{"line":33,"column":12},"end":{"line":35,"column":13}},"type":"if","locations":[{"start":{"line":33,"column":12},"end":{"line":35,"column":13}},{"start":{},"end":{}}],"line":33},"3":{"loc":{"start":{"line":54,"column":12},"end":{"line":56,"column":13}},"type":"if","locations":[{"start":{"line":54,"column":12},"end":{"line":56,"column":13}},{"start":{},"end":{}}],"line":54},"4":{"loc":{"start":{"line":77,"column":12},"end":{"line":79,"column":13}},"type":"if","locations":[{"start":{"line":77,"column":12},"end":{"line":79,"column":13}},{"start":{},"end":{}}],"line":77}},"s":{"0":2,"1":0,"2":0,"3":0,"4":0,"5":0,"6":0,"7":0,"8":0,"9":0,"10":0,"11":0,"12":0,"13":0,"14":0,"15":0,"16":0,"17":0,"18":0,"19":0,"20":0,"21":0,"22":0,"23":0,"24":0,"25":0,"26":0,"27":0,"28":0,"29":0,"30":0,"31":0,"32":0,"33":0,"34":0,"35":0,"36":0,"37":0,"38":0,"39":0,"40":2},"f":{"0":0,"1":0,"2":0,"3":0,"4":0,"5":0,"6":0},"b":{"0":[0,0],"1":[0,0],"2":[0,0],"3":[0,0],"4":[0,0]},"_coverageSchema":"1a1c01bbd47fc00a2c39e90264f33305004495a9","hash":"c290edb8c427d5bb2913694a23ad8b5452387afb"}
,"/home/jones/3.Educacional/Academic/Jala University/Term 4/Module 1/Programming 4/uno/src/middlewares/auth.middleware.js": {"path":"/home/jones/3.Educacional/Academic/Jala University/Term 4/Module 1/Programming 4/uno/src/middlewares/auth.middleware.js","statementMap":{"0":{"start":{"line":1,"column":12},"end":{"line":1,"column":35}},"1":{"start":{"line":3,"column":0},"end":{"line":19,"column":1}},"2":{"start":{"line":4,"column":23},"end":{"line":4,"column":48}},"3":{"start":{"line":6,"column":4},"end":{"line":8,"column":5}},"4":{"start":{"line":7,"column":8},"end":{"line":7,"column":68}},"5":{"start":{"line":10,"column":21},"end":{"line":10,"column":42}},"6":{"start":{"line":12,"column":4},"end":{"line":18,"column":5}},"7":{"start":{"line":13,"column":24},"end":{"line":13,"column":65}},"8":{"start":{"line":14,"column":8},"end":{"line":14,"column":32}},"9":{"start":{"line":15,"column":8},"end":{"line":15,"column":15}},"10":{"start":{"line":17,"column":8},"end":{"line":17,"column":60}}},"fnMap":{"0":{"name":"auth","decl":{"start":{"line":3,"column":26},"end":{"line":3,"column":30}},"loc":{"start":{"line":3,"column":46},"end":{"line":19,"column":1}},"line":3}},"branchMap":{"0":{"loc":{"start":{"line":6,"column":4},"end":{"line":8,"column":5}},"type":"if","locations":[{"start":{"line":6,"column":4},"end":{"line":8,"column":5}},{"start":{},"end":{}}],"line":6}},"s":{"0":2,"1":2,"2":6,"3":6,"4":0,"5":6,"6":6,"7":6,"8":4,"9":4,"10":2},"f":{"0":6},"b":{"0":[0,6]},"_coverageSchema":"1a1c01bbd47fc00a2c39e90264f33305004495a9","hash":"ff663fed17498e4e64adafeed809ba3f132053cb"}
,"/home/jones/3.Educacional/Academic/Jala University/Term 4/Module 1/Programming 4/uno/src/middlewares/errorMiddleware.js": {"path":"/home/jones/3.Educacional/Academic/Jala University/Term 4/Module 1/Programming 4/uno/src/middlewares/errorMiddleware.js","statementMap":{"0":{"start":{"line":1,"column":0},"end":{"line":9,"column":2}},"1":{"start":{"line":2,"column":2},"end":{"line":8,"column":3}},"2":{"start":{"line":3,"column":4},"end":{"line":3,"column":25}},"3":{"start":{"line":4,"column":4},"end":{"line":7,"column":7}}},"fnMap":{"0":{"name":"(anonymous_0)","decl":{"start":{"line":1,"column":17},"end":{"line":1,"column":18}},"loc":{"start":{"line":1,"column":44},"end":{"line":9,"column":1}},"line":1}},"branchMap":{"0":{"loc":{"start":{"line":2,"column":2},"end":{"line":8,"column":3}},"type":"if","locations":[{"start":{"line":2,"column":2},"end":{"line":8,"column":3}},{"start":{},"end":{}}],"line":2}},"s":{"0":2,"1":0,"2":0,"3":0},"f":{"0":0},"b":{"0":[0,0]},"_coverageSchema":"1a1c01bbd47fc00a2c39e90264f33305004495a9","hash":"363b845dc52dfce9020b7de5d52a8fc1dc0f03f6"}
,"/home/jones/3.Educacional/Academic/Jala University/Term 4/Module 1/Programming 4/uno/src/models/Assossietions.js": {"path":"/home/jones/3.Educacional/Academic/Jala University/Term 4/Module 1/Programming 4/uno/src/models/Assossietions.js","statementMap":{"0":{"start":{"line":1,"column":13},"end":{"line":1,"column":33}},"1":{"start":{"line":2,"column":19},"end":{"line":2,"column":45}},"2":{"start":{"line":4,"column":0},"end":{"line":7,"column":3}},"3":{"start":{"line":9,"column":0},"end":{"line":12,"column":3}},"4":{"start":{"line":14,"column":0},"end":{"line":17,"column":2}}},"fnMap":{},"branchMap":{},"s":{"0":2,"1":2,"2":2,"3":2,"4":2},"f":{},"b":{},"_coverageSchema":"1a1c01bbd47fc00a2c39e90264f33305004495a9","hash":"1619bcbe9b7d8e9074e4cdb17f90ef0c4659a0bb"}
,"/home/jones/3.Educacional/Academic/Jala University/Term 4/Module 1/Programming 4/uno/src/models/Card.js": {"path":"/home/jones/3.Educacional/Academic/Jala University/Term 4/Module 1/Programming 4/uno/src/models/Card.js","statementMap":{"0":{"start":{"line":1,"column":22},"end":{"line":1,"column":42}},"1":{"start":{"line":2,"column":18},"end":{"line":2,"column":40}},"2":{"start":{"line":4,"column":13},"end":{"line":17,"column":2}},"3":{"start":{"line":19,"column":0},"end":{"line":19,"column":22}}},"fnMap":{},"branchMap":{},"s":{"0":9,"1":9,"2":9,"3":9},"f":{},"b":{},"_coverageSchema":"1a1c01bbd47fc00a2c39e90264f33305004495a9","hash":"168f55c5aeb95acdec6af5b7fdbdd87a22dcf2e8"}
,"/home/jones/3.Educacional/Academic/Jala University/Term 4/Module 1/Programming 4/uno/src/models/Game.js": {"path":"/home/jones/3.Educacional/Academic/Jala University/Term 4/Module 1/Programming 4/uno/src/models/Game.js","statementMap":{"0":{"start":{"line":1,"column":22},"end":{"line":1,"column":42}},"1":{"start":{"line":2,"column":18},"end":{"line":2,"column":40}},"2":{"start":{"line":5,"column":13},"end":{"line":38,"column":2}},"3":{"start":{"line":40,"column":0},"end":{"line":40,"column":22}}},"fnMap":{},"branchMap":{},"s":{"0":5,"1":5,"2":5,"3":5},"f":{},"b":{},"_coverageSchema":"1a1c01bbd47fc00a2c39e90264f33305004495a9","hash":"8c5db034af50acc63b037c4bb38fb59738550f33"}
,"/home/jones/3.Educacional/Academic/Jala University/Term 4/Module 1/Programming 4/uno/src/models/GamePlayer.js": {"path":"/home/jones/3.Educacional/Academic/Jala University/Term 4/Module 1/Programming 4/uno/src/models/GamePlayer.js","statementMap":{"0":{"start":{"line":1,"column":22},"end":{"line":1,"column":42}},"1":{"start":{"line":2,"column":18},"end":{"line":2,"column":40}},"2":{"start":{"line":6,"column":19},"end":{"line":26,"column":2}},"3":{"start":{"line":28,"column":0},"end":{"line":28,"column":28}}},"fnMap":{},"branchMap":{},"s":{"0":9,"1":9,"2":9,"3":9},"f":{},"b":{},"_coverageSchema":"1a1c01bbd47fc00a2c39e90264f33305004495a9","hash":"2ee4a43973d2accb334dcb487028af089ecf57a4"}
,"/home/jones/3.Educacional/Academic/Jala University/Term 4/Module 1/Programming 4/uno/src/models/Score.js": {"path":"/home/jones/3.Educacional/Academic/Jala University/Term 4/Module 1/Programming 4/uno/src/models/Score.js","statementMap":{"0":{"start":{"line":1,"column":22},"end":{"line":1,"column":42}},"1":{"start":{"line":2,"column":18},"end":{"line":2,"column":40}},"2":{"start":{"line":4,"column":14},"end":{"line":17,"column":2}},"3":{"start":{"line":19,"column":0},"end":{"line":19,"column":23}}},"fnMap":{},"branchMap":{},"s":{"0":3,"1":3,"2":3,"3":3},"f":{},"b":{},"_coverageSchema":"1a1c01bbd47fc00a2c39e90264f33305004495a9","hash":"4610d3c7059d2b10eec3150c513813787f8d15a9"}
,"/home/jones/3.Educacional/Academic/Jala University/Term 4/Module 1/Programming 4/uno/src/models/TokenBlacklist.js": {"path":"/home/jones/3.Educacional/Academic/Jala University/Term 4/Module 1/Programming 4/uno/src/models/TokenBlacklist.js","statementMap":{"0":{"start":{"line":1,"column":20},"end":{"line":1,"column":40}},"1":{"start":{"line":2,"column":18},"end":{"line":2,"column":43}},"2":{"start":{"line":4,"column":23},"end":{"line":10,"column":2}},"3":{"start":{"line":12,"column":0},"end":{"line":12,"column":32}}},"fnMap":{},"branchMap":{},"s":{"0":4,"1":4,"2":4,"3":4},"f":{},"b":{},"_coverageSchema":"1a1c01bbd47fc00a2c39e90264f33305004495a9","hash":"516ec14db0a87cdb39ccf6da6989781d251537eb"}
,"/home/jones/3.Educacional/Academic/Jala University/Term 4/Module 1/Programming 4/uno/src/models/User.js": {"path":"/home/jones/3.Educacional/Academic/Jala University/Term 4/Module 1/Programming 4/uno/src/models/User.js","statementMap":{"0":{"start":{"line":1,"column":22},"end":{"line":1,"column":42}},"1":{"start":{"line":2,"column":18},"end":{"line":2,"column":40}},"2":{"start":{"line":3,"column":15},"end":{"line":3,"column":32}},"3":{"start":{"line":5,"column":13},"end":{"line":31,"column":2}},"4":{"start":{"line":33,"column":0},"end":{"line":36,"column":3}},"5":{"start":{"line":34,"column":17},"end":{"line":34,"column":19}},"6":{"start":{"line":35,"column":4},"end":{"line":35,"column":59}},"7":{"start":{"line":38,"column":0},"end":{"line":43,"column":3}},"8":{"start":{"line":39,"column":4},"end":{"line":42,"column":5}},"9":{"start":{"line":40,"column":21},"end":{"line":40,"column":23}},"10":{"start":{"line":41,"column":8},"end":{"line":41,"column":63}},"11":{"start":{"line":45,"column":0},"end":{"line":45,"column":22}}},"fnMap":{"0":{"name":"(anonymous_0)","decl":{"start":{"line":33,"column":18},"end":{"line":33,"column":19}},"loc":{"start":{"line":33,"column":34},"end":{"line":36,"column":1}},"line":33},"1":{"name":"(anonymous_1)","decl":{"start":{"line":38,"column":18},"end":{"line":38,"column":19}},"loc":{"start":{"line":38,"column":34},"end":{"line":43,"column":1}},"line":38}},"branchMap":{"0":{"loc":{"start":{"line":39,"column":4},"end":{"line":42,"column":5}},"type":"if","locations":[{"start":{"line":39,"column":4},"end":{"line":42,"column":5}},{"start":{},"end":{}}],"line":39}},"s":{"0":4,"1":4,"2":4,"3":4,"4":4,"5":0,"6":0,"7":4,"8":0,"9":0,"10":0,"11":4},"f":{"0":0,"1":0},"b":{"0":[0,0]},"_coverageSchema":"1a1c01bbd47fc00a2c39e90264f33305004495a9","hash":"12e706ff7d0d955b3042ecaa159c8b1b45772c19"}
,"/home/jones/3.Educacional/Academic/Jala University/Term 4/Module 1/Programming 4/uno/src/repositories/CardRepository.js": {"path":"/home/jones/3.Educacional/Academic/Jala University/Term 4/Module 1/Programming 4/uno/src/repositories/CardRepository.js","statementMap":{"0":{"start":{"line":1,"column":13},"end":{"line":1,"column":38}},"1":{"start":{"line":5,"column":8},"end":{"line":5,"column":39}},"2":{"start":{"line":9,"column":8},"end":{"line":9,"column":36}},"3":{"start":{"line":13,"column":8},"end":{"line":13,"column":39}},"4":{"start":{"line":18,"column":21},"end":{"line":18,"column":44}},"5":{"start":{"line":19,"column":8},"end":{"line":19,"column":47}},"6":{"start":{"line":19,"column":23},"end":{"line":19,"column":47}},"7":{"start":{"line":20,"column":8},"end":{"line":20,"column":47}},"8":{"start":{"line":20,"column":23},"end":{"line":20,"column":47}},"9":{"start":{"line":21,"column":8},"end":{"line":21,"column":49}},"10":{"start":{"line":21,"column":24},"end":{"line":21,"column":49}},"11":{"start":{"line":22,"column":8},"end":{"line":22,"column":25}},"12":{"start":{"line":23,"column":8},"end":{"line":23,"column":19}},"13":{"start":{"line":29,"column":8},"end":{"line":29,"column":48}},"14":{"start":{"line":33,"column":8},"end":{"line":33,"column":36}},"15":{"start":{"line":37,"column":0},"end":{"line":37,"column":38}}},"fnMap":{"0":{"name":"(anonymous_0)","decl":{"start":{"line":4,"column":4},"end":{"line":4,"column":5}},"loc":{"start":{"line":4,"column":23},"end":{"line":6,"column":5}},"line":4},"1":{"name":"(anonymous_1)","decl":{"start":{"line":8,"column":4},"end":{"line":8,"column":5}},"loc":{"start":{"line":8,"column":20},"end":{"line":10,"column":5}},"line":8},"2":{"name":"(anonymous_2)","decl":{"start":{"line":12,"column":4},"end":{"line":12,"column":5}},"loc":{"start":{"line":12,"column":23},"end":{"line":14,"column":5}},"line":12},"3":{"name":"(anonymous_3)","decl":{"start":{"line":16,"column":4},"end":{"line":16,"column":5}},"loc":{"start":{"line":16,"column":27},"end":{"line":25,"column":5}},"line":16},"4":{"name":"(anonymous_4)","decl":{"start":{"line":27,"column":4},"end":{"line":27,"column":5}},"loc":{"start":{"line":27,"column":32},"end":{"line":30,"column":5}},"line":27},"5":{"name":"(anonymous_5)","decl":{"start":{"line":32,"column":4},"end":{"line":32,"column":5}},"loc":{"start":{"line":32,"column":23},"end":{"line":34,"column":5}},"line":32}},"branchMap":{"0":{"loc":{"start":{"line":19,"column":8},"end":{"line":19,"column":47}},"type":"if","locations":[{"start":{"line":19,"column":8},"end":{"line":19,"column":47}},{"start":{},"end":{}}],"line":19},"1":{"loc":{"start":{"line":20,"column":8},"end":{"line":20,"column":47}},"type":"if","locations":[{"start":{"line":20,"column":8},"end":{"line":20,"column":47}},{"start":{},"end":{}}],"line":20},"2":{"loc":{"start":{"line":21,"column":8},"end":{"line":21,"column":49}},"type":"if","locations":[{"start":{"line":21,"column":8},"end":{"line":21,"column":49}},{"start":{},"end":{}}],"line":21}},"s":{"0":9,"1":0,"2":0,"3":0,"4":0,"5":0,"6":0,"7":0,"8":0,"9":0,"10":0,"11":0,"12":0,"13":3,"14":0,"15":9},"f":{"0":0,"1":0,"2":0,"3":0,"4":3,"5":0},"b":{"0":[0,0],"1":[0,0],"2":[0,0]},"_coverageSchema":"1a1c01bbd47fc00a2c39e90264f33305004495a9","hash":"ff139de461a8616cb56277633527d3449dc44be8"}
,"/home/jones/3.Educacional/Academic/Jala University/Term 4/Module 1/Programming 4/uno/src/repositories/GamePlayerRepository.js": {"path":"/home/jones/3.Educacional/Academic/Jala University/Term 4/Module 1/Programming 4/uno/src/repositories/GamePlayerRepository.js","statementMap":{"0":{"start":{"line":1,"column":19},"end":{"line":1,"column":53}},"1":{"start":{"line":5,"column":8},"end":{"line":5,"column":45}},"2":{"start":{"line":9,"column":8},"end":{"line":11,"column":11}},"3":{"start":{"line":15,"column":8},"end":{"line":20,"column":11}},"4":{"start":{"line":24,"column":6},"end":{"line":26,"column":9}},"5":{"start":{"line":30,"column":8},"end":{"line":30,"column":45}},"6":{"start":{"line":34,"column":8},"end":{"line":34,"column":42}},"7":{"start":{"line":38,"column":8},"end":{"line":40,"column":11}},"8":{"start":{"line":43,"column":31},"end":{"line":43,"column":65}},"9":{"start":{"line":50,"column":0},"end":{"line":50,"column":44}}},"fnMap":{"0":{"name":"(anonymous_0)","decl":{"start":{"line":4,"column":4},"end":{"line":4,"column":5}},"loc":{"start":{"line":4,"column":23},"end":{"line":6,"column":5}},"line":4},"1":{"name":"(anonymous_1)","decl":{"start":{"line":8,"column":4},"end":{"line":8,"column":5}},"loc":{"start":{"line":8,"column":31},"end":{"line":12,"column":5}},"line":8},"2":{"name":"(anonymous_2)","decl":{"start":{"line":14,"column":4},"end":{"line":14,"column":5}},"loc":{"start":{"line":14,"column":36},"end":{"line":21,"column":5}},"line":14},"3":{"name":"(anonymous_3)","decl":{"start":{"line":23,"column":4},"end":{"line":23,"column":5}},"loc":{"start":{"line":23,"column":43},"end":{"line":27,"column":5}},"line":23},"4":{"name":"(anonymous_4)","decl":{"start":{"line":29,"column":4},"end":{"line":29,"column":5}},"loc":{"start":{"line":29,"column":35},"end":{"line":31,"column":5}},"line":29},"5":{"name":"(anonymous_5)","decl":{"start":{"line":33,"column":4},"end":{"line":33,"column":5}},"loc":{"start":{"line":33,"column":29},"end":{"line":35,"column":5}},"line":33},"6":{"name":"(anonymous_6)","decl":{"start":{"line":37,"column":4},"end":{"line":37,"column":5}},"loc":{"start":{"line":37,"column":36},"end":{"line":41,"column":5}},"line":37},"7":{"name":"(anonymous_7)","decl":{"start":{"line":43,"column":4},"end":{"line":43,"column":5}},"loc":{"start":{"line":43,"column":29},"end":{"line":43,"column":67}},"line":43}},"branchMap":{},"s":{"0":6,"1":4,"2":3,"3":0,"4":0,"5":0,"6":0,"7":0,"8":0,"9":6},"f":{"0":4,"1":3,"2":0,"3":0,"4":0,"5":0,"6":0,"7":0},"b":{},"_coverageSchema":"1a1c01bbd47fc00a2c39e90264f33305004495a9","hash":"c03bc295ec27ad24a51af6e4a8b1591fccd22c4b"}
,"/home/jones/3.Educacional/Academic/Jala University/Term 4/Module 1/Programming 4/uno/src/repositories/GameRepository.js": {"path":"/home/jones/3.Educacional/Academic/Jala University/Term 4/Module 1/Programming 4/uno/src/repositories/GameRepository.js","statementMap":{"0":{"start":{"line":1,"column":13},"end":{"line":1,"column":41}},"1":{"start":{"line":2,"column":19},"end":{"line":2,"column":53}},"2":{"start":{"line":6,"column":8},"end":{"line":6,"column":39}},"3":{"start":{"line":10,"column":8},"end":{"line":10,"column":36}},"4":{"start":{"line":14,"column":8},"end":{"line":27,"column":11}},"5":{"start":{"line":32,"column":8},"end":{"line":32,"column":39}},"6":{"start":{"line":36,"column":8},"end":{"line":36,"column":36}},"7":{"start":{"line":40,"column":0},"end":{"line":40,"column":38}}},"fnMap":{"0":{"name":"(anonymous_0)","decl":{"start":{"line":5,"column":4},"end":{"line":5,"column":5}},"loc":{"start":{"line":5,"column":23},"end":{"line":7,"column":5}},"line":5},"1":{"name":"(anonymous_1)","decl":{"start":{"line":9,"column":4},"end":{"line":9,"column":5}},"loc":{"start":{"line":9,"column":20},"end":{"line":11,"column":5}},"line":9},"2":{"name":"(anonymous_2)","decl":{"start":{"line":13,"column":4},"end":{"line":13,"column":5}},"loc":{"start":{"line":13,"column":23},"end":{"line":28,"column":5}},"line":13},"3":{"name":"(anonymous_3)","decl":{"start":{"line":30,"column":4},"end":{"line":30,"column":5}},"loc":{"start":{"line":30,"column":29},"end":{"line":33,"column":5}},"line":30},"4":{"name":"(anonymous_4)","decl":{"start":{"line":35,"column":4},"end":{"line":35,"column":5}},"loc":{"start":{"line":35,"column":23},"end":{"line":37,"column":5}},"line":35}},"branchMap":{},"s":{"0":5,"1":5,"2":3,"3":0,"4":1,"5":0,"6":0,"7":5},"f":{"0":3,"1":0,"2":1,"3":0,"4":0},"b":{},"_coverageSchema":"1a1c01bbd47fc00a2c39e90264f33305004495a9","hash":"c2dd3bfaa1a3b80cc189f4dc42e6d3655292c67e"}
,"/home/jones/3.Educacional/Academic/Jala University/Term 4/Module 1/Programming 4/uno/src/repositories/ScoreRepository.js": {"path":"/home/jones/3.Educacional/Academic/Jala University/Term 4/Module 1/Programming 4/uno/src/repositories/ScoreRepository.js","statementMap":{"0":{"start":{"line":1,"column":14},"end":{"line":1,"column":40}},"1":{"start":{"line":5,"column":8},"end":{"line":5,"column":40}},"2":{"start":{"line":9,"column":8},"end":{"line":9,"column":37}},"3":{"start":{"line":13,"column":8},"end":{"line":13,"column":40}},"4":{"start":{"line":17,"column":8},"end":{"line":17,"column":48}},"5":{"start":{"line":21,"column":8},"end":{"line":21,"column":45}},"6":{"start":{"line":25,"column":0},"end":{"line":25,"column":39}}},"fnMap":{"0":{"name":"(anonymous_0)","decl":{"start":{"line":4,"column":4},"end":{"line":4,"column":5}},"loc":{"start":{"line":4,"column":23},"end":{"line":6,"column":5}},"line":4},"1":{"name":"(anonymous_1)","decl":{"start":{"line":8,"column":4},"end":{"line":8,"column":5}},"loc":{"start":{"line":8,"column":20},"end":{"line":10,"column":5}},"line":8},"2":{"name":"(anonymous_2)","decl":{"start":{"line":12,"column":4},"end":{"line":12,"column":5}},"loc":{"start":{"line":12,"column":23},"end":{"line":14,"column":5}},"line":12},"3":{"name":"(anonymous_3)","decl":{"start":{"line":16,"column":4},"end":{"line":16,"column":5}},"loc":{"start":{"line":16,"column":38},"end":{"line":18,"column":5}},"line":16},"4":{"name":"(anonymous_4)","decl":{"start":{"line":20,"column":4},"end":{"line":20,"column":5}},"loc":{"start":{"line":20,"column":32},"end":{"line":22,"column":5}},"line":20}},"branchMap":{},"s":{"0":3,"1":0,"2":0,"3":0,"4":0,"5":0,"6":3},"f":{"0":0,"1":0,"2":0,"3":0,"4":0},"b":{},"_coverageSchema":"1a1c01bbd47fc00a2c39e90264f33305004495a9","hash":"9bd1ee1dec5da556d6cb5c369bb60160edce7a08"}
,"/home/jones/3.Educacional/Academic/Jala University/Term 4/Module 1/Programming 4/uno/src/repositories/UserRepository.js": {"path":"/home/jones/3.Educacional/Academic/Jala University/Term 4/Module 1/Programming 4/uno/src/repositories/UserRepository.js","statementMap":{"0":{"start":{"line":1,"column":13},"end":{"line":1,"column":41}},"1":{"start":{"line":5,"column":24},"end":{"line":5,"column":47}},"2":{"start":{"line":6,"column":8},"end":{"line":9,"column":9}},"3":{"start":{"line":13,"column":24},"end":{"line":13,"column":68}},"4":{"start":{"line":14,"column":8},"end":{"line":21,"column":9}},"5":{"start":{"line":15,"column":12},"end":{"line":20,"column":13}},"6":{"start":{"line":22,"column":8},"end":{"line":22,"column":17}},"7":{"start":{"line":26,"column":8},"end":{"line":28,"column":11}},"8":{"start":{"line":32,"column":22},"end":{"line":32,"column":42}},"9":{"start":{"line":33,"column":8},"end":{"line":38,"column":11}},"10":{"start":{"line":33,"column":31},"end":{"line":38,"column":9}},"11":{"start":{"line":42,"column":8},"end":{"line":42,"column":35}},"12":{"start":{"line":46,"column":21},"end":{"line":46,"column":50}},"13":{"start":{"line":47,"column":8},"end":{"line":47,"column":28}},"14":{"start":{"line":51,"column":0},"end":{"line":51,"column":38}}},"fnMap":{"0":{"name":"(anonymous_0)","decl":{"start":{"line":4,"column":4},"end":{"line":4,"column":5}},"loc":{"start":{"line":4,"column":22},"end":{"line":10,"column":5}},"line":4},"1":{"name":"(anonymous_1)","decl":{"start":{"line":12,"column":4},"end":{"line":12,"column":5}},"loc":{"start":{"line":12,"column":22},"end":{"line":23,"column":5}},"line":12},"2":{"name":"(anonymous_2)","decl":{"start":{"line":25,"column":4},"end":{"line":25,"column":5}},"loc":{"start":{"line":25,"column":28},"end":{"line":29,"column":5}},"line":25},"3":{"name":"(anonymous_3)","decl":{"start":{"line":31,"column":4},"end":{"line":31,"column":5}},"loc":{"start":{"line":31,"column":19},"end":{"line":39,"column":5}},"line":31},"4":{"name":"(anonymous_4)","decl":{"start":{"line":33,"column":25},"end":{"line":33,"column":26}},"loc":{"start":{"line":33,"column":31},"end":{"line":38,"column":9}},"line":33},"5":{"name":"(anonymous_5)","decl":{"start":{"line":41,"column":4},"end":{"line":41,"column":5}},"loc":{"start":{"line":41,"column":22},"end":{"line":43,"column":5}},"line":41},"6":{"name":"(anonymous_6)","decl":{"start":{"line":45,"column":4},"end":{"line":45,"column":5}},"loc":{"start":{"line":45,"column":28},"end":{"line":48,"column":5}},"line":45}},"branchMap":{"0":{"loc":{"start":{"line":14,"column":8},"end":{"line":21,"column":9}},"type":"if","locations":[{"start":{"line":14,"column":8},"end":{"line":21,"column":9}},{"start":{},"end":{}}],"line":14}},"s":{"0":4,"1":0,"2":0,"3":0,"4":0,"5":0,"6":0,"7":0,"8":0,"9":0,"10":0,"11":0,"12":0,"13":0,"14":4},"f":{"0":0,"1":0,"2":0,"3":0,"4":0,"5":0,"6":0},"b":{"0":[0,0]},"_coverageSchema":"1a1c01bbd47fc00a2c39e90264f33305004495a9","hash":"d346669d992a53e0b1e9ea1af8861d2f5b63ba63"}
,"/home/jones/3.Educacional/Academic/Jala University/Term 4/Module 1/Programming 4/uno/src/routes/CardRoutes.js": {"path":"/home/jones/3.Educacional/Academic/Jala University/Term 4/Module 1/Programming 4/uno/src/routes/CardRoutes.js","statementMap":{"0":{"start":{"line":1,"column":16},"end":{"line":1,"column":34}},"1":{"start":{"line":2,"column":23},"end":{"line":2,"column":63}},"2":{"start":{"line":3,"column":15},"end":{"line":3,"column":31}},"3":{"start":{"line":5,"column":0},"end":{"line":5,"column":40}},"4":{"start":{"line":6,"column":0},"end":{"line":6,"column":40}},"5":{"start":{"line":7,"column":0},"end":{"line":7,"column":43}},"6":{"start":{"line":8,"column":0},"end":{"line":8,"column":42}},"7":{"start":{"line":9,"column":0},"end":{"line":9,"column":45}},"8":{"start":{"line":11,"column":0},"end":{"line":11,"column":24}}},"fnMap":{},"branchMap":{},"s":{"0":2,"1":2,"2":2,"3":2,"4":2,"5":2,"6":2,"7":2,"8":2},"f":{},"b":{},"_coverageSchema":"1a1c01bbd47fc00a2c39e90264f33305004495a9","hash":"e4f30097adede68843c702d24bbaf1e50d8a3737"}
,"/home/jones/3.Educacional/Academic/Jala University/Term 4/Module 1/Programming 4/uno/src/routes/GameRoutes.js": {"path":"/home/jones/3.Educacional/Academic/Jala University/Term 4/Module 1/Programming 4/uno/src/routes/GameRoutes.js","statementMap":{"0":{"start":{"line":1,"column":16},"end":{"line":1,"column":34}},"1":{"start":{"line":2,"column":23},"end":{"line":2,"column":63}},"2":{"start":{"line":3,"column":24},"end":{"line":3,"column":68}},"3":{"start":{"line":4,"column":15},"end":{"line":4,"column":31}},"4":{"start":{"line":7,"column":0},"end":{"line":7,"column":56}},"5":{"start":{"line":8,"column":0},"end":{"line":8,"column":56}},"6":{"start":{"line":9,"column":0},"end":{"line":9,"column":59}},"7":{"start":{"line":10,"column":0},"end":{"line":10,"column":58}},"8":{"start":{"line":11,"column":0},"end":{"line":11,"column":61}},"9":{"start":{"line":14,"column":0},"end":{"line":14,"column":74}},"10":{"start":{"line":15,"column":0},"end":{"line":15,"column":71}},"11":{"start":{"line":16,"column":0},"end":{"line":16,"column":70}},"12":{"start":{"line":17,"column":0},"end":{"line":17,"column":73}},"13":{"start":{"line":19,"column":0},"end":{"line":19,"column":24}}},"fnMap":{},"branchMap":{},"s":{"0":2,"1":2,"2":2,"3":2,"4":2,"5":2,"6":2,"7":2,"8":2,"9":2,"10":2,"11":2,"12":2,"13":2},"f":{},"b":{},"_coverageSchema":"1a1c01bbd47fc00a2c39e90264f33305004495a9","hash":"d22c7ff1acdb8aabac5029da96880a9bb0fb2ea3"}
,"/home/jones/3.Educacional/Academic/Jala University/Term 4/Module 1/Programming 4/uno/src/routes/ScoreRoutes.js": {"path":"/home/jones/3.Educacional/Academic/Jala University/Term 4/Module 1/Programming 4/uno/src/routes/ScoreRoutes.js","statementMap":{"0":{"start":{"line":1,"column":16},"end":{"line":1,"column":34}},"1":{"start":{"line":2,"column":24},"end":{"line":2,"column":65}},"2":{"start":{"line":3,"column":15},"end":{"line":3,"column":31}},"3":{"start":{"line":6,"column":0},"end":{"line":6,"column":41}},"4":{"start":{"line":7,"column":0},"end":{"line":7,"column":41}},"5":{"start":{"line":8,"column":0},"end":{"line":8,"column":44}},"6":{"start":{"line":9,"column":0},"end":{"line":9,"column":43}},"7":{"start":{"line":10,"column":0},"end":{"line":10,"column":46}},"8":{"start":{"line":13,"column":0},"end":{"line":13,"column":59}},"9":{"start":{"line":14,"column":0},"end":{"line":14,"column":57}},"10":{"start":{"line":15,"column":0},"end":{"line":15,"column":80}},"11":{"start":{"line":17,"column":0},"end":{"line":17,"column":24}}},"fnMap":{},"branchMap":{},"s":{"0":2,"1":2,"2":2,"3":2,"4":2,"5":2,"6":2,"7":2,"8":2,"9":2,"10":2,"11":2},"f":{},"b":{},"_coverageSchema":"1a1c01bbd47fc00a2c39e90264f33305004495a9","hash":"e67ddb318828ddbce69023c17c34a661a036436a"}
,"/home/jones/3.Educacional/Academic/Jala University/Term 4/Module 1/Programming 4/uno/src/routes/UserRoutes.js": {"path":"/home/jones/3.Educacional/Academic/Jala University/Term 4/Module 1/Programming 4/uno/src/routes/UserRoutes.js","statementMap":{"0":{"start":{"line":1,"column":16},"end":{"line":1,"column":34}},"1":{"start":{"line":2,"column":23},"end":{"line":2,"column":66}},"2":{"start":{"line":3,"column":23},"end":{"line":3,"column":67}},"3":{"start":{"line":4,"column":15},"end":{"line":4,"column":31}},"4":{"start":{"line":5,"column":23},"end":{"line":5,"column":66}},"5":{"start":{"line":7,"column":0},"end":{"line":7,"column":40}},"6":{"start":{"line":8,"column":0},"end":{"line":8,"column":41}},"7":{"start":{"line":9,"column":0},"end":{"line":9,"column":57}},"8":{"start":{"line":10,"column":0},"end":{"line":10,"column":43}},"9":{"start":{"line":11,"column":0},"end":{"line":11,"column":42}},"10":{"start":{"line":12,"column":0},"end":{"line":12,"column":61}},"11":{"start":{"line":13,"column":0},"end":{"line":13,"column":43}},"12":{"start":{"line":14,"column":0},"end":{"line":14,"column":62}},"13":{"start":{"line":16,"column":0},"end":{"line":16,"column":24}}},"fnMap":{},"branchMap":{},"s":{"0":2,"1":2,"2":2,"3":2,"4":2,"5":2,"6":2,"7":2,"8":2,"9":2,"10":2,"11":2,"12":2,"13":2},"f":{},"b":{},"_coverageSchema":"1a1c01bbd47fc00a2c39e90264f33305004495a9","hash":"5b25273385946bdfea67f189f862fe86e5d3d8c4"}
,"/home/jones/3.Educacional/Academic/Jala University/Term 4/Module 1/Programming 4/uno/src/routes/routes.js": {"path":"/home/jones/3.Educacional/Academic/Jala University/Term 4/Module 1/Programming 4/uno/src/routes/routes.js","statementMap":{"0":{"start":{"line":1,"column":16},"end":{"line":1,"column":34}},"1":{"start":{"line":3,"column":19},"end":{"line":3,"column":45}},"2":{"start":{"line":4,"column":19},"end":{"line":4,"column":45}},"3":{"start":{"line":5,"column":19},"end":{"line":5,"column":45}},"4":{"start":{"line":6,"column":20},"end":{"line":6,"column":47}},"5":{"start":{"line":8,"column":15},"end":{"line":8,"column":31}},"6":{"start":{"line":10,"column":0},"end":{"line":10,"column":33}},"7":{"start":{"line":11,"column":0},"end":{"line":11,"column":33}},"8":{"start":{"line":12,"column":0},"end":{"line":12,"column":33}},"9":{"start":{"line":13,"column":0},"end":{"line":13,"column":35}},"10":{"start":{"line":15,"column":0},"end":{"line":15,"column":24}}},"fnMap":{},"branchMap":{},"s":{"0":2,"1":2,"2":2,"3":2,"4":2,"5":2,"6":2,"7":2,"8":2,"9":2,"10":2},"f":{},"b":{},"_coverageSchema":"1a1c01bbd47fc00a2c39e90264f33305004495a9","hash":"23c4bb0158941a64bc7c8878223625c1ec8d93b7"}
,"/home/jones/3.Educacional/Academic/Jala University/Term 4/Module 1/Programming 4/uno/src/services/AuthService.js": {"path":"/home/jones/3.Educacional/Academic/Jala University/Term 4/Module 1/Programming 4/uno/src/services/AuthService.js","statementMap":{"0":{"start":{"line":1,"column":23},"end":{"line":1,"column":58}},"1":{"start":{"line":5,"column":4},"end":{"line":5,"column":43}},"2":{"start":{"line":6,"column":4},"end":{"line":6,"column":55}},"3":{"start":{"line":10,"column":0},"end":{"line":10,"column":35}}},"fnMap":{"0":{"name":"(anonymous_0)","decl":{"start":{"line":4,"column":2},"end":{"line":4,"column":3}},"loc":{"start":{"line":4,"column":22},"end":{"line":7,"column":3}},"line":4}},"branchMap":{},"s":{"0":4,"1":2,"2":2,"3":4},"f":{"0":2},"b":{},"_coverageSchema":"1a1c01bbd47fc00a2c39e90264f33305004495a9","hash":"cb8c5bf3f64b7a6559d2a9b9e4f3df0f9a68fc96"}
,"/home/jones/3.Educacional/Academic/Jala University/Term 4/Module 1/Programming 4/uno/src/services/CardService.js": {"path":"/home/jones/3.Educacional/Academic/Jala University/Term 4/Module 1/Programming 4/uno/src/services/CardService.js","statementMap":{"0":{"start":{"line":1,"column":23},"end":{"line":1,"column":64}},"1":{"start":{"line":4,"column":18},"end":{"line":8,"column":1}},"2":{"start":{"line":4,"column":35},"end":{"line":8,"column":1}},"3":{"start":{"line":5,"column":4},"end":{"line":5,"column":51}},"4":{"start":{"line":5,"column":39},"end":{"line":5,"column":51}},"5":{"start":{"line":6,"column":8},"end":{"line":7,"column":51}},"6":{"start":{"line":10,"column":19},"end":{"line":19,"column":1}},"7":{"start":{"line":11,"column":22},"end":{"line":11,"column":31}},"8":{"start":{"line":13,"column":4},"end":{"line":16,"column":5}},"9":{"start":{"line":13,"column":17},"end":{"line":13,"column":37}},"10":{"start":{"line":14,"column":18},"end":{"line":14,"column":53}},"11":{"start":{"line":15,"column":8},"end":{"line":15,"column":68}},"12":{"start":{"line":18,"column":4},"end":{"line":18,"column":21}},"13":{"start":{"line":22,"column":19},"end":{"line":28,"column":2}},"14":{"start":{"line":22,"column":31},"end":{"line":28,"column":2}},"15":{"start":{"line":22,"column":42},"end":{"line":28,"column":2}},"16":{"start":{"line":22,"column":54},"end":{"line":28,"column":1}},"17":{"start":{"line":30,"column":20},"end":{"line":40,"column":1}},"18":{"start":{"line":31,"column":20},"end":{"line":37,"column":5}},"19":{"start":{"line":39,"column":4},"end":{"line":39,"column":34}},"20":{"start":{"line":43,"column":26},"end":{"line":54,"column":1}},"21":{"start":{"line":44,"column":19},"end":{"line":45,"column":47}},"22":{"start":{"line":47,"column":28},"end":{"line":47,"column":53}},"23":{"start":{"line":49,"column":4},"end":{"line":53,"column":6}},"24":{"start":{"line":50,"column":8},"end":{"line":52,"column":62}},"25":{"start":{"line":57,"column":26},"end":{"line":64,"column":1}},"26":{"start":{"line":58,"column":22},"end":{"line":58,"column":44}},"27":{"start":{"line":59,"column":28},"end":{"line":59,"column":55}},"28":{"start":{"line":61,"column":4},"end":{"line":63,"column":6}},"29":{"start":{"line":62,"column":8},"end":{"line":62,"column":61}},"30":{"start":{"line":62,"column":38},"end":{"line":62,"column":60}},"31":{"start":{"line":66,"column":20},"end":{"line":70,"column":2}},"32":{"start":{"line":66,"column":32},"end":{"line":70,"column":1}},"33":{"start":{"line":68,"column":18},"end":{"line":68,"column":100}},"34":{"start":{"line":69,"column":16},"end":{"line":69,"column":21}},"35":{"start":{"line":75,"column":23},"end":{"line":75,"column":57}},"36":{"start":{"line":77,"column":32},"end":{"line":79,"column":9}},"37":{"start":{"line":78,"column":12},"end":{"line":78,"column":42}},"38":{"start":{"line":81,"column":29},"end":{"line":81,"column":54}},"39":{"start":{"line":83,"column":32},"end":{"line":83,"column":81}},"40":{"start":{"line":86,"column":8},"end":{"line":86,"column":64}},"41":{"start":{"line":90,"column":8},"end":{"line":90,"column":49}},"42":{"start":{"line":94,"column":8},"end":{"line":94,"column":46}},"43":{"start":{"line":98,"column":8},"end":{"line":98,"column":29}},"44":{"start":{"line":98,"column":17},"end":{"line":98,"column":29}},"45":{"start":{"line":99,"column":21},"end":{"line":99,"column":54}},"46":{"start":{"line":101,"column":8},"end":{"line":101,"column":31}},"47":{"start":{"line":101,"column":19},"end":{"line":101,"column":31}},"48":{"start":{"line":103,"column":8},"end":{"line":110,"column":20}},"49":{"start":{"line":104,"column":23},"end":{"line":104,"column":79}},"50":{"start":{"line":105,"column":23},"end":{"line":109,"column":13}},"51":{"start":{"line":113,"column":8},"end":{"line":113,"column":49}},"52":{"start":{"line":117,"column":21},"end":{"line":117,"column":54}},"53":{"start":{"line":118,"column":8},"end":{"line":118,"column":31}},"54":{"start":{"line":118,"column":19},"end":{"line":118,"column":31}},"55":{"start":{"line":120,"column":8},"end":{"line":120,"column":53}},"56":{"start":{"line":124,"column":21},"end":{"line":124,"column":54}},"57":{"start":{"line":125,"column":8},"end":{"line":125,"column":31}},"58":{"start":{"line":125,"column":19},"end":{"line":125,"column":31}},"59":{"start":{"line":127,"column":8},"end":{"line":127,"column":42}},"60":{"start":{"line":128,"column":8},"end":{"line":128,"column":20}},"61":{"start":{"line":132,"column":17},"end":{"line":137,"column":6}},"62":{"start":{"line":139,"column":4},"end":{"line":141,"column":7}},"63":{"start":{"line":143,"column":4},"end":{"line":143,"column":16}},"64":{"start":{"line":147,"column":8},"end":{"line":147,"column":38}},"65":{"start":{"line":151,"column":0},"end":{"line":151,"column":35}}},"fnMap":{"0":{"name":"(anonymous_0)","decl":{"start":{"line":4,"column":18},"end":{"line":4,"column":19}},"loc":{"start":{"line":4,"column":35},"end":{"line":8,"column":1}},"line":4},"1":{"name":"(anonymous_1)","decl":{"start":{"line":4,"column":35},"end":{"line":4,"column":36}},"loc":{"start":{"line":4,"column":52},"end":{"line":8,"column":1}},"line":4},"2":{"name":"(anonymous_2)","decl":{"start":{"line":10,"column":19},"end":{"line":10,"column":20}},"loc":{"start":{"line":10,"column":29},"end":{"line":19,"column":1}},"line":10},"3":{"name":"(anonymous_3)","decl":{"start":{"line":22,"column":19},"end":{"line":22,"column":20}},"loc":{"start":{"line":22,"column":31},"end":{"line":28,"column":2}},"line":22},"4":{"name":"(anonymous_4)","decl":{"start":{"line":22,"column":31},"end":{"line":22,"column":32}},"loc":{"start":{"line":22,"column":42},"end":{"line":28,"column":2}},"line":22},"5":{"name":"(anonymous_5)","decl":{"start":{"line":22,"column":42},"end":{"line":22,"column":43}},"loc":{"start":{"line":22,"column":54},"end":{"line":28,"column":1}},"line":22},"6":{"name":"(anonymous_6)","decl":{"start":{"line":30,"column":20},"end":{"line":30,"column":21}},"loc":{"start":{"line":30,"column":31},"end":{"line":40,"column":1}},"line":30},"7":{"name":"(anonymous_7)","decl":{"start":{"line":43,"column":26},"end":{"line":43,"column":27}},"loc":{"start":{"line":43,"column":45},"end":{"line":54,"column":1}},"line":43},"8":{"name":"(anonymous_8)","decl":{"start":{"line":49,"column":26},"end":{"line":49,"column":27}},"loc":{"start":{"line":50,"column":8},"end":{"line":52,"column":62}},"line":50},"9":{"name":"(anonymous_9)","decl":{"start":{"line":57,"column":26},"end":{"line":57,"column":27}},"loc":{"start":{"line":57,"column":38},"end":{"line":64,"column":1}},"line":57},"10":{"name":"(anonymous_10)","decl":{"start":{"line":61,"column":29},"end":{"line":61,"column":30}},"loc":{"start":{"line":62,"column":8},"end":{"line":62,"column":61}},"line":62},"11":{"name":"(anonymous_11)","decl":{"start":{"line":62,"column":32},"end":{"line":62,"column":33}},"loc":{"start":{"line":62,"column":38},"end":{"line":62,"column":60}},"line":62},"12":{"name":"(anonymous_12)","decl":{"start":{"line":66,"column":20},"end":{"line":66,"column":21}},"loc":{"start":{"line":66,"column":32},"end":{"line":70,"column":1}},"line":66},"13":{"name":"(anonymous_13)","decl":{"start":{"line":68,"column":9},"end":{"line":68,"column":10}},"loc":{"start":{"line":68,"column":18},"end":{"line":68,"column":100}},"line":68},"14":{"name":"(anonymous_14)","decl":{"start":{"line":69,"column":10},"end":{"line":69,"column":11}},"loc":{"start":{"line":69,"column":16},"end":{"line":69,"column":21}},"line":69},"15":{"name":"(anonymous_15)","decl":{"start":{"line":74,"column":4},"end":{"line":74,"column":5}},"loc":{"start":{"line":74,"column":29},"end":{"line":87,"column":5}},"line":74},"16":{"name":"(anonymous_16)","decl":{"start":{"line":77,"column":47},"end":{"line":77,"column":48}},"loc":{"start":{"line":78,"column":12},"end":{"line":78,"column":42}},"line":78},"17":{"name":"(anonymous_17)","decl":{"start":{"line":89,"column":4},"end":{"line":89,"column":5}},"loc":{"start":{"line":89,"column":23},"end":{"line":91,"column":5}},"line":89},"18":{"name":"(anonymous_18)","decl":{"start":{"line":93,"column":4},"end":{"line":93,"column":5}},"loc":{"start":{"line":93,"column":20},"end":{"line":95,"column":5}},"line":93},"19":{"name":"(anonymous_19)","decl":{"start":{"line":97,"column":4},"end":{"line":97,"column":5}},"loc":{"start":{"line":97,"column":23},"end":{"line":111,"column":5}},"line":97},"20":{"name":"(anonymous_20)","decl":{"start":{"line":104,"column":17},"end":{"line":104,"column":18}},"loc":{"start":{"line":104,"column":23},"end":{"line":104,"column":79}},"line":104},"21":{"name":"(anonymous_21)","decl":{"start":{"line":105,"column":17},"end":{"line":105,"column":18}},"loc":{"start":{"line":105,"column":23},"end":{"line":109,"column":13}},"line":105},"22":{"name":"(anonymous_22)","decl":{"start":{"line":112,"column":4},"end":{"line":112,"column":5}},"loc":{"start":{"line":112,"column":23},"end":{"line":114,"column":5}},"line":112},"23":{"name":"(anonymous_23)","decl":{"start":{"line":116,"column":4},"end":{"line":116,"column":5}},"loc":{"start":{"line":116,"column":27},"end":{"line":121,"column":5}},"line":116},"24":{"name":"(anonymous_24)","decl":{"start":{"line":123,"column":4},"end":{"line":123,"column":5}},"loc":{"start":{"line":123,"column":21},"end":{"line":129,"column":5}},"line":123},"25":{"name":"(anonymous_25)","decl":{"start":{"line":131,"column":4},"end":{"line":131,"column":5}},"loc":{"start":{"line":131,"column":27},"end":{"line":144,"column":1}},"line":131},"26":{"name":"(anonymous_26)","decl":{"start":{"line":146,"column":4},"end":{"line":146,"column":5}},"loc":{"start":{"line":146,"column":31},"end":{"line":148,"column":5}},"line":146}},"branchMap":{"0":{"loc":{"start":{"line":5,"column":4},"end":{"line":5,"column":51}},"type":"if","locations":[{"start":{"line":5,"column":4},"end":{"line":5,"column":51}},{"start":{},"end":{}}],"line":5},"1":{"loc":{"start":{"line":6,"column":15},"end":{"line":7,"column":50}},"type":"binary-expr","locations":[{"start":{"line":6,"column":15},"end":{"line":6,"column":54}},{"start":{"line":7,"column":11},"end":{"line":7,"column":50}}],"line":6},"2":{"loc":{"start":{"line":39,"column":11},"end":{"line":39,"column":33}},"type":"binary-expr","locations":[{"start":{"line":39,"column":11},"end":{"line":39,"column":25}},{"start":{"line":39,"column":29},"end":{"line":39,"column":33}}],"line":39},"3":{"loc":{"start":{"line":50,"column":8},"end":{"line":52,"column":62}},"type":"cond-expr","locations":[{"start":{"line":51,"column":14},"end":{"line":51,"column":38}},{"start":{"line":52,"column":14},"end":{"line":52,"column":62}}],"line":50},"4":{"loc":{"start":{"line":68,"column":18},"end":{"line":68,"column":100}},"type":"cond-expr","locations":[{"start":{"line":68,"column":58},"end":{"line":68,"column":75}},{"start":{"line":68,"column":78},"end":{"line":68,"column":100}}],"line":68},"5":{"loc":{"start":{"line":68,"column":18},"end":{"line":68,"column":55}},"type":"binary-expr","locations":[{"start":{"line":68,"column":18},"end":{"line":68,"column":32}},{"start":{"line":68,"column":36},"end":{"line":68,"column":55}}],"line":68},"6":{"loc":{"start":{"line":98,"column":8},"end":{"line":98,"column":29}},"type":"if","locations":[{"start":{"line":98,"column":8},"end":{"line":98,"column":29}},{"start":{},"end":{}}],"line":98},"7":{"loc":{"start":{"line":101,"column":8},"end":{"line":101,"column":31}},"type":"if","locations":[{"start":{"line":101,"column":8},"end":{"line":101,"column":31}},{"start":{},"end":{}}],"line":101},"8":{"loc":{"start":{"line":104,"column":23},"end":{"line":104,"column":79}},"type":"cond-expr","locations":[{"start":{"line":104,"column":53},"end":{"line":104,"column":75}},{"start":{"line":104,"column":78},"end":{"line":104,"column":79}}],"line":104},"9":{"loc":{"start":{"line":118,"column":8},"end":{"line":118,"column":31}},"type":"if","locations":[{"start":{"line":118,"column":8},"end":{"line":118,"column":31}},{"start":{},"end":{}}],"line":118},"10":{"loc":{"start":{"line":125,"column":8},"end":{"line":125,"column":31}},"type":"if","locations":[{"start":{"line":125,"column":8},"end":{"line":125,"column":31}},{"start":{},"end":{}}],"line":125}},"s":{"0":7,"1":7,"2":0,"3":0,"4":0,"5":0,"6":7,"7":3,"8":3,"9":3,"10":321,"11":321,"12":3,"13":7,"14":15,"15":15,"16":324,"17":7,"18":324,"19":324,"20":7,"21":12,"22":12,"23":12,"24":156,"25":7,"26":3,"27":3,"28":3,"29":6,"30":24,"31":7,"32":0,"33":0,"34":0,"35":3,"36":3,"37":12,"38":3,"39":3,"40":3,"41":2,"42":1,"43":0,"44":0,"45":0,"46":0,"47":0,"48":0,"49":0,"50":0,"51":6,"52":3,"53":3,"54":1,"55":2,"56":3,"57":3,"58":1,"59":2,"60":2,"61":0,"62":0,"63":0,"64":0,"65":7},"f":{"0":0,"1":0,"2":3,"3":15,"4":15,"5":324,"6":324,"7":12,"8":156,"9":3,"10":6,"11":24,"12":0,"13":0,"14":0,"15":3,"16":12,"17":2,"18":1,"19":0,"20":0,"21":0,"22":6,"23":3,"24":3,"25":0,"26":0},"b":{"0":[0,0],"1":[0,0],"2":[324,228],"3":[12,144],"4":[0,0],"5":[0,0],"6":[0,0],"7":[0,0],"8":[0,0],"9":[1,2],"10":[1,2]},"_coverageSchema":"1a1c01bbd47fc00a2c39e90264f33305004495a9","hash":"3426602d099b71d4c5a0b22726358685028f371b"}
,"/home/jones/3.Educacional/Academic/Jala University/Term 4/Module 1/Programming 4/uno/src/services/GameService.js": {"path":"/home/jones/3.Educacional/Academic/Jala University/Term 4/Module 1/Programming 4/uno/src/services/GameService.js","statementMap":{"0":{"start":{"line":1,"column":23},"end":{"line":1,"column":64}},"1":{"start":{"line":2,"column":29},"end":{"line":2,"column":76}},"2":{"start":{"line":3,"column":20},"end":{"line":3,"column":44}},"3":{"start":{"line":4,"column":23},"end":{"line":4,"column":64}},"4":{"start":{"line":10,"column":18},"end":{"line":11,"column":39}},"5":{"start":{"line":10,"column":28},"end":{"line":11,"column":39}},"6":{"start":{"line":11,"column":4},"end":{"line":11,"column":39}},"7":{"start":{"line":16,"column":21},"end":{"line":17,"column":54}},"8":{"start":{"line":17,"column":4},"end":{"line":17,"column":54}},"9":{"start":{"line":17,"column":31},"end":{"line":17,"column":53}},"10":{"start":{"line":22,"column":32},"end":{"line":23,"column":25}},"11":{"start":{"line":23,"column":4},"end":{"line":23,"column":25}},"12":{"start":{"line":28,"column":24},"end":{"line":41,"column":1}},"13":{"start":{"line":29,"column":27},"end":{"line":29,"column":42}},"14":{"start":{"line":31,"column":4},"end":{"line":40,"column":6}},"15":{"start":{"line":48,"column":8},"end":{"line":50,"column":9}},"16":{"start":{"line":49,"column":12},"end":{"line":49,"column":56}},"17":{"start":{"line":53,"column":21},"end":{"line":57,"column":10}},"18":{"start":{"line":60,"column":8},"end":{"line":65,"column":11}},"19":{"start":{"line":68,"column":8},"end":{"line":68,"column":46}},"20":{"start":{"line":70,"column":8},"end":{"line":70,"column":20}},"21":{"start":{"line":74,"column":8},"end":{"line":74,"column":46}},"22":{"start":{"line":78,"column":8},"end":{"line":78,"column":49}},"23":{"start":{"line":85,"column":21},"end":{"line":85,"column":58}},"24":{"start":{"line":87,"column":8},"end":{"line":89,"column":9}},"25":{"start":{"line":88,"column":12},"end":{"line":88,"column":52}},"26":{"start":{"line":91,"column":8},"end":{"line":93,"column":9}},"27":{"start":{"line":92,"column":12},"end":{"line":92,"column":63}},"28":{"start":{"line":95,"column":32},"end":{"line":95,"column":79}},"29":{"start":{"line":97,"column":8},"end":{"line":99,"column":9}},"30":{"start":{"line":98,"column":12},"end":{"line":98,"column":51}},"31":{"start":{"line":102,"column":29},"end":{"line":102,"column":79}},"32":{"start":{"line":102,"column":55},"end":{"line":102,"column":78}},"33":{"start":{"line":103,"column":8},"end":{"line":105,"column":9}},"34":{"start":{"line":104,"column":12},"end":{"line":104,"column":62}},"35":{"start":{"line":107,"column":28},"end":{"line":112,"column":10}},"36":{"start":{"line":114,"column":8},"end":{"line":114,"column":27}},"37":{"start":{"line":119,"column":8},"end":{"line":119,"column":55}},"38":{"start":{"line":121,"column":8},"end":{"line":128,"column":5}},"39":{"start":{"line":122,"column":12},"end":{"line":127,"column":9}},"40":{"start":{"line":122,"column":25},"end":{"line":122,"column":26}},"41":{"start":{"line":123,"column":14},"end":{"line":126,"column":14}},"42":{"start":{"line":134,"column":24},"end":{"line":134,"column":76}},"43":{"start":{"line":136,"column":8},"end":{"line":138,"column":9}},"44":{"start":{"line":137,"column":12},"end":{"line":137,"column":63}},"45":{"start":{"line":140,"column":8},"end":{"line":140,"column":68}},"46":{"start":{"line":142,"column":8},"end":{"line":142,"column":58}},"47":{"start":{"line":149,"column":21},"end":{"line":149,"column":58}},"48":{"start":{"line":151,"column":8},"end":{"line":153,"column":9}},"49":{"start":{"line":152,"column":12},"end":{"line":152,"column":52}},"50":{"start":{"line":155,"column":8},"end":{"line":157,"column":9}},"51":{"start":{"line":156,"column":12},"end":{"line":156,"column":67}},"52":{"start":{"line":159,"column":26},"end":{"line":159,"column":73}},"53":{"start":{"line":162,"column":26},"end":{"line":162,"column":66}},"54":{"start":{"line":164,"column":8},"end":{"line":169,"column":9}},"55":{"start":{"line":165,"column":12},"end":{"line":168,"column":14}},"56":{"start":{"line":172,"column":8},"end":{"line":174,"column":11}},"57":{"start":{"line":177,"column":8},"end":{"line":177,"column":45}},"58":{"start":{"line":180,"column":30},"end":{"line":180,"column":65}},"59":{"start":{"line":182,"column":8},"end":{"line":184,"column":11}},"60":{"start":{"line":193,"column":21},"end":{"line":193,"column":58}},"61":{"start":{"line":195,"column":8},"end":{"line":197,"column":9}},"62":{"start":{"line":196,"column":12},"end":{"line":196,"column":52}},"63":{"start":{"line":199,"column":8},"end":{"line":201,"column":9}},"64":{"start":{"line":200,"column":12},"end":{"line":200,"column":55}},"65":{"start":{"line":204,"column":31},"end":{"line":204,"column":46}},"66":{"start":{"line":206,"column":8},"end":{"line":210,"column":9}},"67":{"start":{"line":207,"column":12},"end":{"line":209,"column":14}},"68":{"start":{"line":212,"column":8},"end":{"line":212,"column":66}},"69":{"start":{"line":214,"column":8},"end":{"line":217,"column":10}},"70":{"start":{"line":221,"column":21},"end":{"line":221,"column":58}},"71":{"start":{"line":222,"column":8},"end":{"line":222,"column":59}},"72":{"start":{"line":222,"column":19},"end":{"line":222,"column":59}},"73":{"start":{"line":224,"column":24},"end":{"line":224,"column":76}},"74":{"start":{"line":225,"column":8},"end":{"line":225,"column":70}},"75":{"start":{"line":225,"column":22},"end":{"line":225,"column":70}},"76":{"start":{"line":227,"column":26},"end":{"line":227,"column":73}},"77":{"start":{"line":229,"column":8},"end":{"line":229,"column":51}},"78":{"start":{"line":230,"column":26},"end":{"line":230,"column":72}},"79":{"start":{"line":230,"column":48},"end":{"line":230,"column":71}},"80":{"start":{"line":232,"column":8},"end":{"line":238,"column":7}},"81":{"start":{"line":233,"column":8},"end":{"line":233,"column":66}},"82":{"start":{"line":235,"column":8},"end":{"line":237,"column":10}},"83":{"start":{"line":242,"column":8},"end":{"line":246,"column":7}},"84":{"start":{"line":243,"column":12},"end":{"line":245,"column":11}},"85":{"start":{"line":250,"column":8},"end":{"line":252,"column":6}},"86":{"start":{"line":251,"column":8},"end":{"line":251,"column":40}},"87":{"start":{"line":254,"column":6},"end":{"line":254,"column":56}},"88":{"start":{"line":259,"column":17},"end":{"line":259,"column":54}},"89":{"start":{"line":261,"column":4},"end":{"line":263,"column":5}},"90":{"start":{"line":262,"column":8},"end":{"line":262,"column":47}},"91":{"start":{"line":265,"column":4},"end":{"line":267,"column":5}},"92":{"start":{"line":266,"column":8},"end":{"line":266,"column":52}},"93":{"start":{"line":269,"column":20},"end":{"line":272,"column":5}},"94":{"start":{"line":274,"column":4},"end":{"line":276,"column":5}},"95":{"start":{"line":275,"column":8},"end":{"line":275,"column":59}},"96":{"start":{"line":278,"column":4},"end":{"line":278,"column":19}},"97":{"start":{"line":283,"column":21},"end":{"line":283,"column":58}},"98":{"start":{"line":285,"column":26},"end":{"line":285,"column":73}},"99":{"start":{"line":286,"column":22},"end":{"line":286,"column":38}},"100":{"start":{"line":288,"column":8},"end":{"line":288,"column":51}},"101":{"start":{"line":289,"column":8},"end":{"line":289,"column":49}},"102":{"start":{"line":289,"column":33},"end":{"line":289,"column":49}},"103":{"start":{"line":290,"column":8},"end":{"line":290,"column":49}},"104":{"start":{"line":290,"column":29},"end":{"line":290,"column":49}},"105":{"start":{"line":291,"column":8},"end":{"line":293,"column":10}},"106":{"start":{"line":294,"column":7},"end":{"line":294,"column":26}},"107":{"start":{"line":300,"column":17},"end":{"line":300,"column":54}},"108":{"start":{"line":302,"column":4},"end":{"line":304,"column":5}},"109":{"start":{"line":303,"column":8},"end":{"line":303,"column":47}},"110":{"start":{"line":306,"column":4},"end":{"line":308,"column":5}},"111":{"start":{"line":307,"column":8},"end":{"line":307,"column":51}},"112":{"start":{"line":310,"column":18},"end":{"line":312,"column":5}},"113":{"start":{"line":314,"column":4},"end":{"line":316,"column":5}},"114":{"start":{"line":315,"column":8},"end":{"line":315
[...]
mn":5}},{"start":{},"end":{}}],"line":302},"28":{"loc":{"start":{"line":306,"column":4},"end":{"line":308,"column":5}},"type":"if","locations":[{"start":{"line":306,"column":4},"end":{"line":308,"column":5}},{"start":{},"end":{}}],"line":306},"29":{"loc":{"start":{"line":314,"column":4},"end":{"line":316,"column":5}},"type":"if","locations":[{"start":{"line":314,"column":4},"end":{"line":316,"column":5}},{"start":{},"end":{}}],"line":314},"30":{"loc":{"start":{"line":327,"column":8},"end":{"line":327,"column":31}},"type":"if","locations":[{"start":{"line":327,"column":8},"end":{"line":327,"column":31}},{"start":{},"end":{}}],"line":327},"31":{"loc":{"start":{"line":334,"column":8},"end":{"line":334,"column":31}},"type":"if","locations":[{"start":{"line":334,"column":8},"end":{"line":334,"column":31}},{"start":{},"end":{}}],"line":334}},"s":{"0":5,"1":5,"2":5,"3":5,"4":5,"5":2,"6":2,"7":5,"8":0,"9":0,"10":5,"11":0,"12":5,"13":0,"14":0,"15":5,"16":1,"17":4,"18":4,"19":4,"20":4,"21":1,"22":4,"23":5,"24":5,"25":1,"26":4,"27":0,"28":4,"29":4,"30":1,"31":3,"32":3,"33":3,"34":1,"35":2,"36":2,"37":0,"38":0,"39":0,"40":0,"41":0,"42":2,"43":2,"44":1,"45":1,"46":1,"47":0,"48":0,"49":0,"50":0,"51":0,"52":0,"53":0,"54":0,"55":0,"56":0,"57":0,"58":0,"59":0,"60":3,"61":3,"62":0,"63":3,"64":1,"65":2,"66":2,"67":1,"68":1,"69":1,"70":6,"71":6,"72":1,"73":5,"74":5,"75":1,"76":4,"77":4,"78":4,"79":8,"80":4,"81":2,"82":2,"83":2,"84":1,"85":2,"86":1,"87":2,"88":2,"89":2,"90":0,"91":2,"92":1,"93":1,"94":1,"95":0,"96":1,"97":1,"98":1,"99":1,"100":1,"101":1,"102":0,"103":1,"104":0,"105":1,"106":1,"107":2,"108":2,"109":0,"110":2,"111":1,"112":1,"113":1,"114":0,"115":1,"116":2,"117":2,"118":1,"119":1,"120":2,"121":2,"122":1,"123":1,"124":1,"125":5},"f":{"0":2,"1":2,"2":0,"3":0,"4":0,"5":0,"6":5,"7":1,"8":4,"9":5,"10":3,"11":0,"12":2,"13":0,"14":3,"15":6,"16":8,"17":2,"18":1,"19":2,"20":2,"21":2},"b":{"0":[0,0,0],"1":[0,0],"2":[0,0],"3":[0,0],"4":[1,4],"5":[1,4],"6":[0,4],"7":[1,3],"8":[1,2],"9":[1,1],"10":[0,0],"11":[0,0],"12":[0,0],"13":[0,3],"14":[1,2],"15":[1,1],"16":[1,5],"17":[1,4],"18":[2,2],"19":[4,4],"20":[1,1],"21":[1,1],"22":[0,2],"23":[1,1],"24":[0,1],"25":[0,1],"26":[0,1],"27":[0,2],"28":[1,1],"29":[0,1],"30":[1,1],"31":[1,1]},"_coverageSchema":"1a1c01bbd47fc00a2c39e90264f33305004495a9","hash":"26be3dfe064266484a1f1d67fb722a82739ad1b1"}
,"/home/jones/3.Educacional/Academic/Jala University/Term 4/Module 1/Programming 4/uno/src/services/ScoreService.js": {"path":"/home/jones/3.Educacional/Academic/Jala University/Term 4/Module 1/Programming 4/uno/src/services/ScoreService.js","statementMap":{"0":{"start":{"line":1,"column":24},"end":{"line":1,"column":66}},"1":{"start":{"line":7,"column":26},"end":{"line":8,"column":69}},"2":{"start":{"line":8,"column":4},"end":{"line":8,"column":69}},"3":{"start":{"line":8,"column":41},"end":{"line":8,"column":65}},"4":{"start":{"line":14,"column":24},"end":{"line":49,"column":1}},"5":{"start":{"line":16,"column":29},"end":{"line":35,"column":10}},"6":{"start":{"line":17,"column":29},"end":{"line":17,"column":34}},"7":{"start":{"line":19,"column":8},"end":{"line":25,"column":9}},"8":{"start":{"line":20,"column":12},"end":{"line":24,"column":14}},"9":{"start":{"line":27,"column":8},"end":{"line":27,"column":48}},"10":{"start":{"line":28,"column":8},"end":{"line":32,"column":11}},"11":{"start":{"line":34,"column":8},"end":{"line":34,"column":19}},"12":{"start":{"line":38,"column":4},"end":{"line":48,"column":71}},"13":{"start":{"line":39,"column":34},"end":{"line":46,"column":9}},"14":{"start":{"line":47,"column":24},"end":{"line":47,"column":59}},"15":{"start":{"line":48,"column":34},"end":{"line":48,"column":68}},"16":{"start":{"line":55,"column":26},"end":{"line":60,"column":7}},"17":{"start":{"line":55,"column":33},"end":{"line":60,"column":7}},"18":{"start":{"line":56,"column":4},"end":{"line":60,"column":7}},"19":{"start":{"line":56,"column":72},"end":{"line":60,"column":5}},"20":{"start":{"line":65,"column":8},"end":{"line":67,"column":9}},"21":{"start":{"line":66,"column":12},"end":{"line":66,"column":66}},"22":{"start":{"line":69,"column":8},"end":{"line":69,"column":50}},"23":{"start":{"line":73,"column":8},"end":{"line":73,"column":47}},"24":{"start":{"line":77,"column":8},"end":{"line":77,"column":50}},"25":{"start":{"line":81,"column":22},"end":{"line":81,"column":56}},"26":{"start":{"line":82,"column":8},"end":{"line":82,"column":32}},"27":{"start":{"line":82,"column":20},"end":{"line":82,"column":32}},"28":{"start":{"line":84,"column":8},"end":{"line":84,"column":57}},"29":{"start":{"line":88,"column":22},"end":{"line":88,"column":56}},"30":{"start":{"line":89,"column":8},"end":{"line":89,"column":32}},"31":{"start":{"line":89,"column":20},"end":{"line":89,"column":32}},"32":{"start":{"line":91,"column":8},"end":{"line":91,"column":44}},"33":{"start":{"line":92,"column":8},"end":{"line":92,"column":20}},"34":{"start":{"line":99,"column":28},"end":{"line":99,"column":59}},"35":{"start":{"line":101,"column":8},"end":{"line":107,"column":9}},"36":{"start":{"line":102,"column":12},"end":{"line":106,"column":14}},"37":{"start":{"line":109,"column":8},"end":{"line":113,"column":10}},"38":{"start":{"line":120,"column":28},"end":{"line":120,"column":58}},"39":{"start":{"line":121,"column":27},"end":{"line":121,"column":48}},"40":{"start":{"line":123,"column":8},"end":{"line":123,"column":35}},"41":{"start":{"line":130,"column":28},"end":{"line":130,"column":59}},"42":{"start":{"line":131,"column":32},"end":{"line":131,"column":80}},"43":{"start":{"line":131,"column":56},"end":{"line":131,"column":79}},"44":{"start":{"line":133,"column":8},"end":{"line":140,"column":9}},"45":{"start":{"line":134,"column":12},"end":{"line":139,"column":14}},"46":{"start":{"line":142,"column":22},"end":{"line":142,"column":56}},"47":{"start":{"line":144,"column":8},"end":{"line":151,"column":10}},"48":{"start":{"line":149,"column":62},"end":{"line":149,"column":69}},"49":{"start":{"line":150,"column":60},"end":{"line":150,"column":67}},"50":{"start":{"line":155,"column":0},"end":{"line":155,"column":36}}},"fnMap":{"0":{"name":"(anonymous_0)","decl":{"start":{"line":7,"column":26},"end":{"line":7,"column":27}},"loc":{"start":{"line":8,"column":4},"end":{"line":8,"column":69}},"line":8},"1":{"name":"(anonymous_1)","decl":{"start":{"line":8,"column":18},"end":{"line":8,"column":19}},"loc":{"start":{"line":8,"column":41},"end":{"line":8,"column":65}},"line":8},"2":{"name":"(anonymous_2)","decl":{"start":{"line":14,"column":24},"end":{"line":14,"column":25}},"loc":{"start":{"line":14,"column":36},"end":{"line":49,"column":1}},"line":14},"3":{"name":"(anonymous_3)","decl":{"start":{"line":16,"column":43},"end":{"line":16,"column":44}},"loc":{"start":{"line":16,"column":59},"end":{"line":35,"column":5}},"line":16},"4":{"name":"(anonymous_4)","decl":{"start":{"line":39,"column":13},"end":{"line":39,"column":14}},"loc":{"start":{"line":39,"column":34},"end":{"line":46,"column":9}},"line":39},"5":{"name":"(anonymous_5)","decl":{"start":{"line":47,"column":14},"end":{"line":47,"column":15}},"loc":{"start":{"line":47,"column":24},"end":{"line":47,"column":59}},"line":47},"6":{"name":"(anonymous_6)","decl":{"start":{"line":48,"column":13},"end":{"line":48,"column":14}},"loc":{"start":{"line":48,"column":34},"end":{"line":48,"column":68}},"line":48},"7":{"name":"(anonymous_7)","decl":{"start":{"line":55,"column":26},"end":{"line":55,"column":27}},"loc":{"start":{"line":55,"column":33},"end":{"line":60,"column":7}},"line":55},"8":{"name":"(anonymous_8)","decl":{"start":{"line":55,"column":33},"end":{"line":55,"column":34}},"loc":{"start":{"line":56,"column":4},"end":{"line":60,"column":7}},"line":56},"9":{"name":"(anonymous_9)","decl":{"start":{"line":56,"column":28},"end":{"line":56,"column":29}},"loc":{"start":{"line":56,"column":72},"end":{"line":60,"column":5}},"line":56},"10":{"name":"(anonymous_10)","decl":{"start":{"line":63,"column":4},"end":{"line":63,"column":5}},"loc":{"start":{"line":63,"column":23},"end":{"line":70,"column":5}},"line":63},"11":{"name":"(anonymous_11)","decl":{"start":{"line":72,"column":4},"end":{"line":72,"column":5}},"loc":{"start":{"line":72,"column":20},"end":{"line":74,"column":5}},"line":72},"12":{"name":"(anonymous_12)","decl":{"start":{"line":76,"column":4},"end":{"line":76,"column":5}},"loc":{"start":{"line":76,"column":23},"end":{"line":78,"column":5}},"line":76},"13":{"name":"(anonymous_13)","decl":{"start":{"line":80,"column":4},"end":{"line":80,"column":5}},"loc":{"start":{"line":80,"column":27},"end":{"line":85,"column":5}},"line":80},"14":{"name":"(anonymous_14)","decl":{"start":{"line":87,"column":4},"end":{"line":87,"column":5}},"loc":{"start":{"line":87,"column":21},"end":{"line":93,"column":5}},"line":87},"15":{"name":"(anonymous_15)","decl":{"start":{"line":98,"column":4},"end":{"line":98,"column":5}},"loc":{"start":{"line":98,"column":30},"end":{"line":114,"column":5}},"line":98},"16":{"name":"(anonymous_16)","decl":{"start":{"line":119,"column":4},"end":{"line":119,"column":5}},"loc":{"start":{"line":119,"column":23},"end":{"line":124,"column":5}},"line":119},"17":{"name":"(anonymous_17)","decl":{"start":{"line":129,"column":4},"end":{"line":129,"column":5}},"loc":{"start":{"line":129,"column":45},"end":{"line":152,"column":5}},"line":129},"18":{"name":"(anonymous_18)","decl":{"start":{"line":131,"column":51},"end":{"line":131,"column":52}},"loc":{"start":{"line":131,"column":56},"end":{"line":131,"column":79}},"line":131},"19":{"name":"(anonymous_19)","decl":{"start":{"line":149,"column":57},"end":{"line":149,"column":58}},"loc":{"start":{"line":149,"column":62},"end":{"line":149,"column":69}},"line":149},"20":{"name":"(anonymous_20)","decl":{"start":{"line":150,"column":55},"end":{"line":150,"column":56}},"loc":{"start":{"line":150,"column":60},"end":{"line":150,"column":67}},"line":150}},"branchMap":{"0":{"loc":{"start":{"line":19,"column":8},"end":{"line":25,"column":9}},"type":"if","locations":[{"start":{"line":19,"column":8},"end":{"line":25,"column":9}},{"start":{},"end":{}}],"line":19},"1":{"loc":{"start":{"line":65,"column":8},"end":{"line":67,"column":9}},"type":"if","locations":[{"start":{"line":65,"column":8},"end":{"line":67,"column":9}},{"start":{},"end":{}}],"line":65},"2":{"loc":{"start":{"line":65,"column":12},"end":{"line":65,"column":70}},"type":"binary-expr","locations":[{"start":{"line":65,"column":12},"end":{"line":65,"column":26}},{"start":{"line":65,"column":30},"end":{"line":65,"column":42}},{"start":{"line":65,"column":46},"end":{"line":65,"column":70}}],"line":65},"3":{"loc":{"start":{"line":82,"column":8},"end":{"line":82,"column":32}},"type":"if","locations":[{"start":{"line":82,"column":8},"end":{"line":82,"column":32}},{"start":{},"end":{}}],"line":82},"4":{"loc":{"start":{"line":89,"column":8},"end":{"line":89,"column":32}},"type":"if","locations":[{"start":{"line":89,"column":8},"end":{"line":89,"column":32}},{"start":{},"end":{}}],"line":89},"5":{"loc":{"start":{"line":101,"column":8},"end":{"line":107,"column":9}},"type":"if","locations":[{"start":{"line":101,"column":8},"end":{"line":107,"column":9}},{"start":{},"end":{}}],"line":101},"6":{"loc":{"start":{"line":101,"column":12},"end":{"line":101,"column":52}},"type":"binary-expr","locations":[{"start":{"line":101,"column":12},"end":{"line":101,"column":24}},{"start":{"line":101,"column":28},"end":{"line":101,"column":52}}],"line":101},"7":{"loc":{"start":{"line":133,"column":8},"end":{"line":140,"column":9}},"type":"if","locations":[{"start":{"line":133,"column":8},"end":{"line":140,"column":9}},{"start":{},"end":{}}],"line":133}},"s":{"0":4,"1":4,"2":1,"3":2,"4":4,"5":1,"6":2,"7":2,"8":2,"9":2,"10":2,"11":2,"12":1,"13":2,"14":1,"15":2,"16":4,"17":0,"18":0,"19":0,"20":1,"21":0,"22":1,"23":1,"24":2,"25":2,"26":2,"27":1,"28":1,"29":2,"30":2,"31":1,"32":1,"33":1,"34":2,"35":1,"36":0,"37":1,"38":0,"39":0,"40":0,"41":0,"42":0,"43":0,"44":0,"45":0,"46":0,"47":0,"48":0,"49":0,"50":4},"f":{"0":1,"1":2,"2":1,"3":2,"4":2,"5":1,"6":2,"7":0,"8":0,"9":0,"10":1,"11":1,"12":2,"13":2,"14":2,"15":2,"16":0,"17":0,"18":0,"19":0,"20":0},"b":{"0":[2,0],"1":[0,1],"2":[1,1,1],"3":[1,1],"4":[1,1],"5":[0,1],"6":[1,1],"7":[0,0]},"_coverageSchema":"1a1c01bbd47fc00a2c39e90264f33305004495a9","hash":"0d3ff6f86d994767cf4a787dd65ad248a768ea79"}
,"/home/jones/3.Educacional/Academic/Jala University/Term 4/Module 1/Programming 4/uno/src/services/UserService.js": {"path":"/home/jones/3.Educacional/Academic/Jala University/Term 4/Module 1/Programming 4/uno/src/services/UserService.js","statementMap":{"0":{"start":{"line":1,"column":23},"end":{"line":1,"column":64}},"1":{"start":{"line":2,"column":12},"end":{"line":2,"column":35}},"2":{"start":{"line":3,"column":15},"end":{"line":3,"column":32}},"3":{"start":{"line":4,"column":0},"end":{"line":4,"column":27}},"4":{"start":{"line":8,"column":8},"end":{"line":10,"column":9}},"5":{"start":{"line":9,"column":12},"end":{"line":9,"column":68}},"6":{"start":{"line":12,"column":8},"end":{"line":14,"column":9}},"7":{"start":{"line":13,"column":12},"end":{"line":13,"column":69}},"8":{"start":{"line":16,"column":8},"end":{"line":18,"column":9}},"9":{"start":{"line":17,"column":12},"end":{"line":17,"column":80}},"10":{"start":{"line":20,"column":8},"end":{"line":22,"column":9}},"11":{"start":{"line":21,"column":12},"end":{"line":21,"column":73}},"12":{"start":{"line":24,"column":8},"end":{"line":26,"column":9}},"13":{"start":{"line":25,"column":12},"end":{"line":25,"column":70}},"14":{"start":{"line":28,"column":8},"end":{"line":30,"column":9}},"15":{"start":{"line":29,"column":12},"end":{"line":29,"column":89}},"16":{"start":{"line":32,"column":21},"end":{"line":32,"column":54}},"17":{"start":{"line":33,"column":8},"end":{"line":33,"column":41}},"18":{"start":{"line":37,"column":8},"end":{"line":37,"column":43}},"19":{"start":{"line":41,"column":8},"end":{"line":41,"column":40}},"20":{"start":{"line":45,"column":8},"end":{"line":45,"column":47}},"21":{"start":{"line":49,"column":8},"end":{"line":49,"column":41}},"22":{"start":{"line":53,"column":21},"end":{"line":53,"column":60}},"23":{"start":{"line":55,"column":8},"end":{"line":55,"column":69}},"24":{"start":{"line":55,"column":19},"end":{"line":55,"column":69}},"25":{"start":{"line":57,"column":30},"end":{"line":57,"column":75}},"26":{"start":{"line":58,"column":8},"end":{"line":58,"column":80}},"27":{"start":{"line":58,"column":28},"end":{"line":58,"column":80}},"28":{"start":{"line":60,"column":23},"end":{"line":60,"column":70}},"29":{"start":{"line":62,"column":22},"end":{"line":66,"column":9}},"30":{"start":{"line":68,"column":8},"end":{"line":68,"column":38}},"31":{"start":{"line":72,"column":8},"end":{"line":76,"column":9}},"32":{"start":{"line":73,"column":12},"end":{"line":73,"column":53}},"33":{"start":{"line":75,"column":12},"end":{"line":75,"column":53}},"34":{"start":{"line":80,"column":0},"end":{"line":80,"column":35}}},"fnMap":{"0":{"name":"(anonymous_0)","decl":{"start":{"line":7,"column":4},"end":{"line":7,"column":5}},"loc":{"start":{"line":7,"column":23},"end":{"line":34,"column":5}},"line":7},"1":{"name":"(anonymous_1)","decl":{"start":{"line":36,"column":4},"end":{"line":36,"column":5}},"loc":{"start":{"line":36,"column":23},"end":{"line":38,"column":5}},"line":36},"2":{"name":"(anonymous_2)","decl":{"start":{"line":40,"column":4},"end":{"line":40,"column":5}},"loc":{"start":{"line":40,"column":20},"end":{"line":42,"column":5}},"line":40},"3":{"name":"(anonymous_3)","decl":{"start":{"line":44,"column":4},"end":{"line":44,"column":5}},"loc":{"start":{"line":44,"column":27},"end":{"line":46,"column":5}},"line":44},"4":{"name":"(anonymous_4)","decl":{"start":{"line":48,"column":4},"end":{"line":48,"column":5}},"loc":{"start":{"line":48,"column":21},"end":{"line":50,"column":5}},"line":48},"5":{"name":"(anonymous_5)","decl":{"start":{"line":52,"column":4},"end":{"line":52,"column":5}},"loc":{"start":{"line":52,"column":33},"end":{"line":69,"column":5}},"line":52},"6":{"name":"(anonymous_6)","decl":{"start":{"line":71,"column":4},"end":{"line":71,"column":5}},"loc":{"start":{"line":71,"column":23},"end":{"line":77,"column":5}},"line":71}},"branchMap":{"0":{"loc":{"start":{"line":8,"column":8},"end":{"line":10,"column":9}},"type":"if","locations":[{"start":{"line":8,"column":8},"end":{"line":10,"column":9}},{"start":{},"end":{}}],"line":8},"1":{"loc":{"start":{"line":12,"column":8},"end":{"line":14,"column":9}},"type":"if","locations":[{"start":{"line":12,"column":8},"end":{"line":14,"column":9}},{"start":{},"end":{}}],"line":12},"2":{"loc":{"start":{"line":16,"column":8},"end":{"line":18,"column":9}},"type":"if","locations":[{"start":{"line":16,"column":8},"end":{"line":18,"column":9}},{"start":{},"end":{}}],"line":16},"3":{"loc":{"start":{"line":20,"column":8},"end":{"line":22,"column":9}},"type":"if","locations":[{"start":{"line":20,"column":8},"end":{"line":22,"column":9}},{"start":{},"end":{}}],"line":20},"4":{"loc":{"start":{"line":24,"column":8},"end":{"line":26,"column":9}},"type":"if","locations":[{"start":{"line":24,"column":8},"end":{"line":26,"column":9}},{"start":{},"end":{}}],"line":24},"5":{"loc":{"start":{"line":28,"column":8},"end":{"line":30,"column":9}},"type":"if","locations":[{"start":{"line":28,"column":8},"end":{"line":30,"column":9}},{"start":{},"end":{}}],"line":28},"6":{"loc":{"start":{"line":55,"column":8},"end":{"line":55,"column":69}},"type":"if","locations":[{"start":{"line":55,"column":8},"end":{"line":55,"column":69}},{"start":{},"end":{}}],"line":55},"7":{"loc":{"start":{"line":58,"column":8},"end":{"line":58,"column":80}},"type":"if","locations":[{"start":{"line":58,"column":8},"end":{"line":58,"column":80}},{"start":{},"end":{}}],"line":58},"8":{"loc":{"start":{"line":60,"column":23},"end":{"line":60,"column":70}},"type":"binary-expr","locations":[{"start":{"line":60,"column":23},"end":{"line":60,"column":45}},{"start":{"line":60,"column":49},"end":{"line":60,"column":70}}],"line":60}},"s":{"0":4,"1":4,"2":4,"3":4,"4":4,"5":0,"6":4,"7":0,"8":4,"9":1,"10":3,"11":1,"12":2,"13":0,"14":2,"15":1,"16":1,"17":1,"18":0,"19":0,"20":0,"21":0,"22":0,"23":0,"24":0,"25":0,"26":0,"27":0,"28":0,"29":0,"30":0,"31":2,"32":2,"33":0,"34":4},"f":{"0":4,"1":0,"2":0,"3":0,"4":0,"5":0,"6":2},"b":{"0":[0,4],"1":[0,4],"2":[1,3],"3":[1,2],"4":[0,2],"5":[1,1],"6":[0,0],"7":[0,0],"8":[0,0]},"_coverageSchema":"1a1c01bbd47fc00a2c39e90264f33305004495a9","hash":"016608521ab9e79018aeef686687c2c9eea4727a"}
,"/home/jones/3.Educacional/Academic/Jala University/Term 4/Module 1/Programming 4/uno/src/tests/utils/token.js": {"path":"/home/jones/3.Educacional/Academic/Jala University/Term 4/Module 1/Programming 4/uno/src/tests/utils/token.js","statementMap":{"0":{"start":{"line":1,"column":12},"end":{"line":1,"column":35}},"1":{"start":{"line":8,"column":0},"end":{"line":14,"column":1}},"2":{"start":{"line":9,"column":2},"end":{"line":13,"column":4}}},"fnMap":{"0":{"name":"generateTestToken","decl":{"start":{"line":8,"column":27},"end":{"line":8,"column":44}},"loc":{"start":{"line":8,"column":83},"end":{"line":14,"column":1}},"line":8}},"branchMap":{"0":{"loc":{"start":{"line":8,"column":45},"end":{"line":8,"column":53}},"type":"default-arg","locations":[{"start":{"line":8,"column":52},"end":{"line":8,"column":53}}],"line":8},"1":{"loc":{"start":{"line":8,"column":55},"end":{"line":8,"column":81}},"type":"default-arg","locations":[{"start":{"line":8,"column":65},"end":{"line":8,"column":81}}],"line":8},"2":{"loc":{"start":{"line":11,"column":4},"end":{"line":11,"column":43}},"type":"binary-expr","locations":[{"start":{"line":11,"column":4},"end":{"line":11,"column":26}},{"start":{"line":11,"column":30},"end":{"line":11,"column":43}}],"line":11}},"s":{"0":2,"1":2,"2":4},"f":{"0":4},"b":{"0":[3],"1":[3],"2":[4,0]},"_coverageSchema":"1a1c01bbd47fc00a2c39e90264f33305004495a9","hash":"d734ed193d798d7fe2a333df2881429c41cb9372"}
}
