TN:
SF:src\app.js
FNF:0
FNH:0
DA:1,3
DA:2,3
DA:3,3
DA:4,3
DA:6,3
DA:8,3
DA:9,3
DA:10,3
DA:12,3
LF:9
LH:9
BRF:0
BRH:0
end_of_record
TN:
SF:src\database.js
FNF:0
FNH:0
DA:1,25
DA:3,25
DA:5,25
DA:11,25
LF:4
LH:4
BRDA:7,0,0,25
BRDA:7,0,1,0
BRF:2
BRH:1
end_of_record
TN:
SF:src\controllers\AuthController.js
FN:5,(anonymous_0)
FNF:1
FNH:0
FNDA:0,(anonymous_0)
DA:2,3
DA:6,0
DA:7,0
DA:8,0
DA:9,0
DA:11,0
DA:16,3
LF:7
LH:2
BRF:0
BRH:0
end_of_record
TN:
SF:src\controllers\CardController.js
FN:4,(anonymous_0)
FN:13,(anonymous_1)
FN:22,(anonymous_2)
FN:36,(anonymous_3)
FN:52,(anonymous_4)
FN:69,(anonymous_5)
FNF:6
FNH:6
FNDA:2,(anonymous_0)
FNDA:2,(anonymous_1)
FNDA:3,(anonymous_2)
FNDA:1,(anonymous_3)
FNDA:3,(anonymous_4)
FNDA:3,(anonymous_5)
DA:1,5
DA:5,2
DA:6,2
DA:7,1
DA:9,1
DA:14,2
DA:15,2
DA:16,1
DA:18,1
DA:23,3
DA:24,3
DA:26,2
DA:27,1
DA:30,1
DA:32,1
DA:37,1
DA:38,1
DA:39,1
DA:41,1
DA:43,1
DA:48,0
DA:53,3
DA:54,3
DA:59,2
DA:60,1
DA:63,1
DA:65,1
DA:70,3
DA:71,3
DA:73,2
DA:74,1
DA:77,1
DA:79,1
DA:84,5
LF:34
LH:33
BRDA:26,0,0,1
BRDA:26,0,1,1
BRDA:59,1,0,1
BRDA:59,1,1,1
BRDA:73,2,0,1
BRDA:73,2,1,1
BRF:6
BRH:6
end_of_record
TN:
SF:src\controllers\GameController.js
FN:4,(anonymous_0)
FN:21,(anonymous_1)
FN:30,(anonymous_2)
FN:44,(anonymous_3)
FN:67,(anonymous_4)
FN:90,(anonymous_5)
FN:113,(anonymous_6)
FN:136,(anonymous_7)
FN:150,(anonymous_8)
FN:164,(anonymous_9)
FNF:10
FNH:10
FNDA:6,(anonymous_0)
FNDA:1,(anonymous_1)
FNDA:2,(anonymous_2)
FNDA:5,(anonymous_3)
FNDA:4,(anonymous_4)
FNDA:3,(anonymous_5)
FNDA:3,(anonymous_6)
FNDA:1,(anonymous_7)
FNDA:2,(anonymous_8)
FNDA:2,(anonymous_9)
DA:1,5
DA:5,6
DA:6,6
DA:8,6
DA:9,1
DA:14,5
DA:15,5
DA:17,0
DA:22,1
DA:23,1
DA:24,1
DA:26,0
DA:31,2
DA:32,2
DA:34,2
DA:35,1
DA:38,1
DA:40,0
DA:45,5
DA:46,5
DA:47,5
DA:49,5
DA:50,1
DA:55,4
DA:57,4
DA:58,1
DA:61,3
DA:63,0
DA:68,4
DA:69,4
DA:70,4
DA:72,4
DA:73,1
DA:78,3
DA:80,3
DA:81,1
DA:84,2
DA:86,0
DA:91,3
DA:92,3
DA:93,3
DA:95,3
DA:96,1
DA:101,2
DA:103,2
DA:104,1
DA:107,1
DA:109,0
DA:114,3
DA:115,3
DA:116,3
DA:118,3
DA:119,1
DA:124,2
DA:126,2
DA:127,1
DA:130,1
DA:132,0
DA:137,1
DA:138,1
DA:140,1
DA:142,1
DA:144,0
DA:151,2
DA:152,2
DA:154,2
DA:155,1
DA:158,1
DA:160,0
DA:165,2
DA:166,2
DA:168,2
DA:169,1
DA:172,1
DA:174,0
DA:179,5
LF:76
LH:66
BRDA:8,0,0,1
BRDA:8,0,1,5
BRDA:34,1,0,1
BRDA:34,1,1,1
BRDA:47,2,0,5
BRDA:47,2,1,1
BRDA:49,3,0,1
BRDA:49,3,1,4
BRDA:57,4,0,1
BRDA:57,4,1,3
BRDA:70,5,0,4
BRDA:70,5,1,1
BRDA:72,6,0,1
BRDA:72,6,1,3
BRDA:80,7,0,1
BRDA:80,7,1,2
BRDA:93,8,0,3
BRDA:93,8,1,1
BRDA:95,9,0,1
BRDA:95,9,1,2
BRDA:103,10,0,1
BRDA:103,10,1,1
BRDA:116,11,0,3
BRDA:116,11,1,1
BRDA:118,12,0,1
BRDA:118,12,1,2
BRDA:126,13,0,1
BRDA:126,13,1,1
BRDA:154,14,0,1
BRDA:154,14,1,1
BRDA:168,15,0,1
BRDA:168,15,1,1
BRF:32
BRH:32
end_of_record
TN:
SF:src\controllers\ScoreController.js
FN:4,(anonymous_0)
FN:16,(anonymous_1)
FN:25,(anonymous_2)
FN:40,(anonymous_3)
FN:52,(anonymous_4)
FN:64,(anonymous_5)
FN:74,(anonymous_6)
FN:86,(anonymous_7)
FNF:8
FNH:8
FNDA:3,(anonymous_0)
FNDA:1,(anonymous_1)
FNDA:2,(anonymous_2)
FNDA:1,(anonymous_3)
FNDA:1,(anonymous_4)
FNDA:1,(anonymous_5)
FNDA:2,(anonymous_6)
FNDA:2,(anonymous_7)
DA:1,4
DA:5,3
DA:6,3
DA:7,1
DA:9,2
DA:10,1
DA:12,1
DA:17,1
DA:18,1
DA:19,1
DA:21,0
DA:26,2
DA:27,2
DA:28,2
DA:29,1
DA:31,1
DA:33,0
DA:41,1
DA:42,1
DA:43,1
DA:45,0
DA:53,1
DA:54,1
DA:55,1
DA:57,0
DA:65,1
DA:66,1
DA:67,1
DA:68,1
DA:70,0
DA:75,2
DA:76,2
DA:77,2
DA:78,1
DA:80,1
DA:82,0
DA:87,2
DA:88,2
DA:89,2
DA:90,1
DA:92,1
DA:94,0
DA:99,4
LF:43
LH:36
BRDA:9,0,0,1
BRDA:9,0,1,1
BRDA:28,1,0,1
BRDA:28,1,1,1
BRDA:77,2,0,1
BRDA:77,2,1,1
BRDA:89,3,0,1
BRDA:89,3,1,1
BRF:8
BRH:8
end_of_record
TN:
SF:src\controllers\UserController.js
FN:4,(anonymous_0)
FN:18,(anonymous_1)
FN:30,(anonymous_2)
FN:42,(anonymous_3)
FN:51,(anonymous_4)
FN:63,(anonymous_5)
FN:73,(anonymous_6)
FNF:7
FNH:7
FNDA:2,(anonymous_0)
FNDA:2,(anonymous_1)
FNDA:2,(anonymous_2)
FNDA:1,(anonymous_3)
FNDA:2,(anonymous_4)
FNDA:2,(anonymous_5)
FNDA:2,(anonymous_6)
DA:1,4
DA:5,2
DA:6,2
DA:8,2
DA:9,1
DA:12,1
DA:14,0
DA:19,2
DA:20,2
DA:21,2
DA:22,1
DA:24,1
DA:26,0
DA:31,2
DA:32,2
DA:33,2
DA:34,1
DA:36,1
DA:38,0
DA:43,1
DA:44,1
DA:45,1
DA:47,0
DA:52,2
DA:53,2
DA:54,2
DA:55,1
DA:57,1
DA:59,0
DA:64,2
DA:65,2
DA:66,2
DA:67,2
DA:69,0
DA:74,2
DA:75,2
DA:77,2
DA:78,1
DA:81,1
DA:83,0
DA:89,4
LF:41
LH:34
BRDA:8,0,0,1
BRDA:8,0,1,1
BRDA:21,1,0,1
BRDA:21,1,1,1
BRDA:33,2,0,1
BRDA:33,2,1,1
BRDA:54,3,0,1
BRDA:54,3,1,1
BRDA:77,4,0,1
BRDA:77,4,1,1
BRF:10
BRH:10
end_of_record
TN:
SF:src\middlewares\auth.middleware.js
FN:3,auth
FNF:1
FNH:1
FNDA:9,auth
DA:1,3
DA:3,3
DA:5,9
DA:7,9
DA:8,0
DA:11,9
DA:13,9
DA:14,0
DA:17,9
DA:19,9
DA:20,0
DA:23,9
DA:25,9
DA:30,7
DA:32,7
DA:36,2
LF:16
LH:13
BRDA:7,0,0,0
BRDA:7,0,1,9
BRDA:13,1,0,0
BRDA:13,1,1,9
BRDA:19,2,0,0
BRDA:19,2,1,9
BRDA:27,3,0,9
BRDA:27,3,1,9
BRF:8
BRH:5
end_of_record
TN:
SF:src\middlewares\errorMiddleware.js
FN:1,(anonymous_0)
FNF:1
FNH:0
FNDA:0,(anonymous_0)
DA:1,3
DA:2,0
DA:3,0
DA:4,0
LF:4
LH:1
BRDA:2,0,0,0
BRDA:2,0,1,0
BRF:2
BRH:0
end_of_record
TN:
SF:src\models\Assossietions.js
FNF:0
FNH:0
DA:1,3
DA:2,3
DA:4,3
DA:9,3
DA:14,3
LF:5
LH:5
BRF:0
BRH:0
end_of_record
TN:
SF:src\models\Card.js
FNF:0
FNH:0
DA:1,10
DA:2,10
DA:4,10
DA:19,10
LF:4
LH:4
BRF:0
BRH:0
end_of_record
TN:
SF:src\models\Game.js
FNF:0
FNH:0
DA:1,7
DA:2,7
DA:5,7
DA:40,7
LF:4
LH:4
BRF:0
BRH:0
end_of_record
TN:
SF:src\models\GamePlayer.js
FNF:0
FNH:0
DA:1,10
DA:2,10
DA:6,10
DA:28,10
LF:4
LH:4
BRF:0
BRH:0
end_of_record
TN:
SF:src\models\Score.js
FNF:0
FNH:0
DA:1,5
DA:2,5
DA:4,5
DA:19,5
LF:4
LH:4
BRF:0
BRH:0
end_of_record
TN:
SF:src\models\TokenBlacklist.js
FNF:0
FNH:0
DA:1,5
DA:2,5
DA:4,5
DA:12,5
LF:4
LH:4
BRF:0
BRH:0
end_of_record
TN:
SF:src\models\User.js
FN:33,(anonymous_0)
FN:38,(anonymous_1)
FNF:2
FNH:0
FNDA:0,(anonymous_0)
FNDA:0,(anonymous_1)
DA:1,8
DA:2,8
DA:3,8
DA:5,8
DA:33,8
DA:34,0
DA:35,0
DA:38,8
DA:39,0
DA:40,0
DA:41,0
DA:45,8
LF:12
LH:7
BRDA:39,0,0,0
BRDA:39,0,1,0
BRF:2
BRH:0
end_of_record
TN:
SF:src\repositories\CardRepository.js
FN:4,(anonymous_0)
FN:8,(anonymous_1)
FN:12,(anonymous_2)
FN:16,(anonymous_3)
FN:27,(anonymous_4)
FN:32,(anonymous_5)
FNF:6
FNH:1
FNDA:0,(anonymous_0)
FNDA:0,(anonymous_1)
FNDA:0,(anonymous_2)
FNDA:0,(anonymous_3)
FNDA:4,(anonymous_4)
FNDA:0,(anonymous_5)
DA:1,10
DA:5,0
DA:9,0
DA:13,0
DA:18,0
DA:19,0
DA:20,0
DA:21,0
DA:22,0
DA:23,0
DA:29,4
DA:33,0
DA:37,10
LF:13
LH:3
BRDA:19,0,0,0
BRDA:19,0,1,0
BRDA:20,1,0,0
BRDA:20,1,1,0
BRDA:21,2,0,0
BRDA:21,2,1,0
BRF:6
BRH:0
end_of_record
TN:
SF:src\repositories\GamePlayerRepository.js
FN:4,(anonymous_0)
FN:8,(anonymous_1)
FN:14,(anonymous_2)
FN:23,(anonymous_3)
FN:29,(anonymous_4)
FN:33,(anonymous_5)
FN:37,(anonymous_6)
FN:43,(anonymous_7)
FNF:8
FNH:4
FNDA:6,(anonymous_0)
FNDA:2,(anonymous_1)
FNDA:1,(anonymous_2)
FNDA:0,(anonymous_3)
FNDA:1,(anonymous_4)
FNDA:0,(anonymous_5)
FNDA:0,(anonymous_6)
FNDA:0,(anonymous_7)
DA:1,7
DA:5,6
DA:9,2
DA:15,1
DA:24,0
DA:30,1
DA:34,0
DA:38,0
DA:43,0
DA:50,7
LF:10
LH:6
BRF:0
BRH:0
end_of_record
TN:
SF:src\repositories\GameRepository.js
FN:5,(anonymous_0)
FN:9,(anonymous_1)
FN:13,(anonymous_2)
FN:30,(anonymous_3)
FN:35,(anonymous_4)
FNF:5
FNH:2
FNDA:4,(anonymous_0)
FNDA:0,(anonymous_1)
FNDA:2,(anonymous_2)
FNDA:0,(anonymous_3)
FNDA:0,(anonymous_4)
DA:1,7
DA:2,7
DA:6,4
DA:10,0
DA:14,2
DA:32,0
DA:36,0
DA:40,7
LF:8
LH:5
BRF:0
BRH:0
end_of_record
TN:
SF:src\repositories\ScoreRepository.js
FN:4,(anonymous_0)
FN:8,(anonymous_1)
FN:12,(anonymous_2)
FN:16,(anonymous_3)
FN:20,(anonymous_4)
FNF:5
FNH:0
FNDA:0,(anonymous_0)
FNDA:0,(anonymous_1)
FNDA:0,(anonymous_2)
FNDA:0,(anonymous_3)
FNDA:0,(anonymous_4)
DA:1,5
DA:5,0
DA:9,0
DA:13,0
DA:17,0
DA:21,0
DA:25,5
LF:7
LH:2
BRF:0
BRH:0
end_of_record
TN:
SF:src\repositories\UserRepository.js
FN:4,(anonymous_0)
FN:12,(anonymous_1)
FN:25,(anonymous_2)
FN:31,(anonymous_3)
FN:33,(anonymous_4)
FN:41,(anonymous_5)
FN:45,(anonymous_6)
FNF:7
FNH:0
FNDA:0,(anonymous_0)
FNDA:0,(anonymous_1)
FNDA:0,(anonymous_2)
FNDA:0,(anonymous_3)
FNDA:0,(anonymous_4)
FNDA:0,(anonymous_5)
FNDA:0,(anonymous_6)
DA:1,6
DA:5,0
DA:6,0
DA:13,0
DA:14,0
DA:15,0
DA:22,0
DA:26,0
DA:32,0
DA:33,0
DA:42,0
DA:46,0
DA:47,0
DA:51,6
LF:14
LH:2
BRDA:14,0,0,0
BRDA:14,0,1,0
BRF:2
BRH:0
end_of_record
TN:
SF:src\routes\CardRoutes.js
FNF:0
FNH:0
DA:1,4
DA:2,4
DA:3,4
DA:4,4
DA:6,4
DA:7,4
DA:9,4
DA:11,4
DA:12,4
DA:13,4
DA:15,4
LF:11
LH:11
BRF:0
BRH:0
end_of_record
TN:
SF:src\routes\GameRoutes.js
FNF:0
FNH:0
DA:1,3
DA:2,3
DA:3,3
DA:4,3
DA:7,3
DA:8,3
DA:9,3
DA:10,3
DA:11,3
DA:14,3
DA:15,3
DA:16,3
DA:17,3
DA:19,3
LF:14
LH:14
BRF:0
BRH:0
end_of_record
TN:
SF:src\routes\ScoreRoutes.js
FNF:0
FNH:0
DA:1,3
DA:2,3
DA:3,3
DA:6,3
DA:7,3
DA:8,3
DA:9,3
DA:10,3
DA:13,3
DA:14,3
DA:15,3
DA:17,3
LF:12
LH:12
BRF:0
BRH:0
end_of_record
TN:
SF:src\routes\UserRoutes.js
FNF:0
FNH:0
DA:1,3
DA:2,3
DA:3,3
DA:4,3
DA:5,3
DA:7,3
DA:8,3
DA:9,3
DA:10,3
DA:11,3
DA:12,3
DA:13,3
DA:14,3
DA:16,3
LF:14
LH:14
BRF:0
BRH:0
end_of_record
TN:
SF:src\routes\routes.js
FNF:0
FNH:0
DA:1,3
DA:3,3
DA:4,3
DA:5,3
DA:6,3
DA:8,3
DA:10,3
DA:11,3
DA:12,3
DA:13,3
DA:15,3
LF:11
LH:11
BRF:0
BRH:0
end_of_record
TN:
SF:src\services\AuthService.js
FN:7,(anonymous_0)
FN:28,(anonymous_1)
FNF:2
FNH:2
FNDA:1,(anonymous_0)
FNDA:1,(anonymous_1)
DA:1,5
DA:2,5
DA:3,5
DA:4,5
DA:8,1
DA:10,1
DA:11,0
DA:14,1
DA:15,1
DA:16,0
DA:19,1
DA:25,1
DA:29,1
DA:30,1
DA:34,5
LF:15
LH:13
BRDA:10,0,0,0
BRDA:10,0,1,1
BRDA:15,1,0,0
BRDA:15,1,1,1
BRF:4
BRH:2
end_of_record
TN:
SF:src\services\CardService.js
FN:4,(anonymous_0)
FN:4,(anonymous_1)
FN:10,(anonymous_2)
FN:22,(anonymous_3)
FN:22,(anonymous_4)
FN:22,(anonymous_5)
FN:30,(anonymous_6)
FN:43,(anonymous_7)
FN:49,(anonymous_8)
FN:57,(anonymous_9)
FN:61,(anonymous_10)
FN:62,(anonymous_11)
FN:66,(anonymous_12)
FN:68,(anonymous_13)
FN:69,(anonymous_14)
FN:74,(anonymous_15)
FN:77,(anonymous_16)
FN:89,(anonymous_17)
FN:93,(anonymous_18)
FN:97,(anonymous_19)
FN:104,(anonymous_20)
FN:105,(anonymous_21)
FN:119,(anonymous_22)
FN:123,(anonymous_23)
FN:130,(anonymous_24)
FN:138,(anonymous_25)
FN:153,(anonymous_26)
FNF:27
FNH:17
FNDA:0,(anonymous_0)
FNDA:0,(anonymous_1)
FNDA:4,(anonymous_2)
FNDA:20,(anonymous_3)
FNDA:20,(anonymous_4)
FNDA:432,(anonymous_5)
FNDA:432,(anonymous_6)
FNDA:16,(anonymous_7)
FNDA:208,(anonymous_8)
FNDA:4,(anonymous_9)
FNDA:8,(anonymous_10)
FNDA:32,(anonymous_11)
FNDA:0,(anonymous_12)
FNDA:0,(anonymous_13)
FNDA:0,(anonymous_14)
FNDA:4,(anonymous_15)
FNDA:16,(anonymous_16)
FNDA:2,(anonymous_17)
FNDA:1,(anonymous_18)
FNDA:0,(anonymous_19)
FNDA:0,(anonymous_20)
FNDA:0,(anonymous_21)
FNDA:6,(anonymous_22)
FNDA:3,(anonymous_23)
FNDA:3,(anonymous_24)
FNDA:0,(anonymous_25)
FNDA:0,(anonymous_26)
DA:1,10
DA:4,10
DA:5,0
DA:6,0
DA:10,10
DA:11,4
DA:13,4
DA:14,428
DA:15,428
DA:18,4
DA:22,432
DA:30,10
DA:31,432
DA:39,432
DA:43,10
DA:44,16
DA:47,16
DA:49,16
DA:50,208
DA:57,10
DA:58,4
DA:59,4
DA:61,4
DA:62,32
DA:66,10
DA:68,0
DA:69,0
DA:75,4
DA:77,4
DA:78,16
DA:81,4
DA:83,4
DA:86,4
DA:90,2
DA:94,1
DA:98,0
DA:99,0
DA:100,0
DA:103,0
DA:104,0
DA:105,0
DA:112,0
DA:113,0
DA:120,6
DA:124,3
DA:125,3
DA:127,2
DA:131,3
DA:132,3
DA:134,2
DA:135,2
DA:139,0
DA:146,0
DA:147,0
DA:150,0
DA:154,0
DA:158,10
LF:57
LH:40
BRDA:5,0,0,0
BRDA:5,0,1,0
BRDA:6,1,0,0
BRDA:6,1,1,0
BRDA:39,2,0,432
BRDA:39,2,1,304
BRDA:50,3,0,16
BRDA:50,3,1,192
BRDA:68,4,0,0
BRDA:68,4,1,0
BRDA:68,5,0,0
BRDA:68,5,1,0
BRDA:99,6,0,0
BRDA:99,6,1,0
BRDA:104,7,0,0
BRDA:104,7,1,0
BRDA:125,8,0,1
BRDA:125,8,1,2
BRDA:132,9,0,1
BRDA:132,9,1,2
BRDA:146,10,0,0
BRDA:146,10,1,0
BRF:22
BRH:8
end_of_record
TN:
SF:src\services\GameService.js
FN:8,(anonymous_0)
FN:8,(anonymous_1)
FN:14,(anonymous_2)
FN:15,(anonymous_3)
FN:20,(anonymous_4)
FN:26,(anonymous_5)
FN:45,(anonymous_6)
FN:71,(anonymous_7)
FN:75,(anonymous_8)
FN:82,(anonymous_9)
FN:100,(anonymous_10)
FN:115,(anonymous_11)
FN:131,(anonymous_12)
FN:146,(anonymous_13)
FN:190,(anonymous_14)
FN:218,(anonymous_15)
FN:228,(anonymous_16)
FN:255,(anonymous_17)
FN:267,(anonymous_18)
FN:270,(anonymous_19)
FN:274,(anonymous_20)
FN:276,(anonymous_21)
FN:288,(anonymous_22)
FN:305,(anonymous_23)
FN:316,(anonymous_24)
FN:323,(anonymous_25)
FNF:26
FNH:18
FNDA:2,(anonymous_0)
FNDA:2,(anonymous_1)
FNDA:0,(anonymous_2)
FNDA:0,(anonymous_3)
FNDA:0,(anonymous_4)
FNDA:0,(anonymous_5)
FNDA:6,(anonymous_6)
FNDA:1,(anonymous_7)
FNDA:4,(anonymous_8)
FNDA:6,(anonymous_9)
FNDA:4,(anonymous_10)
FNDA:0,(anonymous_11)
FNDA:3,(anonymous_12)
FNDA:0,(anonymous_13)
FNDA:3,(anonymous_14)
FNDA:6,(anonymous_15)
FNDA:8,(anonymous_16)
FNDA:0,(anonymous_17)
FNDA:1,(anonymous_18)
FNDA:1,(anonymous_19)
FNDA:2,(anonymous_20)
FNDA:2,(anonymous_21)
FNDA:1,(anonymous_22)
FNDA:0,(anonymous_23)
FNDA:2,(anonymous_24)
FNDA:2,(anonymous_25)
DA:1,7
DA:2,7
DA:3,7
DA:8,7
DA:9,2
DA:14,7
DA:15,0
DA:20,7
DA:21,0
DA:26,7
DA:27,0
DA:29,0
DA:46,6
DA:47,1
DA:51,5
DA:58,5
DA:66,5
DA:68,5
DA:72,1
DA:76,4
DA:83,6
DA:85,6
DA:86,1
DA:89,5
DA:90,0
DA:93,5
DA:95,5
DA:96,1
DA:100,4
DA:101,4
DA:102,1
DA:105,3
DA:112,3
DA:117,0
DA:119,0
DA:120,0
DA:121,0
DA:132,3
DA:134,3
DA:135,1
DA:138,2
DA:140,2
DA:147,0
DA:149,0
DA:150,0
DA:153,0
DA:154,0
DA:157,0
DA:160,0
DA:162,0
DA:163,0
DA:170,0
DA:175,0
DA:178,0
DA:180,0
DA:191,3
DA:193,3
DA:194,0
DA:197,3
DA:198,1
DA:202,2
DA:204,2
DA:205,1
DA:210,1
DA:212,1
DA:219,6
DA:220,6
DA:222,5
DA:223,5
DA:225,4
DA:227,4
DA:228,8
DA:230,4
DA:231,2
DA:233,2
DA:240,2
DA:241,1
DA:248,2
DA:249,1
DA:252,2
DA:256,0
DA:258,0
DA:263,0
DA:268,1
DA:270,1
DA:272,1
DA:273,1
DA:274,1
DA:276,2
DA:277,2
DA:281,1
DA:282,1
DA:285,0
DA:289,1
DA:291,1
DA:292,1
DA:294,1
DA:295,1
DA:296,1
DA:297,1
DA:301,1
DA:306,0
DA:308,0
DA:317,2
DA:318,2
DA:320,1
DA:324,2
DA:325,2
DA:327,1
DA:328,1
DA:332,7
LF:111
LH:82
BRDA:30,0,0,0
BRDA:30,0,1,0
BRDA:30,0,2,0
BRDA:34,1,0,0
BRDA:34,1,1,0
BRDA:35,2,0,0
BRDA:35,2,1,0
BRDA:36,3,0,0
BRDA:36,3,1,0
BRDA:46,4,0,1
BRDA:46,4,1,5
BRDA:85,5,0,1
BRDA:85,5,1,5
BRDA:89,6,0,0
BRDA:89,6,1,5
BRDA:95,7,0,1
BRDA:95,7,1,4
BRDA:101,8,0,1
BRDA:101,8,1,3
BRDA:134,9,0,1
BRDA:134,9,1,2
BRDA:149,10,0,0
BRDA:149,10,1,0
BRDA:153,11,0,0
BRDA:153,11,1,0
BRDA:162,12,0,0
BRDA:162,12,1,0
BRDA:193,13,0,0
BRDA:193,13,1,3
BRDA:197,14,0,1
BRDA:197,14,1,2
BRDA:204,15,0,1
BRDA:204,15,1,1
BRDA:220,16,0,1
BRDA:220,16,1,5
BRDA:223,17,0,1
BRDA:223,17,1,4
BRDA:230,18,0,2
BRDA:230,18,1,2
BRDA:230,19,0,4
BRDA:230,19,1,4
BRDA:240,20,0,1
BRDA:240,20,1,1
BRDA:248,21,0,1
BRDA:248,21,1,1
BRDA:270,22,0,1
BRDA:270,22,1,1
BRDA:272,23,0,1
BRDA:272,23,1,0
BRDA:295,24,0,0
BRDA:295,24,1,1
BRDA:296,25,0,0
BRDA:296,25,1,1
BRDA:318,26,0,1
BRDA:318,26,1,1
BRDA:325,27,0,1
BRDA:325,27,1,1
BRF:57
BRH:37
end_of_record
TN:
SF:src\services\ScoreService.js
FN:7,(anonymous_0)
FN:8,(anonymous_1)
FN:14,(anonymous_2)
FN:16,(anonymous_3)
FN:39,(anonymous_4)
FN:47,(anonymous_5)
FN:48,(anonymous_6)
FN:55,(anonymous_7)
FN:55,(anonymous_8)
FN:56,(anonymous_9)
FN:63,(anonymous_10)
FN:72,(anonymous_11)
FN:76,(anonymous_12)
FN:80,(anonymous_13)
FN:87,(anonymous_14)
FN:98,(anonymous_15)
FN:119,(anonymous_16)
FN:129,(anonymous_17)
FN:131,(anonymous_18)
FN:149,(anonymous_19)
FN:150,(anonymous_20)
FNF:21
FNH:5
FNDA:0,(anonymous_0)
FNDA:0,(anonymous_1)
FNDA:0,(anonymous_2)
FNDA:0,(anonymous_3)
FNDA:0,(anonymous_4)
FNDA:0,(anonymous_5)
FNDA:0,(anonymous_6)
FNDA:0,(anonymous_7)
FNDA:0,(anonymous_8)
FNDA:0,(anonymous_9)
FNDA:1,(anonymous_10)
FNDA:1,(anonymous_11)
FNDA:2,(anonymous_12)
FNDA:2,(anonymous_13)
FNDA:2,(anonymous_14)
FNDA:0,(anonymous_15)
FNDA:0,(anonymous_16)
FNDA:0,(anonymous_17)
FNDA:0,(anonymous_18)
FNDA:0,(anonymous_19)
FNDA:0,(anonymous_20)
DA:1,5
DA:7,5
DA:8,0
DA:14,5
DA:16,0
DA:17,0
DA:19,0
DA:20,0
DA:27,0
DA:28,0
DA:34,0
DA:38,0
DA:39,0
DA:47,0
DA:48,0
DA:55,5
DA:56,0
DA:65,1
DA:66,0
DA:69,1
DA:73,1
DA:77,2
DA:81,2
DA:82,2
DA:84,1
DA:88,2
DA:89,2
DA:91,1
DA:92,1
DA:99,0
DA:101,0
DA:102,0
DA:109,0
DA:120,0
DA:121,0
DA:123,0
DA:130,0
DA:131,0
DA:133,0
DA:134,0
DA:142,0
DA:144,0
DA:149,0
DA:150,0
DA:155,5
LF:45
LH:16
BRDA:19,0,0,0
BRDA:19,0,1,0
BRDA:65,1,0,0
BRDA:65,1,1,1
BRDA:65,2,0,1
BRDA:65,2,1,1
BRDA:65,2,2,1
BRDA:82,3,0,1
BRDA:82,3,1,1
BRDA:89,4,0,1
BRDA:89,4,1,1
BRDA:101,5,0,0
BRDA:101,5,1,0
BRDA:101,6,0,0
BRDA:101,6,1,0
BRDA:133,7,0,0
BRDA:133,7,1,0
BRF:17
BRH:8
end_of_record
TN:
SF:src\services\UserService.js
FN:4,create
FN:32,findById
FN:36,update
FN:40,findAll
FN:44,deleteUser
FN:48,login
FNF:6
FNH:2
FNDA:4,create
FNDA:2,findById
FNDA:0,update
FNDA:0,findAll
FNDA:0,deleteUser
FNDA:0,login
DA:1,6
DA:2,6
DA:6,4
DA:7,1
DA:10,3
DA:11,1
DA:14,2
DA:15,0
DA:18,2
DA:20,2
DA:21,1
DA:24,1
DA:26,1
DA:33,2
DA:37,0
DA:41,0
DA:45,0
DA:50,0
DA:52,0
DA:53,0
DA:56,0
DA:62,0
DA:68,6
LF:23
LH:14
BRDA:6,0,0,1
BRDA:6,0,1,3
BRDA:10,1,0,1
BRDA:10,1,1,2
BRDA:14,2,0,0
BRDA:14,2,1,2
BRDA:14,3,0,2
BRDA:14,3,1,2
BRDA:20,4,0,1
BRDA:20,4,1,1
BRDA:52,5,0,0
BRDA:52,5,1,0
BRDA:52,6,0,0
BRDA:52,6,1,0
BRDA:58,7,0,0
BRDA:58,7,1,0
BRF:16
BRH:9
end_of_record
TN:
SF:src\tests\utils\token.js
FN:8,generateTestToken
FNF:1
FNH:1
FNDA:6,generateTestToken
DA:1,3
DA:8,3
DA:9,6
LF:3
LH:3
BRDA:8,0,0,4
BRDA:8,1,0,4
BRDA:11,2,0,6
BRDA:11,2,1,6
BRF:4
BRH:4
end_of_record
