TN:
SF:src/app.js
FNF:0
FNH:0
DA:1,2
DA:2,2
DA:3,2
DA:4,2
DA:6,2
DA:8,2
DA:9,2
DA:10,2
DA:12,2
LF:9
LH:9
BRF:0
BRH:0
end_of_record
TN:
SF:src/database.js
FNF:0
FNH:0
DA:1,21
DA:3,21
DA:5,21
DA:11,21
LF:4
LH:4
BRDA:7,0,0,21
BRDA:7,0,1,0
BRF:2
BRH:1
end_of_record
TN:
SF:src/controllers/AuthController.js
FN:5,(anonymous_0)
FNF:1
FNH:0
FNDA:0,(anonymous_0)
DA:2,2
DA:6,0
DA:7,0
DA:8,0
DA:9,0
DA:11,0
DA:16,2
LF:7
LH:2
BRF:0
BRH:0
end_of_record
TN:
SF:src/controllers/CardController.js
FN:4,(anonymous_0)
FN:13,(anonymous_1)
FN:22,(anonymous_2)
FN:34,(anonymous_3)
FN:46,(anonymous_4)
FNF:5
FNH:0
FNDA:0,(anonymous_0)
FNDA:0,(anonymous_1)
FNDA:0,(anonymous_2)
FNDA:0,(anonymous_3)
FNDA:0,(anonymous_4)
DA:1,2
DA:5,0
DA:6,0
DA:7,0
DA:9,0
DA:14,0
DA:15,0
DA:16,0
DA:18,0
DA:23,0
DA:24,0
DA:25,0
DA:26,0
DA:28,0
DA:30,0
DA:35,0
DA:36,0
DA:37,0
DA:38,0
DA:40,0
DA:42,0
DA:47,0
DA:48,0
DA:49,0
DA:50,0
DA:52,0
DA:54,0
DA:59,2
LF:28
LH:2
BRDA:25,0,0,0
BRDA:25,0,1,0
BRDA:37,1,0,0
BRDA:37,1,1,0
BRDA:49,2,0,0
BRDA:49,2,1,0
BRF:6
BRH:0
end_of_record
TN:
SF:src/controllers/GameController.js
FN:4,(anonymous_0)
FN:22,(anonymous_1)
FN:31,(anonymous_2)
FN:46,(anonymous_3)
FN:72,(anonymous_4)
FN:99,(anonymous_5)
FN:126,(anonymous_6)
FN:149,(anonymous_7)
FN:161,(anonymous_8)
FNF:9
FNH:2
FNDA:3,(anonymous_0)
FNDA:0,(anonymous_1)
FNDA:0,(anonymous_2)
FNDA:1,(anonymous_3)
FNDA:0,(anonymous_4)
FNDA:0,(anonymous_5)
FNDA:0,(anonymous_6)
FNDA:0,(anonymous_7)
FNDA:0,(anonymous_8)
DA:1,2
DA:5,3
DA:7,3
DA:9,3
DA:10,0
DA:15,3
DA:16,3
DA:18,0
DA:23,0
DA:24,0
DA:25,0
DA:27,0
DA:32,0
DA:33,0
DA:34,0
DA:35,0
DA:37,0
DA:39,0
DA:47,1
DA:48,1
DA:49,1
DA:51,1
DA:52,0
DA:57,1
DA:59,1
DA:60,0
DA:63,1
DA:65,0
DA:73,0
DA:74,0
DA:75,0
DA:77,0
DA:78,0
DA:83,0
DA:85,0
DA:86,0
DA:89,0
DA:91,0
DA:100,0
DA:101,0
DA:102,0
DA:104,0
DA:105,0
DA:110,0
DA:112,0
DA:113,0
DA:116,0
DA:118,0
DA:127,0
DA:128,0
DA:129,0
DA:131,0
DA:132,0
DA:137,0
DA:139,0
DA:140,0
DA:143,0
DA:145,0
DA:150,0
DA:151,0
DA:152,0
DA:153,0
DA:155,0
DA:157,0
DA:162,0
DA:163,0
DA:164,0
DA:165,0
DA:167,0
DA:169,0
DA:174,2
LF:71
LH:14
BRDA:9,0,0,0
BRDA:9,0,1,3
BRDA:34,1,0,0
BRDA:34,1,1,0
BRDA:49,2,0,1
BRDA:49,2,1,0
BRDA:51,3,0,0
BRDA:51,3,1,1
BRDA:59,4,0,0
BRDA:59,4,1,1
BRDA:75,5,0,0
BRDA:75,5,1,0
BRDA:77,6,0,0
BRDA:77,6,1,0
BRDA:85,7,0,0
BRDA:85,7,1,0
BRDA:102,8,0,0
BRDA:102,8,1,0
BRDA:104,9,0,0
BRDA:104,9,1,0
BRDA:112,10,0,0
BRDA:112,10,1,0
BRDA:129,11,0,0
BRDA:129,11,1,0
BRDA:131,12,0,0
BRDA:131,12,1,0
BRDA:139,13,0,0
BRDA:139,13,1,0
BRDA:152,14,0,0
BRDA:152,14,1,0
BRDA:164,15,0,0
BRDA:164,15,1,0
BRF:32
BRH:4
end_of_record
TN:
SF:src/controllers/ScoreController.js
FN:4,(anonymous_0)
FN:16,(anonymous_1)
FN:25,(anonymous_2)
FN:40,(anonymous_3)
FN:52,(anonymous_4)
FN:64,(anonymous_5)
FN:74,(anonymous_6)
FN:86,(anonymous_7)
FNF:8
FNH:0
FNDA:0,(anonymous_0)
FNDA:0,(anonymous_1)
FNDA:0,(anonymous_2)
FNDA:0,(anonymous_3)
FNDA:0,(anonymous_4)
FNDA:0,(anonymous_5)
FNDA:0,(anonymous_6)
FNDA:0,(anonymous_7)
DA:1,2
DA:5,0
DA:6,0
DA:7,0
DA:9,0
DA:10,0
DA:12,0
DA:17,0
DA:18,0
DA:19,0
DA:21,0
DA:26,0
DA:27,0
DA:28,0
DA:29,0
DA:31,0
DA:33,0
DA:41,0
DA:42,0
DA:43,0
DA:45,0
DA:53,0
DA:54,0
DA:55,0
DA:57,0
DA:65,0
DA:66,0
DA:67,0
DA:68,0
DA:70,0
DA:75,0
DA:76,0
DA:77,0
DA:78,0
DA:80,0
DA:82,0
DA:87,0
DA:88,0
DA:89,0
DA:90,0
DA:92,0
DA:94,0
DA:99,2
LF:43
LH:2
BRDA:9,0,0,0
BRDA:9,0,1,0
BRDA:28,1,0,0
BRDA:28,1,1,0
BRDA:77,2,0,0
BRDA:77,2,1,0
BRDA:89,3,0,0
BRDA:89,3,1,0
BRF:8
BRH:0
end_of_record
TN:
SF:src/controllers/UserController.js
FN:4,(anonymous_0)
FN:18,(anonymous_1)
FN:30,(anonymous_2)
FN:42,(anonymous_3)
FN:51,(anonymous_4)
FN:63,(anonymous_5)
FN:73,(anonymous_6)
FNF:7
FNH:0
FNDA:0,(anonymous_0)
FNDA:0,(anonymous_1)
FNDA:0,(anonymous_2)
FNDA:0,(anonymous_3)
FNDA:0,(anonymous_4)
FNDA:0,(anonymous_5)
FNDA:0,(anonymous_6)
DA:1,2
DA:5,0
DA:6,0
DA:8,0
DA:9,0
DA:12,0
DA:14,0
DA:19,0
DA:20,0
DA:21,0
DA:22,0
DA:24,0
DA:26,0
DA:31,0
DA:32,0
DA:33,0
DA:34,0
DA:36,0
DA:38,0
DA:43,0
DA:44,0
DA:45,0
DA:47,0
DA:52,0
DA:53,0
DA:54,0
DA:55,0
DA:57,0
DA:59,0
DA:64,0
DA:65,0
DA:66,0
DA:67,0
DA:69,0
DA:74,0
DA:75,0
DA:77,0
DA:78,0
DA:81,0
DA:83,0
DA:89,2
LF:41
LH:2
BRDA:8,0,0,0
BRDA:8,0,1,0
BRDA:21,1,0,0
BRDA:21,1,1,0
BRDA:33,2,0,0
BRDA:33,2,1,0
BRDA:54,3,0,0
BRDA:54,3,1,0
BRDA:77,4,0,0
BRDA:77,4,1,0
BRF:10
BRH:0
end_of_record
TN:
SF:src/middlewares/auth.middleware.js
FN:3,auth
FNF:1
FNH:1
FNDA:6,auth
DA:1,2
DA:3,2
DA:4,6
DA:6,6
DA:7,0
DA:10,6
DA:12,6
DA:13,6
DA:14,4
DA:15,4
DA:17,2
LF:11
LH:10
BRDA:6,0,0,0
BRDA:6,0,1,6
BRF:2
BRH:1
end_of_record
TN:
SF:src/middlewares/errorMiddleware.js
FN:1,(anonymous_0)
FNF:1
FNH:0
FNDA:0,(anonymous_0)
DA:1,2
DA:2,0
DA:3,0
DA:4,0
LF:4
LH:1
BRDA:2,0,0,0
BRDA:2,0,1,0
BRF:2
BRH:0
end_of_record
TN:
SF:src/models/Assossietions.js
FNF:0
FNH:0
DA:1,2
DA:2,2
DA:4,2
DA:9,2
DA:14,2
LF:5
LH:5
BRF:0
BRH:0
end_of_record
TN:
SF:src/models/Card.js
FNF:0
FNH:0
DA:1,9
DA:2,9
DA:4,9
DA:19,9
LF:4
LH:4
BRF:0
BRH:0
end_of_record
TN:
SF:src/models/Game.js
FNF:0
FNH:0
DA:1,5
DA:2,5
DA:5,5
DA:40,5
LF:4
LH:4
BRF:0
BRH:0
end_of_record
TN:
SF:src/models/GamePlayer.js
FNF:0
FNH:0
DA:1,9
DA:2,9
DA:6,9
DA:28,9
LF:4
LH:4
BRF:0
BRH:0
end_of_record
TN:
SF:src/models/Score.js
FNF:0
FNH:0
DA:1,3
DA:2,3
DA:4,3
DA:19,3
LF:4
LH:4
BRF:0
BRH:0
end_of_record
TN:
SF:src/models/TokenBlacklist.js
FNF:0
FNH:0
DA:1,4
DA:2,4
DA:4,4
DA:12,4
LF:4
LH:4
BRF:0
BRH:0
end_of_record
TN:
SF:src/models/User.js
FN:33,(anonymous_0)
FN:38,(anonymous_1)
FNF:2
FNH:0
FNDA:0,(anonymous_0)
FNDA:0,(anonymous_1)
DA:1,4
DA:2,4
DA:3,4
DA:5,4
DA:33,4
DA:34,0
DA:35,0
DA:38,4
DA:39,0
DA:40,0
DA:41,0
DA:45,4
LF:12
LH:7
BRDA:39,0,0,0
BRDA:39,0,1,0
BRF:2
BRH:0
end_of_record
TN:
SF:src/repositories/CardRepository.js
FN:4,(anonymous_0)
FN:8,(anonymous_1)
FN:12,(anonymous_2)
FN:16,(anonymous_3)
FN:27,(anonymous_4)
FN:32,(anonymous_5)
FNF:6
FNH:1
FNDA:0,(anonymous_0)
FNDA:0,(anonymous_1)
FNDA:0,(anonymous_2)
FNDA:0,(anonymous_3)
FNDA:3,(anonymous_4)
FNDA:0,(anonymous_5)
DA:1,9
DA:5,0
DA:9,0
DA:13,0
DA:18,0
DA:19,0
DA:20,0
DA:21,0
DA:22,0
DA:23,0
DA:29,3
DA:33,0
DA:37,9
LF:13
LH:3
BRDA:19,0,0,0
BRDA:19,0,1,0
BRDA:20,1,0,0
BRDA:20,1,1,0
BRDA:21,2,0,0
BRDA:21,2,1,0
BRF:6
BRH:0
end_of_record
TN:
SF:src/repositories/GamePlayerRepository.js
FN:4,(anonymous_0)
FN:8,(anonymous_1)
FN:14,(anonymous_2)
FN:23,(anonymous_3)
FN:29,(anonymous_4)
FN:33,(anonymous_5)
FN:37,(anonymous_6)
FN:43,(anonymous_7)
FNF:8
FNH:2
FNDA:4,(anonymous_0)
FNDA:3,(anonymous_1)
FNDA:0,(anonymous_2)
FNDA:0,(anonymous_3)
FNDA:0,(anonymous_4)
FNDA:0,(anonymous_5)
FNDA:0,(anonymous_6)
FNDA:0,(anonymous_7)
DA:1,6
DA:5,4
DA:9,3
DA:15,0
DA:24,0
DA:30,0
DA:34,0
DA:38,0
DA:43,0
DA:50,6
LF:10
LH:4
BRF:0
BRH:0
end_of_record
TN:
SF:src/repositories/GameRepository.js
FN:5,(anonymous_0)
FN:9,(anonymous_1)
FN:13,(anonymous_2)
FN:30,(anonymous_3)
FN:35,(anonymous_4)
FNF:5
FNH:2
FNDA:3,(anonymous_0)
FNDA:0,(anonymous_1)
FNDA:1,(anonymous_2)
FNDA:0,(anonymous_3)
FNDA:0,(anonymous_4)
DA:1,5
DA:2,5
DA:6,3
DA:10,0
DA:14,1
DA:32,0
DA:36,0
DA:40,5
LF:8
LH:5
BRF:0
BRH:0
end_of_record
TN:
SF:src/repositories/ScoreRepository.js
FN:4,(anonymous_0)
FN:8,(anonymous_1)
FN:12,(anonymous_2)
FN:16,(anonymous_3)
FN:20,(anonymous_4)
FNF:5
FNH:0
FNDA:0,(anonymous_0)
FNDA:0,(anonymous_1)
FNDA:0,(anonymous_2)
FNDA:0,(anonymous_3)
FNDA:0,(anonymous_4)
DA:1,3
DA:5,0
DA:9,0
DA:13,0
DA:17,0
DA:21,0
DA:25,3
LF:7
LH:2
BRF:0
BRH:0
end_of_record
TN:
SF:src/repositories/UserRepository.js
FN:4,(anonymous_0)
FN:12,(anonymous_1)
FN:25,(anonymous_2)
FN:31,(anonymous_3)
FN:33,(anonymous_4)
FN:41,(anonymous_5)
FN:45,(anonymous_6)
FNF:7
FNH:0
FNDA:0,(anonymous_0)
FNDA:0,(anonymous_1)
FNDA:0,(anonymous_2)
FNDA:0,(anonymous_3)
FNDA:0,(anonymous_4)
FNDA:0,(anonymous_5)
FNDA:0,(anonymous_6)
DA:1,4
DA:5,0
DA:6,0
DA:13,0
DA:14,0
DA:15,0
DA:22,0
DA:26,0
DA:32,0
DA:33,0
DA:42,0
DA:46,0
DA:47,0
DA:51,4
LF:14
LH:2
BRDA:14,0,0,0
BRDA:14,0,1,0
BRF:2
BRH:0
end_of_record
TN:
SF:src/routes/CardRoutes.js
FNF:0
FNH:0
DA:1,2
DA:2,2
DA:3,2
DA:5,2
DA:6,2
DA:7,2
DA:8,2
DA:9,2
DA:11,2
LF:9
LH:9
BRF:0
BRH:0
end_of_record
TN:
SF:src/routes/GameRoutes.js
FNF:0
FNH:0
DA:1,2
DA:2,2
DA:3,2
DA:4,2
DA:7,2
DA:8,2
DA:9,2
DA:10,2
DA:11,2
DA:14,2
DA:15,2
DA:16,2
DA:17,2
DA:19,2
LF:14
LH:14
BRF:0
BRH:0
end_of_record
TN:
SF:src/routes/ScoreRoutes.js
FNF:0
FNH:0
DA:1,2
DA:2,2
DA:3,2
DA:6,2
DA:7,2
DA:8,2
DA:9,2
DA:10,2
DA:13,2
DA:14,2
DA:15,2
DA:17,2
LF:12
LH:12
BRF:0
BRH:0
end_of_record
TN:
SF:src/routes/UserRoutes.js
FNF:0
FNH:0
DA:1,2
DA:2,2
DA:3,2
DA:4,2
DA:5,2
DA:7,2
DA:8,2
DA:9,2
DA:10,2
DA:11,2
DA:12,2
DA:13,2
DA:14,2
DA:16,2
LF:14
LH:14
BRF:0
BRH:0
end_of_record
TN:
SF:src/routes/routes.js
FNF:0
FNH:0
DA:1,2
DA:3,2
DA:4,2
DA:5,2
DA:6,2
DA:8,2
DA:10,2
DA:11,2
DA:12,2
DA:13,2
DA:15,2
LF:11
LH:11
BRF:0
BRH:0
end_of_record
TN:
SF:src/services/AuthService.js
FN:4,(anonymous_0)
FNF:1
FNH:1
FNDA:2,(anonymous_0)
DA:1,4
DA:5,2
DA:6,2
DA:10,4
LF:4
LH:4
BRF:0
BRH:0
end_of_record
TN:
SF:src/services/CardService.js
FN:4,(anonymous_0)
FN:4,(anonymous_1)
FN:10,(anonymous_2)
FN:22,(anonymous_3)
FN:22,(anonymous_4)
FN:22,(anonymous_5)
FN:30,(anonymous_6)
FN:43,(anonymous_7)
FN:49,(anonymous_8)
FN:57,(anonymous_9)
FN:61,(anonymous_10)
FN:62,(anonymous_11)
FN:66,(anonymous_12)
FN:68,(anonymous_13)
FN:69,(anonymous_14)
FN:74,(anonymous_15)
FN:77,(anonymous_16)
FN:89,(anonymous_17)
FN:93,(anonymous_18)
FN:97,(anonymous_19)
FN:104,(anonymous_20)
FN:105,(anonymous_21)
FN:112,(anonymous_22)
FN:116,(anonymous_23)
FN:123,(anonymous_24)
FN:131,(anonymous_25)
FN:146,(anonymous_26)
FNF:27
FNH:17
FNDA:0,(anonymous_0)
FNDA:0,(anonymous_1)
FNDA:3,(anonymous_2)
FNDA:15,(anonymous_3)
FNDA:15,(anonymous_4)
FNDA:324,(anonymous_5)
FNDA:324,(anonymous_6)
FNDA:12,(anonymous_7)
FNDA:156,(anonymous_8)
FNDA:3,(anonymous_9)
FNDA:6,(anonymous_10)
FNDA:24,(anonymous_11)
FNDA:0,(anonymous_12)
FNDA:0,(anonymous_13)
FNDA:0,(anonymous_14)
FNDA:3,(anonymous_15)
FNDA:12,(anonymous_16)
FNDA:2,(anonymous_17)
FNDA:1,(anonymous_18)
FNDA:0,(anonymous_19)
FNDA:0,(anonymous_20)
FNDA:0,(anonymous_21)
FNDA:6,(anonymous_22)
FNDA:3,(anonymous_23)
FNDA:3,(anonymous_24)
FNDA:0,(anonymous_25)
FNDA:0,(anonymous_26)
DA:1,7
DA:4,7
DA:5,0
DA:6,0
DA:10,7
DA:11,3
DA:13,3
DA:14,321
DA:15,321
DA:18,3
DA:22,324
DA:30,7
DA:31,324
DA:39,324
DA:43,7
DA:44,12
DA:47,12
DA:49,12
DA:50,156
DA:57,7
DA:58,3
DA:59,3
DA:61,3
DA:62,24
DA:66,7
DA:68,0
DA:69,0
DA:75,3
DA:77,3
DA:78,12
DA:81,3
DA:83,3
DA:86,3
DA:90,2
DA:94,1
DA:98,0
DA:99,0
DA:101,0
DA:103,0
DA:104,0
DA:105,0
DA:113,6
DA:117,3
DA:118,3
DA:120,2
DA:124,3
DA:125,3
DA:127,2
DA:128,2
DA:132,0
DA:139,0
DA:143,0
DA:147,0
DA:151,7
LF:54
LH:40
BRDA:5,0,0,0
BRDA:5,0,1,0
BRDA:6,1,0,0
BRDA:6,1,1,0
BRDA:39,2,0,324
BRDA:39,2,1,228
BRDA:50,3,0,12
BRDA:50,3,1,144
BRDA:68,4,0,0
BRDA:68,4,1,0
BRDA:68,5,0,0
BRDA:68,5,1,0
BRDA:98,6,0,0
BRDA:98,6,1,0
BRDA:101,7,0,0
BRDA:101,7,1,0
BRDA:104,8,0,0
BRDA:104,8,1,0
BRDA:118,9,0,1
BRDA:118,9,1,2
BRDA:125,10,0,1
BRDA:125,10,1,2
BRF:22
BRH:8
end_of_record
TN:
SF:src/services/GameService.js
FN:10,(anonymous_0)
FN:10,(anonymous_1)
FN:16,(anonymous_2)
FN:17,(anonymous_3)
FN:22,(anonymous_4)
FN:28,(anonymous_5)
FN:47,(anonymous_6)
FN:73,(anonymous_7)
FN:77,(anonymous_8)
FN:84,(anonymous_9)
FN:102,(anonymous_10)
FN:117,(anonymous_11)
FN:133,(anonymous_12)
FN:148,(anonymous_13)
FN:192,(anonymous_14)
FN:220,(anonymous_15)
FN:230,(anonymous_16)
FN:257,(anonymous_17)
FN:282,(anonymous_18)
FN:298,(anonymous_19)
FN:325,(anonymous_20)
FN:332,(anonymous_21)
FNF:22
FNH:16
FNDA:2,(anonymous_0)
FNDA:2,(anonymous_1)
FNDA:0,(anonymous_2)
FNDA:0,(anonymous_3)
FNDA:0,(anonymous_4)
FNDA:0,(anonymous_5)
FNDA:5,(anonymous_6)
FNDA:1,(anonymous_7)
FNDA:4,(anonymous_8)
FNDA:5,(anonymous_9)
FNDA:3,(anonymous_10)
FNDA:0,(anonymous_11)
FNDA:2,(anonymous_12)
FNDA:0,(anonymous_13)
FNDA:3,(anonymous_14)
FNDA:6,(anonymous_15)
FNDA:8,(anonymous_16)
FNDA:2,(anonymous_17)
FNDA:1,(anonymous_18)
FNDA:2,(anonymous_19)
FNDA:2,(anonymous_20)
FNDA:2,(anonymous_21)
DA:1,5
DA:2,5
DA:3,5
DA:4,5
DA:10,5
DA:11,2
DA:16,5
DA:17,0
DA:22,5
DA:23,0
DA:28,5
DA:29,0
DA:31,0
DA:48,5
DA:49,1
DA:53,4
DA:60,4
DA:68,4
DA:70,4
DA:74,1
DA:78,4
DA:85,5
DA:87,5
DA:88,1
DA:91,4
DA:92,0
DA:95,4
DA:97,4
DA:98,1
DA:102,3
DA:103,3
DA:104,1
DA:107,2
DA:114,2
DA:119,0
DA:121,0
DA:122,0
DA:123,0
DA:134,2
DA:136,2
DA:137,1
DA:140,1
DA:142,1
DA:149,0
DA:151,0
DA:152,0
DA:155,0
DA:156,0
DA:159,0
DA:162,0
DA:164,0
DA:165,0
DA:172,0
DA:177,0
DA:180,0
DA:182,0
DA:193,3
DA:195,3
DA:196,0
DA:199,3
DA:200,1
DA:204,2
DA:206,2
DA:207,1
DA:212,1
DA:214,1
DA:221,6
DA:222,6
DA:224,5
DA:225,5
DA:227,4
DA:229,4
DA:230,8
DA:232,4
DA:233,2
DA:235,2
DA:242,2
DA:243,1
DA:250,2
DA:251,1
DA:254,2
DA:259,2
DA:261,2
DA:262,0
DA:265,2
DA:266,1
DA:269,1
DA:274,1
DA:275,0
DA:278,1
DA:283,1
DA:285,1
DA:286,1
DA:288,1
DA:289,1
DA:290,1
DA:291,1
DA:294,1
DA:300,2
DA:302,2
DA:303,0
DA:306,2
DA:307,1
DA:310,1
DA:314,1
DA:315,0
DA:318,1
DA:326,2
DA:327,2
DA:329,1
DA:333,2
DA:334,2
DA:336,1
DA:337,1
DA:341,5
LF:115
LH:88
BRDA:32,0,0,0
BRDA:32,0,1,0
BRDA:32,0,2,0
BRDA:36,1,0,0
BRDA:36,1,1,0
BRDA:37,2,0,0
BRDA:37,2,1,0
BRDA:38,3,0,0
BRDA:38,3,1,0
BRDA:48,4,0,1
BRDA:48,4,1,4
BRDA:87,5,0,1
BRDA:87,5,1,4
BRDA:91,6,0,0
BRDA:91,6,1,4
BRDA:97,7,0,1
BRDA:97,7,1,3
BRDA:103,8,0,1
BRDA:103,8,1,2
BRDA:136,9,0,1
BRDA:136,9,1,1
BRDA:151,10,0,0
BRDA:151,10,1,0
BRDA:155,11,0,0
BRDA:155,11,1,0
BRDA:164,12,0,0
BRDA:164,12,1,0
BRDA:195,13,0,0
BRDA:195,13,1,3
BRDA:199,14,0,1
BRDA:199,14,1,2
BRDA:206,15,0,1
BRDA:206,15,1,1
BRDA:222,16,0,1
BRDA:222,16,1,5
BRDA:225,17,0,1
BRDA:225,17,1,4
BRDA:232,18,0,2
BRDA:232,18,1,2
BRDA:232,19,0,4
BRDA:232,19,1,4
BRDA:242,20,0,1
BRDA:242,20,1,1
BRDA:250,21,0,1
BRDA:250,21,1,1
BRDA:261,22,0,0
BRDA:261,22,1,2
BRDA:265,23,0,1
BRDA:265,23,1,1
BRDA:274,24,0,0
BRDA:274,24,1,1
BRDA:289,25,0,0
BRDA:289,25,1,1
BRDA:290,26,0,0
BRDA:290,26,1,1
BRDA:302,27,0,0
BRDA:302,27,1,2
BRDA:306,28,0,1
BRDA:306,28,1,1
BRDA:314,29,0,0
BRDA:314,29,1,1
BRDA:327,30,0,1
BRDA:327,30,1,1
BRDA:334,31,0,1
BRDA:334,31,1,1
BRF:65
BRH:42
end_of_record
TN:
SF:src/services/ScoreService.js
FN:7,(anonymous_0)
FN:8,(anonymous_1)
FN:14,(anonymous_2)
FN:16,(anonymous_3)
FN:39,(anonymous_4)
FN:47,(anonymous_5)
FN:48,(anonymous_6)
FN:55,(anonymous_7)
FN:55,(anonymous_8)
FN:56,(anonymous_9)
FN:63,(anonymous_10)
FN:72,(anonymous_11)
FN:76,(anonymous_12)
FN:80,(anonymous_13)
FN:87,(anonymous_14)
FN:98,(anonymous_15)
FN:119,(anonymous_16)
FN:129,(anonymous_17)
FN:131,(anonymous_18)
FN:149,(anonymous_19)
FN:150,(anonymous_20)
FNF:21
FNH:13
FNDA:1,(anonymous_0)
FNDA:2,(anonymous_1)
FNDA:1,(anonymous_2)
FNDA:2,(anonymous_3)
FNDA:2,(anonymous_4)
FNDA:1,(anonymous_5)
FNDA:2,(anonymous_6)
FNDA:0,(anonymous_7)
FNDA:0,(anonymous_8)
FNDA:0,(anonymous_9)
FNDA:1,(anonymous_10)
FNDA:1,(anonymous_11)
FNDA:2,(anonymous_12)
FNDA:2,(anonymous_13)
FNDA:2,(anonymous_14)
FNDA:2,(anonymous_15)
FNDA:0,(anonymous_16)
FNDA:0,(anonymous_17)
FNDA:0,(anonymous_18)
FNDA:0,(anonymous_19)
FNDA:0,(anonymous_20)
DA:1,4
DA:7,4
DA:8,2
DA:14,4
DA:16,1
DA:17,2
DA:19,2
DA:20,2
DA:27,2
DA:28,2
DA:34,2
DA:38,1
DA:39,2
DA:47,1
DA:48,2
DA:55,4
DA:56,0
DA:65,1
DA:66,0
DA:69,1
DA:73,1
DA:77,2
DA:81,2
DA:82,2
DA:84,1
DA:88,2
DA:89,2
DA:91,1
DA:92,1
DA:99,2
DA:101,1
DA:102,0
DA:109,1
DA:120,0
DA:121,0
DA:123,0
DA:130,0
DA:131,0
DA:133,0
DA:134,0
DA:142,0
DA:144,0
DA:149,0
DA:150,0
DA:155,4
LF:45
LH:31
BRDA:19,0,0,2
BRDA:19,0,1,0
BRDA:65,1,0,0
BRDA:65,1,1,1
BRDA:65,2,0,1
BRDA:65,2,1,1
BRDA:65,2,2,1
BRDA:82,3,0,1
BRDA:82,3,1,1
BRDA:89,4,0,1
BRDA:89,4,1,1
BRDA:101,5,0,0
BRDA:101,5,1,1
BRDA:101,6,0,1
BRDA:101,6,1,1
BRDA:133,7,0,0
BRDA:133,7,1,0
BRF:17
BRH:12
end_of_record
TN:
SF:src/services/UserService.js
FN:7,(anonymous_0)
FN:36,(anonymous_1)
FN:40,(anonymous_2)
FN:44,(anonymous_3)
FN:48,(anonymous_4)
FN:52,(anonymous_5)
FN:71,(anonymous_6)
FNF:7
FNH:2
FNDA:4,(anonymous_0)
FNDA:0,(anonymous_1)
FNDA:0,(anonymous_2)
FNDA:0,(anonymous_3)
FNDA:0,(anonymous_4)
FNDA:0,(anonymous_5)
FNDA:2,(anonymous_6)
DA:1,4
DA:2,4
DA:3,4
DA:4,4
DA:8,4
DA:9,0
DA:12,4
DA:13,0
DA:16,4
DA:17,1
DA:20,3
DA:21,1
DA:24,2
DA:25,0
DA:28,2
DA:29,1
DA:32,1
DA:33,1
DA:37,0
DA:41,0
DA:45,0
DA:49,0
DA:53,0
DA:55,0
DA:57,0
DA:58,0
DA:60,0
DA:62,0
DA:68,0
DA:72,2
DA:73,2
DA:75,0
DA:80,4
LF:33
LH:18
BRDA:8,0,0,0
BRDA:8,0,1,4
BRDA:12,1,0,0
BRDA:12,1,1,4
BRDA:16,2,0,1
BRDA:16,2,1,3
BRDA:20,3,0,1
BRDA:20,3,1,2
BRDA:24,4,0,0
BRDA:24,4,1,2
BRDA:28,5,0,1
BRDA:28,5,1,1
BRDA:55,6,0,0
BRDA:55,6,1,0
BRDA:58,7,0,0
BRDA:58,7,1,0
BRDA:60,8,0,0
BRDA:60,8,1,0
BRF:18
BRH:9
end_of_record
TN:
SF:src/tests/utils/token.js
FN:8,generateTestToken
FNF:1
FNH:1
FNDA:4,generateTestToken
DA:1,2
DA:8,2
DA:9,4
LF:3
LH:3
BRDA:8,0,0,3
BRDA:8,1,0,3
BRDA:11,2,0,4
BRDA:11,2,1,0
BRF:4
BRH:3
end_of_record
